# JRE version: Java(TM) SE Runtime Environment (7.0_51-b13) (build 1.7.0_51-b13)
# Java VM: Java HotSpot(TM) 64-Bit Server VM (24.51-b03 mixed mode windows-amd64 compressed oops)
Heap
 PSYoungGen      total 2038784K, used 1005399K [0x0000000755500000, 0x00000007ec300000, 0x0000000800000000)
  eden space 1849856K, 44% used [0x0000000755500000,0x0000000787259868,0x00000007c6380000)
  from space 188928K, 99% used [0x00000007d6b80000,0x00000007e23fc458,0x00000007e2400000)
  to   space 270336K, 0% used [0x00000007c6380000,0x00000007c6380000,0x00000007d6b80000)
 ParOldGen       total 699392K, used 343115K [0x0000000600000000, 0x000000062ab00000, 0x0000000755500000)
  object space 699392K, 49% used [0x0000000600000000,0x0000000614f12fd8,0x000000062ab00000)
 PSPermGen       total 196608K, used 65527K [0x00000005c0000000, 0x00000005cc000000, 0x0000000600000000)
  object space 196608K, 33% used [0x00000005c0000000,0x00000005c3ffde38,0x00000005cc000000)
GC Heap History (10 events):
Event: 7.462 GC heap before
{Heap before GC invocations=5 (full 1):
 PSYoungGen      total 306176K, used 262656K [0x0000000755500000, 0x000000077ab00000, 0x0000000800000000)
  eden space 262656K, 100% used [0x0000000755500000,0x0000000765580000,0x0000000765580000)
  from space 43520K, 0% used [0x0000000765580000,0x0000000765580000,0x0000000768000000)
  to   space 43520K, 0% used [0x0000000778080000,0x0000000778080000,0x000000077ab00000)
 ParOldGen       total 699392K, used 42644K [0x0000000600000000, 0x000000062ab00000, 0x0000000755500000)
  object space 699392K, 6% used [0x0000000600000000,0x00000006029a5338,0x000000062ab00000)
 PSPermGen       total 196608K, used 43330K [0x00000005c0000000, 0x00000005cc000000, 0x0000000600000000)
  object space 196608K, 22% used [0x00000005c0000000,0x00000005c2a50a18,0x00000005cc000000)
Event: 7.482 GC heap after
Heap after GC invocations=5 (full 1):
 PSYoungGen      total 568832K, used 26280K [0x0000000755500000, 0x000000077ab00000, 0x0000000800000000)
  eden space 525312K, 0% used [0x0000000755500000,0x0000000755500000,0x0000000775600000)
  from space 43520K, 60% used [0x0000000778080000,0x0000000779a2a0b8,0x000000077ab00000)
  to   space 43520K, 0% used [0x0000000775600000,0x0000000775600000,0x0000000778080000)
 ParOldGen       total 699392K, used 42652K [0x0000000600000000, 0x000000062ab00000, 0x0000000755500000)
  object space 699392K, 6% used [0x0000000600000000,0x00000006029a7338,0x000000062ab00000)
 PSPermGen       total 196608K, used 43330K [0x00000005c0000000, 0x00000005cc000000, 0x0000000600000000)
  object space 196608K, 22% used [0x00000005c0000000,0x00000005c2a50a18,0x00000005cc000000)
}
Event: 10.940 GC heap before
{Heap before GC invocations=6 (full 1):
 PSYoungGen      total 568832K, used 551592K [0x0000000755500000, 0x000000077ab00000, 0x0000000800000000)
  eden space 525312K, 100% used [0x0000000755500000,0x0000000775600000,0x0000000775600000)
  from space 43520K, 60% used [0x0000000778080000,0x0000000779a2a0b8,0x000000077ab00000)
  to   space 43520K, 0% used [0x0000000775600000,0x0000000775600000,0x0000000778080000)
 ParOldGen       total 699392K, used 42652K [0x0000000600000000, 0x000000062ab00000, 0x0000000755500000)
  object space 699392K, 6% used [0x0000000600000000,0x00000006029a7338,0x000000062ab00000)
 PSPermGen       total 196608K, used 56901K [0x00000005c0000000, 0x00000005cc000000, 0x0000000600000000)
  object space 196608K, 28% used [0x00000005c0000000,0x00000005c37914e0,0x00000005cc000000)
Event: 10.994 GC heap after
Heap after GC invocations=6 (full 1):
 PSYoungGen      total 568832K, used 43508K [0x0000000755500000, 0x000000079ac00000, 0x0000000800000000)
  eden space 525312K, 0% used [0x0000000755500000,0x0000000755500000,0x0000000775600000)
  from space 43520K, 99% used [0x0000000775600000,0x000000077807d278,0x0000000778080000)
  to   space 43520K, 0% used [0x0000000798180000,0x0000000798180000,0x000000079ac00000)
 ParOldGen       total 699392K, used 78751K [0x0000000600000000, 0x000000062ab00000, 0x0000000755500000)
  object space 699392K, 11% used [0x0000000600000000,0x0000000604ce7f98,0x000000062ab00000)
 PSPermGen       total 196608K, used 56901K [0x00000005c0000000, 0x00000005cc000000, 0x0000000600000000)
  object space 196608K, 28% used [0x00000005c0000000,0x00000005c37914e0,0x00000005cc000000)
}
Event: 11.327 GC heap before
{Heap before GC invocations=7 (full 1):
 PSYoungGen      total 568832K, used 568820K [0x0000000755500000, 0x000000079ac00000, 0x0000000800000000)
  eden space 525312K, 100% used [0x0000000755500000,0x0000000775600000,0x0000000775600000)
  from space 43520K, 99% used [0x0000000775600000,0x000000077807d278,0x0000000778080000)
  to   space 43520K, 0% used [0x0000000798180000,0x0000000798180000,0x000000079ac00000)
 ParOldGen       total 699392K, used 78751K [0x0000000600000000, 0x000000062ab00000, 0x0000000755500000)
  object space 699392K, 11% used [0x0000000600000000,0x0000000604ce7f98,0x000000062ab00000)
 PSPermGen       total 196608K, used 57208K [0x00000005c0000000, 0x00000005cc000000, 0x0000000600000000)
  object space 196608K, 29% used [0x00000005c0000000,0x00000005c37de068,0x00000005cc000000)
Event: 11.410 GC heap after
Heap after GC invocations=7 (full 1):
 PSYoungGen      total 1009152K, used 43495K [0x0000000755500000, 0x00000007a5200000, 0x0000000800000000)
  eden space 965632K, 0% used [0x0000000755500000,0x0000000755500000,0x0000000790400000)
  from space 43520K, 99% used [0x0000000798180000,0x000000079abf9ea8,0x000000079ac00000)
  to   space 128512K, 0% used [0x0000000790400000,0x0000000790400000,0x0000000798180000)
 ParOldGen       total 699392K, used 172627K [0x0000000600000000, 0x000000062ab00000, 0x0000000755500000)
  object space 699392K, 24% used [0x0000000600000000,0x000000060a894fc8,0x000000062ab00000)
 PSPermGen       total 196608K, used 57208K [0x00000005c0000000, 0x00000005cc000000, 0x0000000600000000)
  object space 196608K, 29% used [0x00000005c0000000,0x00000005c37de068,0x00000005cc000000)
}
Event: 12.035 GC heap before
{Heap before GC invocations=8 (full 1):
 PSYoungGen      total 1009152K, used 1009127K [0x0000000755500000, 0x00000007a5200000, 0x0000000800000000)
  eden space 965632K, 100% used [0x0000000755500000,0x0000000790400000,0x0000000790400000)
  from space 43520K, 99% used [0x0000000798180000,0x000000079abf9ea8,0x000000079ac00000)
  to   space 128512K, 0% used [0x0000000790400000,0x0000000790400000,0x0000000798180000)
 ParOldGen       total 699392K, used 172627K [0x0000000600000000, 0x000000062ab00000, 0x0000000755500000)
  object space 699392K, 24% used [0x0000000600000000,0x000000060a894fc8,0x000000062ab00000)
 PSPermGen       total 196608K, used 57662K [0x00000005c0000000, 0x00000005cc000000, 0x0000000600000000)
  object space 196608K, 29% used [0x00000005c0000000,0x00000005c384f900,0x00000005cc000000)
Event: 12.163 GC heap after
Heap after GC invocations=8 (full 1):
 PSYoungGen      total 1094144K, used 128506K [0x0000000755500000, 0x00000007e2400000, 0x0000000800000000)
  eden space 965632K, 0% used [0x0000000755500000,0x0000000755500000,0x0000000790400000)
  from space 128512K, 99% used [0x0000000790400000,0x000000079817e8b8,0x0000000798180000)
  to   space 188928K, 0% used [0x00000007d6b80000,0x00000007d6b80000,0x00000007e2400000)
 ParOldGen       total 699392K, used 239403K [0x0000000600000000, 0x000000062ab00000, 0x0000000755500000)
  object space 699392K, 34% used [0x0000000600000000,0x000000060e9cafd8,0x000000062ab00000)
 PSPermGen       total 196608K, used 57662K [0x00000005c0000000, 0x00000005cc000000, 0x0000000600000000)
  object space 196608K, 29% used [0x00000005c0000000,0x00000005c384f900,0x00000005cc000000)
}
Event: 12.729 GC heap before
{Heap before GC invocations=9 (full 1):
 PSYoungGen      total 1094144K, used 1094138K [0x0000000755500000, 0x00000007e2400000, 0x0000000800000000)
  eden space 965632K, 100% used [0x0000000755500000,0x0000000790400000,0x0000000790400000)
  from space 128512K, 99% used [0x0000000790400000,0x000000079817e8b8,0x0000000798180000)
  to   space 188928K, 0% used [0x00000007d6b80000,0x00000007d6b80000,0x00000007e2400000)
 ParOldGen       total 699392K, used 239403K [0x0000000600000000, 0x000000062ab00000, 0x0000000755500000)
  object space 699392K, 34% used [0x0000000600000000,0x000000060e9cafd8,0x000000062ab00000)
 PSPermGen       total 196608K, used 57663K [0x00000005c0000000, 0x00000005cc000000, 0x0000000600000000)
  object space 196608K, 29% used [0x00000005c0000000,0x00000005c384fed8,0x00000005cc000000)
Event: 12.890 GC heap after
Heap after GC invocations=9 (full 1):
 PSYoungGen      total 2038784K, used 188913K [0x0000000755500000, 0x00000007ec300000, 0x0000000800000000)
  eden space 1849856K, 0% used [0x0000000755500000,0x0000000755500000,0x00000007c6380000)
  from space 188928K, 99% used [0x00000007d6b80000,0x00000007e23fc458,0x00000007e2400000)
  to   space 270336K, 0% used [0x00000007c6380000,0x00000007c6380000,0x00000007d6b80000)
 ParOldGen       total 699392K, used 343115K [0x0000000600000000, 0x000000062ab00000, 0x0000000755500000)
  object space 699392K, 49% used [0x0000000600000000,0x0000000614f12fd8,0x000000062ab00000)
 PSPermGen       total 196608K, used 57663K [0x00000005c0000000, 0x00000005cc000000, 0x0000000600000000)
  object space 196608K, 29% used [0x00000005c0000000,0x00000005c384fed8,0x00000005cc000000)
}

