# JRE version: Java(TM) SE Runtime Environment (7.0_67-b01) (build 1.7.0_67-b01)
# Java VM: Java HotSpot(TM) 64-Bit Server VM (24.65-b04 mixed mode bsd-amd64 )
Heap
 PSYoungGen      total 8371200K, used 1428344K [0x00000006a6f00000, 0x0000000942880000, 0x0000000951a00000)
  eden space 5916672K, 1% used [0x00000006a6f00000,0x00000006ac87e428,0x0000000810100000)
  from space 2454528K, 54% used [0x0000000810100000,0x0000000861a5fc20,0x00000008a5e00000)
  to   space 2349568K, 0% used [0x00000008b3200000,0x00000008b3200000,0x0000000942880000)
 ParOldGen       total 16025088K, used 11303269K [0x0000000151a00000, 0x0000000523b80000, 0x00000006a6f00000)
  object space 16025088K, 70% used [0x0000000151a00000,0x00000004038594e0,0x0000000523b80000)
 PSPermGen       total 196608K, used 65229K [0x0000000111a00000, 0x000000011da00000, 0x0000000151a00000)
  object space 196608K, 33% used [0x0000000111a00000,0x00000001159b36b0,0x000000011da00000)
GC Heap History (10 events):
Event: 5287.498 GC heap before
{Heap before GC invocations=86 (full 21):
 PSYoungGen      total 7809536K, used 4865536K [0x00000006a6f00000, 0x000000093cd80000, 0x0000000951a00000)
  eden space 4865536K, 100% used [0x00000006a6f00000,0x00000007cfe80000,0x00000007cfe80000)
  from space 2944000K, 0% used [0x00000007cfe80000,0x00000007cfe80000,0x0000000883980000)
  to   space 2802176K, 0% used [0x0000000891d00000,0x0000000891d00000,0x000000093cd80000)
 ParOldGen       total 15846400K, used 11429192K [0x0000000151a00000, 0x0000000518d00000, 0x00000006a6f00000)
  object space 15846400K, 72% used [0x0000000151a00000,0x000000040b3521d0,0x0000000518d00000)
 PSPermGen       total 196608K, used 65189K [0x0000000111a00000, 0x000000011da00000, 0x0000000151a00000)
  object space 196608K, 33% used [0x0000000111a00000,0x00000001159a9728,0x000000011da00000)
Event: 5287.808 GC heap after
Heap after GC invocations=86 (full 21):
 PSYoungGen      total 8071168K, used 1282096K [0x00000006a6f00000, 0x0000000936a80000, 0x0000000951a00000)
  eden space 5370368K, 0% used [0x00000006a6f00000,0x00000006a6f00000,0x00000007eeb80000)
  from space 2700800K, 47% used [0x0000000891d00000,0x00000008e010c1a0,0x0000000936a80000)
  to   space 2672128K, 0% used [0x00000007eeb80000,0x00000007eeb80000,0x0000000891d00000)
 ParOldGen       total 15846400K, used 11429192K [0x0000000151a00000, 0x0000000518d00000, 0x00000006a6f00000)
  object space 15846400K, 72% used [0x0000000151a00000,0x000000040b3521d0,0x0000000518d00000)
 PSPermGen       total 196608K, used 65189K [0x0000000111a00000, 0x000000011da00000, 0x0000000151a00000)
  object space 196608K, 33% used [0x0000000111a00000,0x00000001159a9728,0x000000011da00000)
}
Event: 5302.874 GC heap before
{Heap before GC invocations=87 (full 21):
 PSYoungGen      total 8071168K, used 6652464K [0x00000006a6f00000, 0x0000000936a80000, 0x0000000951a00000)
  eden space 5370368K, 100% used [0x00000006a6f00000,0x00000007eeb80000,0x00000007eeb80000)
  from space 2700800K, 47% used [0x0000000891d00000,0x00000008e010c1a0,0x0000000936a80000)
  to   space 2672128K, 0% used [0x00000007eeb80000,0x00000007eeb80000,0x0000000891d00000)
 ParOldGen       total 15846400K, used 11429192K [0x0000000151a00000, 0x0000000518d00000, 0x00000006a6f00000)
  object space 15846400K, 72% used [0x0000000151a00000,0x000000040b3521d0,0x0000000518d00000)
 PSPermGen       total 196608K, used 65190K [0x0000000111a00000, 0x000000011da00000, 0x0000000151a00000)
  object space 196608K, 33% used [0x0000000111a00000,0x00000001159a9838,0x000000011da00000)
Event: 5303.366 GC heap after
Heap after GC invocations=87 (full 21):
 PSYoungGen      total 8042496K, used 1404835K [0x00000006a6f00000, 0x0000000942100000, 0x0000000951a00000)
  eden space 5370368K, 0% used [0x00000006a6f00000,0x00000006a6f00000,0x00000007eeb80000)
  from space 2672128K, 52% used [0x00000007eeb80000,0x0000000844768d38,0x0000000891d00000)
  to   space 2558976K, 0% used [0x00000008a5e00000,0x00000008a5e00000,0x0000000942100000)
 ParOldGen       total 15846400K, used 12551462K [0x0000000151a00000, 0x0000000518d00000, 0x00000006a6f00000)
  object space 15846400K, 79% used [0x0000000151a00000,0x000000044fb49970,0x0000000518d00000)
 PSPermGen       total 196608K, used 65190K [0x0000000111a00000, 0x000000011da00000, 0x0000000151a00000)
  object space 196608K, 33% used [0x0000000111a00000,0x00000001159a9838,0x000000011da00000)
}
Event: 5324.035 GC heap before
{Heap before GC invocations=88 (full 21):
 PSYoungGen      total 8042496K, used 6775203K [0x00000006a6f00000, 0x0000000942100000, 0x0000000951a00000)
  eden space 5370368K, 100% used [0x00000006a6f00000,0x00000007eeb80000,0x00000007eeb80000)
  from space 2672128K, 52% used [0x00000007eeb80000,0x0000000844768d38,0x0000000891d00000)
  to   space 2558976K, 0% used [0x00000008a5e00000,0x00000008a5e00000,0x0000000942100000)
 ParOldGen       total 15846400K, used 12551462K [0x0000000151a00000, 0x0000000518d00000, 0x00000006a6f00000)
  object space 15846400K, 79% used [0x0000000151a00000,0x000000044fb49970,0x0000000518d00000)
 PSPermGen       total 196608K, used 65190K [0x0000000111a00000, 0x000000011da00000, 0x0000000151a00000)
  object space 196608K, 33% used [0x0000000111a00000,0x00000001159a9838,0x000000011da00000)
Event: 5324.523 GC heap after
Heap after GC invocations=88 (full 21):
 PSYoungGen      total 8408576K, used 1400416K [0x00000006a6f00000, 0x000000093df80000, 0x0000000951a00000)
  eden space 5916672K, 0% used [0x00000006a6f00000,0x00000006a6f00000,0x0000000810100000)
  from space 2491904K, 56% used [0x00000008a5e00000,0x00000008fb598050,0x000000093df80000)
  to   space 2454528K, 0% used [0x0000000810100000,0x0000000810100000,0x00000008a5e00000)
 ParOldGen       total 15846400K, used 13783288K [0x0000000151a00000, 0x0000000518d00000, 0x00000006a6f00000)
  object space 15846400K, 86% used [0x0000000151a00000,0x000000049ae3e370,0x0000000518d00000)
 PSPermGen       total 196608K, used 65190K [0x0000000111a00000, 0x000000011da00000, 0x0000000151a00000)
  object space 196608K, 33% used [0x0000000111a00000,0x00000001159a9838,0x000000011da00000)
}
Event: 5324.523 GC heap before
{Heap before GC invocations=89 (full 22):
 PSYoungGen      total 8408576K, used 1400416K [0x00000006a6f00000, 0x000000093df80000, 0x0000000951a00000)
  eden space 5916672K, 0% used [0x00000006a6f00000,0x00000006a6f00000,0x0000000810100000)
  from space 2491904K, 56% used [0x00000008a5e00000,0x00000008fb598050,0x000000093df80000)
  to   space 2454528K, 0% used [0x0000000810100000,0x0000000810100000,0x00000008a5e00000)
 ParOldGen       total 15846400K, used 13783288K [0x0000000151a00000, 0x0000000518d00000, 0x00000006a6f00000)
  object space 15846400K, 86% used [0x0000000151a00000,0x000000049ae3e370,0x0000000518d00000)
 PSPermGen       total 196608K, used 65190K [0x0000000111a00000, 0x000000011da00000, 0x0000000151a00000)
  object space 196608K, 33% used [0x0000000111a00000,0x00000001159a9838,0x000000011da00000)
Event: 5326.136 GC heap after
Heap after GC invocations=89 (full 22):
 PSYoungGen      total 8408576K, used 0K [0x00000006a6f00000, 0x000000093df80000, 0x0000000951a00000)
  eden space 5916672K, 0% used [0x00000006a6f00000,0x00000006a6f00000,0x0000000810100000)
  from space 2491904K, 0% used [0x00000008a5e00000,0x00000008a5e00000,0x000000093df80000)
  to   space 2454528K, 0% used [0x0000000810100000,0x0000000810100000,0x00000008a5e00000)
 ParOldGen       total 16025088K, used 11303269K [0x0000000151a00000, 0x0000000523b80000, 0x00000006a6f00000)
  object space 16025088K, 70% used [0x0000000151a00000,0x00000004038594e0,0x0000000523b80000)
 PSPermGen       total 196608K, used 65190K [0x0000000111a00000, 0x000000011da00000, 0x0000000151a00000)
  object space 196608K, 33% used [0x0000000111a00000,0x00000001159a9838,0x000000011da00000)
}
Event: 7760.351 GC heap before
{Heap before GC invocations=90 (full 22):
 PSYoungGen      total 8408576K, used 5916672K [0x00000006a6f00000, 0x000000093df80000, 0x0000000951a00000)
  eden space 5916672K, 100% used [0x00000006a6f00000,0x0000000810100000,0x0000000810100000)
  from space 2491904K, 0% used [0x00000008a5e00000,0x00000008a5e00000,0x000000093df80000)
  to   space 2454528K, 0% used [0x0000000810100000,0x0000000810100000,0x00000008a5e00000)
 ParOldGen       total 16025088K, used 11303269K [0x0000000151a00000, 0x0000000523b80000, 0x00000006a6f00000)
  object space 16025088K, 70% used [0x0000000151a00000,0x00000004038594e0,0x0000000523b80000)
 PSPermGen       total 196608K, used 65229K [0x0000000111a00000, 0x000000011da00000, 0x0000000151a00000)
  object space 196608K, 33% used [0x0000000111a00000,0x00000001159b36b0,0x000000011da00000)
Event: 7760.664 GC heap after
Heap after GC invocations=90 (full 22):
 PSYoungGen      total 8371200K, used 1336703K [0x00000006a6f00000, 0x0000000942880000, 0x0000000951a00000)
  eden space 5916672K, 0% used [0x00000006a6f00000,0x00000006a6f00000,0x0000000810100000)
  from space 2454528K, 54% used [0x0000000810100000,0x0000000861a5fc20,0x00000008a5e00000)
  to   space 2349568K, 0% used [0x00000008b3200000,0x00000008b3200000,0x0000000942880000)
 ParOldGen       total 16025088K, used 11303269K [0x0000000151a00000, 0x0000000523b80000, 0x00000006a6f00000)
  object space 16025088K, 70% used [0x0000000151a00000,0x00000004038594e0,0x0000000523b80000)
 PSPermGen       total 196608K, used 65229K [0x0000000111a00000, 0x000000011da00000, 0x0000000151a00000)
  object space 196608K, 33% used [0x0000000111a00000,0x00000001159b36b0,0x000000011da00000)
}

