# JRE version: Java(TM) SE Runtime Environment (7.0_67-b01) (build 1.7.0_67-b01)
# Java VM: Java HotSpot(TM) 64-Bit Server VM (24.65-b04 mixed mode bsd-amd64 )
Heap
 PSYoungGen      total 7969280K, used 1236080K [0x00000006a4100000, 0x0000000941d00000, 0x000000094ec00000)
  eden space 5315072K, 0% used [0x00000006a4100000,0x00000006a46432f8,0x00000007e8780000)
  from space 2654208K, 46% used [0x00000007e8780000,0x0000000833959050,0x000000088a780000)
  to   space 2524160K, 0% used [0x00000008a7c00000,0x00000008a7c00000,0x0000000941d00000)
 ParOldGen       total 13353984K, used 10253519K [0x000000014ec00000, 0x000000047dd00000, 0x00000006a4100000)
  object space 13353984K, 76% used [0x000000014ec00000,0x00000003c0933e48,0x000000047dd00000)
 PSPermGen       total 196608K, used 63086K [0x000000010ec00000, 0x000000011ac00000, 0x000000014ec00000)
  object space 196608K, 32% used [0x000000010ec00000,0x000000011299bbe8,0x000000011ac00000)
GC Heap History (10 events):
Event: 208.842 GC heap before
{Heap before GC invocations=37 (full 11):
 PSYoungGen      total 7692288K, used 1086171K [0x00000006a4100000, 0x000000092e280000, 0x000000094ec00000)
  eden space 4684800K, 0% used [0x00000006a4100000,0x00000006a4100000,0x00000007c2000000)
  from space 3007488K, 36% used [0x0000000876980000,0x00000008b8e36e48,0x000000092e280000)
  to   space 2958848K, 0% used [0x00000007c2000000,0x00000007c2000000,0x0000000876980000)
 ParOldGen       total 13437952K, used 11288878K [0x000000014ec00000, 0x0000000482f00000, 0x00000006a4100000)
  object space 13437952K, 84% used [0x000000014ec00000,0x00000003ffc4ba68,0x0000000482f00000)
 PSPermGen       total 196608K, used 62800K [0x000000010ec00000, 0x000000011ac00000, 0x000000014ec00000)
  object space 196608K, 31% used [0x000000010ec00000,0x00000001129543c0,0x000000011ac00000)
Event: 210.268 GC heap after
Heap after GC invocations=37 (full 11):
 PSYoungGen      total 7692288K, used 0K [0x00000006a4100000, 0x000000092e280000, 0x000000094ec00000)
  eden space 4684800K, 0% used [0x00000006a4100000,0x00000006a4100000,0x00000007c2000000)
  from space 3007488K, 0% used [0x0000000876980000,0x0000000876980000,0x000000092e280000)
  to   space 2958848K, 0% used [0x00000007c2000000,0x00000007c2000000,0x0000000876980000)
 ParOldGen       total 13112832K, used 10054154K [0x000000014ec00000, 0x000000046f180000, 0x00000006a4100000)
  object space 13112832K, 76% used [0x000000014ec00000,0x00000003b4682b98,0x000000046f180000)
 PSPermGen       total 196608K, used 62800K [0x000000010ec00000, 0x000000011ac00000, 0x000000014ec00000)
  object space 196608K, 31% used [0x000000010ec00000,0x0000000112954320,0x000000011ac00000)
}
Event: 220.924 GC heap before
{Heap before GC invocations=38 (full 11):
 PSYoungGen      total 7692288K, used 4684414K [0x00000006a4100000, 0x000000092e280000, 0x000000094ec00000)
  eden space 4684800K, 99% used [0x00000006a4100000,0x00000007c1f9fb08,0x00000007c2000000)
  from space 3007488K, 0% used [0x0000000876980000,0x0000000876980000,0x000000092e280000)
  to   space 2958848K, 0% used [0x00000007c2000000,0x00000007c2000000,0x0000000876980000)
 ParOldGen       total 13112832K, used 10054154K [0x000000014ec00000, 0x000000046f180000, 0x00000006a4100000)
  object space 13112832K, 76% used [0x000000014ec00000,0x00000003b4682b98,0x000000046f180000)
 PSPermGen       total 196608K, used 62802K [0x000000010ec00000, 0x000000011ac00000, 0x000000014ec00000)
  object space 196608K, 31% used [0x000000010ec00000,0x0000000112954bc0,0x000000011ac00000)
Event: 221.210 GC heap after
Heap after GC invocations=38 (full 11):
 PSYoungGen      total 7643648K, used 1240976K [0x00000006a4100000, 0x0000000938380000, 0x000000094ec00000)
  eden space 4684800K, 0% used [0x00000006a4100000,0x00000006a4100000,0x00000007c2000000)
  from space 2958848K, 41% used [0x00000007c2000000,0x000000080dbe4388,0x0000000876980000)
  to   space 2798592K, 0% used [0x000000088d680000,0x000000088d680000,0x0000000938380000)
 ParOldGen       total 13112832K, used 10054154K [0x000000014ec00000, 0x000000046f180000, 0x00000006a4100000)
  object space 13112832K, 76% used [0x000000014ec00000,0x00000003b4682b98,0x000000046f180000)
 PSPermGen       total 196608K, used 62802K [0x000000010ec00000, 0x000000011ac00000, 0x000000014ec00000)
  object space 196608K, 31% used [0x000000010ec00000,0x0000000112954bc0,0x000000011ac00000)
}
Event: 234.404 GC heap before
{Heap before GC invocations=39 (full 11):
 PSYoungGen      total 7643648K, used 5925776K [0x00000006a4100000, 0x0000000938380000, 0x000000094ec00000)
  eden space 4684800K, 100% used [0x00000006a4100000,0x00000007c2000000,0x00000007c2000000)
  from space 2958848K, 41% used [0x00000007c2000000,0x000000080dbe4388,0x0000000876980000)
  to   space 2798592K, 0% used [0x000000088d680000,0x000000088d680000,0x0000000938380000)
 ParOldGen       total 13112832K, used 10054154K [0x000000014ec00000, 0x000000046f180000, 0x00000006a4100000)
  object space 13112832K, 76% used [0x000000014ec00000,0x00000003b4682b98,0x000000046f180000)
 PSPermGen       total 196608K, used 62815K [0x000000010ec00000, 0x000000011ac00000, 0x000000014ec00000)
  object space 196608K, 31% used [0x000000010ec00000,0x0000000112957c40,0x000000011ac00000)
Event: 234.832 GC heap after
Heap after GC invocations=39 (full 11):
 PSYoungGen      total 7921152K, used 1235636K [0x00000006a4100000, 0x000000092c780000, 0x000000094ec00000)
  eden space 5315072K, 0% used [0x00000006a4100000,0x00000006a4100000,0x00000007e8780000)
  from space 2606080K, 47% used [0x000000088d680000,0x00000008d8d2d320,0x000000092c780000)
  to   space 2654208K, 0% used [0x00000007e8780000,0x00000007e8780000,0x000000088a780000)
 ParOldGen       total 13112832K, used 11138540K [0x000000014ec00000, 0x000000046f180000, 0x00000006a4100000)
  object space 13112832K, 84% used [0x000000014ec00000,0x00000003f697b278,0x000000046f180000)
 PSPermGen       total 196608K, used 62815K [0x000000010ec00000, 0x000000011ac00000, 0x000000014ec00000)
  object space 196608K, 31% used [0x000000010ec00000,0x0000000112957c40,0x000000011ac00000)
}
Event: 234.832 GC heap before
{Heap before GC invocations=40 (full 12):
 PSYoungGen      total 7921152K, used 1235636K [0x00000006a4100000, 0x000000092c780000, 0x000000094ec00000)
  eden space 5315072K, 0% used [0x00000006a4100000,0x00000006a4100000,0x00000007e8780000)
  from space 2606080K, 47% used [0x000000088d680000,0x00000008d8d2d320,0x000000092c780000)
  to   space 2654208K, 0% used [0x00000007e8780000,0x00000007e8780000,0x000000088a780000)
 ParOldGen       total 13112832K, used 11138540K [0x000000014ec00000, 0x000000046f180000, 0x00000006a4100000)
  object space 13112832K, 84% used [0x000000014ec00000,0x00000003f697b278,0x000000046f180000)
 PSPermGen       total 196608K, used 62815K [0x000000010ec00000, 0x000000011ac00000, 0x000000014ec00000)
  object space 196608K, 31% used [0x000000010ec00000,0x0000000112957c40,0x000000011ac00000)
Event: 236.220 GC heap after
Heap after GC invocations=40 (full 12):
 PSYoungGen      total 7921152K, used 0K [0x00000006a4100000, 0x000000092c780000, 0x000000094ec00000)
  eden space 5315072K, 0% used [0x00000006a4100000,0x00000006a4100000,0x00000007e8780000)
  from space 2606080K, 0% used [0x000000088d680000,0x000000088d680000,0x000000092c780000)
  to   space 2654208K, 0% used [0x00000007e8780000,0x00000007e8780000,0x000000088a780000)
 ParOldGen       total 13353984K, used 10253519K [0x000000014ec00000, 0x000000047dd00000, 0x00000006a4100000)
  object space 13353984K, 76% used [0x000000014ec00000,0x00000003c0933e48,0x000000047dd00000)
 PSPermGen       total 196608K, used 62814K [0x000000010ec00000, 0x000000011ac00000, 0x000000014ec00000)
  object space 196608K, 31% used [0x000000010ec00000,0x0000000112957be0,0x000000011ac00000)
}
Event: 2322.167 GC heap before
{Heap before GC invocations=41 (full 12):
 PSYoungGen      total 7921152K, used 5315072K [0x00000006a4100000, 0x000000092c780000, 0x000000094ec00000)
  eden space 5315072K, 100% used [0x00000006a4100000,0x00000007e8780000,0x00000007e8780000)
  from space 2606080K, 0% used [0x000000088d680000,0x000000088d680000,0x000000092c780000)
  to   space 2654208K, 0% used [0x00000007e8780000,0x00000007e8780000,0x000000088a780000)
 ParOldGen       total 13353984K, used 10253519K [0x000000014ec00000, 0x000000047dd00000, 0x00000006a4100000)
  object space 13353984K, 76% used [0x000000014ec00000,0x00000003c0933e48,0x000000047dd00000)
 PSPermGen       total 196608K, used 63086K [0x000000010ec00000, 0x000000011ac00000, 0x000000014ec00000)
  object space 196608K, 32% used [0x000000010ec00000,0x000000011299bbe8,0x000000011ac00000)
Event: 2322.452 GC heap after
Heap after GC invocations=41 (full 12):
 PSYoungGen      total 7969280K, used 1230692K [0x00000006a4100000, 0x0000000941d00000, 0x000000094ec00000)
  eden space 5315072K, 0% used [0x00000006a4100000,0x00000006a4100000,0x00000007e8780000)
  from space 2654208K, 46% used [0x00000007e8780000,0x0000000833959050,0x000000088a780000)
  to   space 2524160K, 0% used [0x00000008a7c00000,0x00000008a7c00000,0x0000000941d00000)
 ParOldGen       total 13353984K, used 10253519K [0x000000014ec00000, 0x000000047dd00000, 0x00000006a4100000)
  object space 13353984K, 76% used [0x000000014ec00000,0x00000003c0933e48,0x000000047dd00000)
 PSPermGen       total 196608K, used 63086K [0x000000010ec00000, 0x000000011ac00000, 0x000000014ec00000)
  object space 196608K, 32% used [0x000000010ec00000,0x000000011299bbe8,0x000000011ac00000)
}

