# JRE version: Java(TM) SE Runtime Environment (7.0_51-b13) (build 1.7.0_51-b13)
# Java VM: Java HotSpot(TM) 64-Bit Server VM (24.51-b03 mixed mode windows-amd64 compressed oops)
Heap
 PSYoungGen      total 2119680K, used 725419K [0x0000000755500000, 0x0000000800000000, 0x0000000800000000)
  eden space 1857024K, 39% used [0x0000000755500000,0x000000078196ac60,0x00000007c6a80000)
  from space 262656K, 0% used [0x00000007c6a80000,0x00000007c6a80000,0x00000007d6b00000)
  to   space 401920K, 0% used [0x00000007e7780000,0x00000007e7780000,0x0000000800000000)
 ParOldGen       total 804352K, used 317407K [0x0000000600000000, 0x0000000631180000, 0x0000000755500000)
  object space 804352K, 39% used [0x0000000600000000,0x00000006135f7f00,0x0000000631180000)
 PSPermGen       total 196608K, used 67657K [0x00000005c0000000, 0x00000005cc000000, 0x0000000600000000)
  object space 196608K, 34% used [0x00000005c0000000,0x00000005c42127b8,0x00000005cc000000)
GC Heap History (10 events):
Event: 14.503 GC heap before
{Heap before GC invocations=7 (full 1):
 PSYoungGen      total 568832K, used 568824K [0x0000000755500000, 0x000000079ac00000, 0x0000000800000000)
  eden space 525312K, 100% used [0x0000000755500000,0x0000000775600000,0x0000000775600000)
  from space 43520K, 99% used [0x0000000775600000,0x000000077807e350,0x0000000778080000)
  to   space 43520K, 0% used [0x0000000798180000,0x0000000798180000,0x000000079ac00000)
 ParOldGen       total 699392K, used 92629K [0x0000000600000000, 0x000000062ab00000, 0x0000000755500000)
  object space 699392K, 13% used [0x0000000600000000,0x0000000605a75708,0x000000062ab00000)
 PSPermGen       total 196608K, used 59339K [0x00000005c0000000, 0x00000005cc000000, 0x0000000600000000)
  object space 196608K, 30% used [0x00000005c0000000,0x00000005c39f2c80,0x00000005cc000000)
Event: 14.589 GC heap after
Heap after GC invocations=7 (full 1):
 PSYoungGen      total 1010176K, used 43493K [0x0000000755500000, 0x00000007a5000000, 0x0000000800000000)
  eden space 966656K, 0% used [0x0000000755500000,0x0000000755500000,0x0000000790500000)
  from space 43520K, 99% used [0x0000000798180000,0x000000079abf9530,0x000000079ac00000)
  to   space 127488K, 0% used [0x0000000790500000,0x0000000790500000,0x0000000798180000)
 ParOldGen       total 699392K, used 172730K [0x0000000600000000, 0x000000062ab00000, 0x0000000755500000)
  object space 699392K, 24% used [0x0000000600000000,0x000000060a8aeb30,0x000000062ab00000)
 PSPermGen       total 196608K, used 59339K [0x00000005c0000000, 0x00000005cc000000, 0x0000000600000000)
  object space 196608K, 30% used [0x00000005c0000000,0x00000005c39f2c80,0x00000005cc000000)
}
Event: 21.562 GC heap before
{Heap before GC invocations=8 (full 1):
 PSYoungGen      total 1010176K, used 1010149K [0x0000000755500000, 0x00000007a5000000, 0x0000000800000000)
  eden space 966656K, 100% used [0x0000000755500000,0x0000000790500000,0x0000000790500000)
  from space 43520K, 99% used [0x0000000798180000,0x000000079abf9530,0x000000079ac00000)
  to   space 127488K, 0% used [0x0000000790500000,0x0000000790500000,0x0000000798180000)
 ParOldGen       total 699392K, used 172730K [0x0000000600000000, 0x000000062ab00000, 0x0000000755500000)
  object space 699392K, 24% used [0x0000000600000000,0x000000060a8aeb30,0x000000062ab00000)
 PSPermGen       total 196608K, used 62662K [0x00000005c0000000, 0x00000005cc000000, 0x0000000600000000)
  object space 196608K, 31% used [0x00000005c0000000,0x00000005c3d31818,0x00000005cc000000)
Event: 21.699 GC heap after
Heap after GC invocations=8 (full 1):
 PSYoungGen      total 1094144K, used 127475K [0x0000000755500000, 0x00000007e2100000, 0x0000000800000000)
  eden space 966656K, 0% used [0x0000000755500000,0x0000000755500000,0x0000000790500000)
  from space 127488K, 99% used [0x0000000790500000,0x000000079817cca0,0x0000000798180000)
  to   space 186368K, 0% used [0x00000007d6b00000,0x00000007d6b00000,0x00000007e2100000)
 ParOldGen       total 699392K, used 237047K [0x0000000600000000, 0x000000062ab00000, 0x0000000755500000)
  object space 699392K, 33% used [0x0000000600000000,0x000000060e77dd88,0x000000062ab00000)
 PSPermGen       total 196608K, used 62662K [0x00000005c0000000, 0x00000005cc000000, 0x0000000600000000)
  object space 196608K, 31% used [0x00000005c0000000,0x00000005c3d31818,0x00000005cc000000)
}
Event: 29.802 GC heap before
{Heap before GC invocations=9 (full 1):
 PSYoungGen      total 1094144K, used 1094131K [0x0000000755500000, 0x00000007e2100000, 0x0000000800000000)
  eden space 966656K, 100% used [0x0000000755500000,0x0000000790500000,0x0000000790500000)
  from space 127488K, 99% used [0x0000000790500000,0x000000079817cca0,0x0000000798180000)
  to   space 186368K, 0% used [0x00000007d6b00000,0x00000007d6b00000,0x00000007e2100000)
 ParOldGen       total 699392K, used 237047K [0x0000000600000000, 0x000000062ab00000, 0x0000000755500000)
  object space 699392K, 33% used [0x0000000600000000,0x000000060e77dd88,0x000000062ab00000)
 PSPermGen       total 196608K, used 63073K [0x00000005c0000000, 0x00000005cc000000, 0x0000000600000000)
  object space 196608K, 32% used [0x00000005c0000000,0x00000005c3d987d0,0x00000005cc000000)
Event: 29.971 GC heap after
Heap after GC invocations=9 (full 1):
 PSYoungGen      total 2043392K, used 186336K [0x0000000755500000, 0x00000007eb600000, 0x0000000800000000)
  eden space 1857024K, 0% used [0x0000000755500000,0x0000000755500000,0x00000007c6a80000)
  from space 186368K, 99% used [0x00000007d6b00000,0x00000007e20f8348,0x00000007e2100000)
  to   space 262656K, 0% used [0x00000007c6a80000,0x00000007c6a80000,0x00000007d6b00000)
 ParOldGen       total 699392K, used 330960K [0x0000000600000000, 0x000000062ab00000, 0x0000000755500000)
  object space 699392K, 47% used [0x0000000600000000,0x0000000614334300,0x000000062ab00000)
 PSPermGen       total 196608K, used 63073K [0x00000005c0000000, 0x00000005cc000000, 0x0000000600000000)
  object space 196608K, 32% used [0x00000005c0000000,0x00000005c3d987d0,0x00000005cc000000)
}
Event: 87.041 GC heap before
{Heap before GC invocations=10 (full 1):
 PSYoungGen      total 2043392K, used 2042936K [0x0000000755500000, 0x00000007eb600000, 0x0000000800000000)
  eden space 1857024K, 99% used [0x0000000755500000,0x00000007c6a15cf0,0x00000007c6a80000)
  from space 186368K, 99% used [0x00000007d6b00000,0x00000007e20f8348,0x00000007e2100000)
  to   space 262656K, 0% used [0x00000007c6a80000,0x00000007c6a80000,0x00000007d6b00000)
 ParOldGen       total 699392K, used 333706K [0x0000000600000000, 0x000000062ab00000, 0x0000000755500000)
  object space 699392K, 47% used [0x0000000600000000,0x00000006145e2800,0x000000062ab00000)
 PSPermGen       total 196608K, used 67112K [0x00000005c0000000, 0x00000005cc000000, 0x0000000600000000)
  object space 196608K, 34% used [0x00000005c0000000,0x00000005c418a1d0,0x00000005cc000000)
Event: 87.244 GC heap after
Heap after GC invocations=10 (full 1):
 PSYoungGen      total 2119680K, used 262644K [0x0000000755500000, 0x0000000800000000, 0x0000000800000000)
  eden space 1857024K, 0% used [0x0000000755500000,0x0000000755500000,0x00000007c6a80000)
  from space 262656K, 99% used [0x00000007c6a80000,0x00000007d6afd300,0x00000007d6b00000)
  to   space 401920K, 0% used [0x00000007e7780000,0x00000007e7780000,0x0000000800000000)
 ParOldGen       total 699392K, used 558887K [0x0000000600000000, 0x000000062ab00000, 0x0000000755500000)
  object space 699392K, 79% used [0x0000000600000000,0x00000006221c9c38,0x000000062ab00000)
 PSPermGen       total 196608K, used 67112K [0x00000005c0000000, 0x00000005cc000000, 0x0000000600000000)
  object space 196608K, 34% used [0x00000005c0000000,0x00000005c418a1d0,0x00000005cc000000)
}
Event: 87.244 GC heap before
{Heap before GC invocations=11 (full 2):
 PSYoungGen      total 2119680K, used 262644K [0x0000000755500000, 0x0000000800000000, 0x0000000800000000)
  eden space 1857024K, 0% used [0x0000000755500000,0x0000000755500000,0x00000007c6a80000)
  from space 262656K, 99% used [0x00000007c6a80000,0x00000007d6afd300,0x00000007d6b00000)
  to   space 401920K, 0% used [0x00000007e7780000,0x00000007e7780000,0x0000000800000000)
 ParOldGen       total 699392K, used 558887K [0x0000000600000000, 0x000000062ab00000, 0x0000000755500000)
  object space 699392K, 79% used [0x0000000600000000,0x00000006221c9c38,0x000000062ab00000)
 PSPermGen       total 196608K, used 67112K [0x00000005c0000000, 0x00000005cc000000, 0x0000000600000000)
  object space 196608K, 34% used [0x00000005c0000000,0x00000005c418a1d0,0x00000005cc000000)
Event: 87.509 GC heap after
Heap after GC invocations=11 (full 2):
 PSYoungGen      total 2119680K, used 0K [0x0000000755500000, 0x0000000800000000, 0x0000000800000000)
  eden space 1857024K, 0% used [0x0000000755500000,0x0000000755500000,0x00000007c6a80000)
  from space 262656K, 0% used [0x00000007c6a80000,0x00000007c6a80000,0x00000007d6b00000)
  to   space 401920K, 0% used [0x00000007e7780000,0x00000007e7780000,0x0000000800000000)
 ParOldGen       total 804352K, used 317407K [0x0000000600000000, 0x0000000631180000, 0x0000000755500000)
  object space 804352K, 39% used [0x0000000600000000,0x00000006135f7f00,0x0000000631180000)
 PSPermGen       total 196608K, used 67088K [0x00000005c0000000, 0x00000005cc000000, 0x0000000600000000)
  object space 196608K, 34% used [0x00000005c0000000,0x00000005c4184090,0x00000005cc000000)
}

