# JRE version: Java(TM) SE Runtime Environment (7.0_51-b13) (build 1.7.0_51-b13)
# Java VM: Java HotSpot(TM) 64-Bit Server VM (24.51-b03 mixed mode bsd-amd64 )
Heap
 PSYoungGen      total 3783168K, used 534233K [0x00000006a2600000, 0x000000080e580000, 0x000000094d100000)
  eden space 3293184K, 11% used [0x00000006a2600000,0x00000006ba7d8058,0x000000076b600000)
  from space 489984K, 28% used [0x000000076b600000,0x0000000773dde6f0,0x0000000789480000)
  to   space 663552K, 0% used [0x00000007e5d80000,0x00000007e5d80000,0x000000080e580000)
 ParOldGen       total 1784320K, used 1194033K [0x000000014d100000, 0x00000001b9f80000, 0x00000006a2600000)
  object space 1784320K, 66% used [0x000000014d100000,0x0000000195f0c600,0x00000001b9f80000)
 PSPermGen       total 196608K, used 63410K [0x000000010d100000, 0x0000000119100000, 0x000000014d100000)
  object space 196608K, 32% used [0x000000010d100000,0x0000000110eec810,0x0000000119100000)
GC Heap History (10 events):
Event: 37.774 GC heap before
{Heap before GC invocations=10 (full 1):
 PSYoungGen      total 2027008K, used 2026980K [0x00000006a2600000, 0x0000000736700000, 0x000000094d100000)
  eden space 1841664K, 100% used [0x00000006a2600000,0x0000000712c80000,0x0000000712c80000)
  from space 185344K, 99% used [0x0000000722700000,0x000000072dbf9318,0x000000072dc00000)
  to   space 256512K, 0% used [0x0000000712c80000,0x0000000712c80000,0x0000000722700000)
 ParOldGen       total 699392K, used 334312K [0x000000014d100000, 0x0000000177c00000, 0x00000006a2600000)
  object space 699392K, 47% used [0x000000014d100000,0x000000016177a230,0x0000000177c00000)
 PSPermGen       total 196608K, used 62888K [0x000000010d100000, 0x0000000119100000, 0x000000014d100000)
  object space 196608K, 31% used [0x000000010d100000,0x0000000110e6a280,0x0000000119100000)
Event: 38.094 GC heap after
Heap after GC invocations=10 (full 1):
 PSYoungGen      total 2098176K, used 240418K [0x00000006a2600000, 0x00000007a7300000, 0x000000094d100000)
  eden space 1841664K, 0% used [0x00000006a2600000,0x00000006a2600000,0x0000000712c80000)
  from space 256512K, 93% used [0x0000000712c80000,0x0000000721748a58,0x0000000722700000)
  to   space 294912K, 0% used [0x0000000795300000,0x0000000795300000,0x00000007a7300000)
 ParOldGen       total 699392K, used 368709K [0x000000014d100000, 0x0000000177c00000, 0x00000006a2600000)
  object space 699392K, 52% used [0x000000014d100000,0x0000000163911558,0x0000000177c00000)
 PSPermGen       total 196608K, used 62888K [0x000000010d100000, 0x0000000119100000, 0x000000014d100000)
  object space 196608K, 31% used [0x000000010d100000,0x0000000110e6a280,0x0000000119100000)
}
Event: 48.649 GC heap before
{Heap before GC invocations=11 (full 1):
 PSYoungGen      total 2098176K, used 2081843K [0x00000006a2600000, 0x00000007a7300000, 0x000000094d100000)
  eden space 1841664K, 99% used [0x00000006a2600000,0x0000000712c44228,0x0000000712c80000)
  from space 256512K, 93% used [0x0000000712c80000,0x0000000721748a58,0x0000000722700000)
  to   space 294912K, 0% used [0x0000000795300000,0x0000000795300000,0x00000007a7300000)
 ParOldGen       total 699392K, used 368709K [0x000000014d100000, 0x0000000177c00000, 0x00000006a2600000)
  object space 699392K, 52% used [0x000000014d100000,0x0000000163911558,0x0000000177c00000)
 PSPermGen       total 196608K, used 62997K [0x000000010d100000, 0x0000000119100000, 0x000000014d100000)
  object space 196608K, 32% used [0x000000010d100000,0x0000000110e855c0,0x0000000119100000)
Event: 49.478 GC heap after
Heap after GC invocations=11 (full 1):
 PSYoungGen      total 3241984K, used 294897K [0x00000006a2600000, 0x00000007a7300000, 0x000000094d100000)
  eden space 2947072K, 0% used [0x00000006a2600000,0x00000006a2600000,0x0000000756400000)
  from space 294912K, 99% used [0x0000000795300000,0x00000007a72fc428,0x00000007a7300000)
  to   space 489984K, 0% used [0x000000076b600000,0x000000076b600000,0x0000000789480000)
 ParOldGen       total 766976K, used 766923K [0x000000014d100000, 0x000000017be00000, 0x00000006a2600000)
  object space 766976K, 99% used [0x000000014d100000,0x000000017bdf2f20,0x000000017be00000)
 PSPermGen       total 196608K, used 62997K [0x000000010d100000, 0x0000000119100000, 0x000000014d100000)
  object space 196608K, 32% used [0x000000010d100000,0x0000000110e855c0,0x0000000119100000)
}
Event: 49.478 GC heap before
{Heap before GC invocations=12 (full 2):
 PSYoungGen      total 3241984K, used 294897K [0x00000006a2600000, 0x00000007a7300000, 0x000000094d100000)
  eden space 2947072K, 0% used [0x00000006a2600000,0x00000006a2600000,0x0000000756400000)
  from space 294912K, 99% used [0x0000000795300000,0x00000007a72fc428,0x00000007a7300000)
  to   space 489984K, 0% used [0x000000076b600000,0x000000076b600000,0x0000000789480000)
 ParOldGen       total 766976K, used 766923K [0x000000014d100000, 0x000000017be00000, 0x00000006a2600000)
  object space 766976K, 99% used [0x000000014d100000,0x000000017bdf2f20,0x000000017be00000)
 PSPermGen       total 196608K, used 62997K [0x000000010d100000, 0x0000000119100000, 0x000000014d100000)
  object space 196608K, 32% used [0x000000010d100000,0x0000000110e855c0,0x0000000119100000)
Event: 49.784 GC heap after
Heap after GC invocations=12 (full 2):
 PSYoungGen      total 3241984K, used 0K [0x00000006a2600000, 0x00000007a7300000, 0x000000094d100000)
  eden space 2947072K, 0% used [0x00000006a2600000,0x00000006a2600000,0x0000000756400000)
  from space 294912K, 0% used [0x0000000795300000,0x0000000795300000,0x00000007a7300000)
  to   space 489984K, 0% used [0x000000076b600000,0x000000076b600000,0x0000000789480000)
 ParOldGen       total 1194496K, used 700829K [0x000000014d100000, 0x0000000195f80000, 0x00000006a2600000)
  object space 1194496K, 58% used [0x000000014d100000,0x0000000177d67590,0x0000000195f80000)
 PSPermGen       total 196608K, used 62972K [0x000000010d100000, 0x0000000119100000, 0x000000014d100000)
  object space 196608K, 32% used [0x000000010d100000,0x0000000110e7f040,0x0000000119100000)
}
Event: 57.701 GC heap before
{Heap before GC invocations=13 (full 2):
 PSYoungGen      total 3241984K, used 2947072K [0x00000006a2600000, 0x00000007a7300000, 0x000000094d100000)
  eden space 2947072K, 100% used [0x00000006a2600000,0x0000000756400000,0x0000000756400000)
  from space 294912K, 0% used [0x0000000795300000,0x0000000795300000,0x00000007a7300000)
  to   space 489984K, 0% used [0x000000076b600000,0x000000076b600000,0x0000000789480000)
 ParOldGen       total 1194496K, used 700829K [0x000000014d100000, 0x0000000195f80000, 0x00000006a2600000)
  object space 1194496K, 58% used [0x000000014d100000,0x0000000177d67590,0x0000000195f80000)
 PSPermGen       total 196608K, used 63290K [0x000000010d100000, 0x0000000119100000, 0x000000014d100000)
  object space 196608K, 32% used [0x000000010d100000,0x0000000110eceba0,0x0000000119100000)
Event: 58.585 GC heap after
Heap after GC invocations=13 (full 2):
 PSYoungGen      total 3783168K, used 489977K [0x00000006a2600000, 0x000000080e580000, 0x000000094d100000)
  eden space 3293184K, 0% used [0x00000006a2600000,0x00000006a2600000,0x000000076b600000)
  from space 489984K, 99% used [0x000000076b600000,0x000000078947e528,0x0000000789480000)
  to   space 663552K, 0% used [0x00000007e5d80000,0x00000007e5d80000,0x000000080e580000)
 ParOldGen       total 1194496K, used 940732K [0x000000014d100000, 0x0000000195f80000, 0x00000006a2600000)
  object space 1194496K, 78% used [0x000000014d100000,0x00000001867af1d8,0x0000000195f80000)
 PSPermGen       total 196608K, used 63290K [0x000000010d100000, 0x0000000119100000, 0x000000014d100000)
  object space 196608K, 32% used [0x000000010d100000,0x0000000110eceba0,0x0000000119100000)
}
Event: 58.585 GC heap before
{Heap before GC invocations=14 (full 3):
 PSYoungGen      total 3783168K, used 489977K [0x00000006a2600000, 0x000000080e580000, 0x000000094d100000)
  eden space 3293184K, 0% used [0x00000006a2600000,0x00000006a2600000,0x000000076b600000)
  from space 489984K, 99% used [0x000000076b600000,0x000000078947e528,0x0000000789480000)
  to   space 663552K, 0% used [0x00000007e5d80000,0x00000007e5d80000,0x000000080e580000)
 ParOldGen       total 1194496K, used 940732K [0x000000014d100000, 0x0000000195f80000, 0x00000006a2600000)
  object space 1194496K, 78% used [0x000000014d100000,0x00000001867af1d8,0x0000000195f80000)
 PSPermGen       total 196608K, used 63290K [0x000000010d100000, 0x0000000119100000, 0x000000014d100000)
  object space 196608K, 32% used [0x000000010d100000,0x0000000110eceba0,0x0000000119100000)
Event: 59.110 GC heap after
Heap after GC invocations=14 (full 3):
 PSYoungGen      total 3783168K, used 139129K [0x00000006a2600000, 0x000000080e580000, 0x000000094d100000)
  eden space 3293184K, 0% used [0x00000006a2600000,0x00000006a2600000,0x000000076b600000)
  from space 489984K, 28% used [0x000000076b600000,0x0000000773dde6f0,0x0000000789480000)
  to   space 663552K, 0% used [0x00000007e5d80000,0x00000007e5d80000,0x000000080e580000)
 ParOldGen       total 1784320K, used 1194033K [0x000000014d100000, 0x00000001b9f80000, 0x00000006a2600000)
  object space 1784320K, 66% used [0x000000014d100000,0x0000000195f0c600,0x00000001b9f80000)
 PSPermGen       total 196608K, used 63289K [0x000000010d100000, 0x0000000119100000, 0x000000014d100000)
  object space 196608K, 32% used [0x000000010d100000,0x0000000110ece7b8,0x0000000119100000)
}

