# JRE version: Java(TM) SE Runtime Environment (7.0_67-b01) (build 1.7.0_67-b01)
# Java VM: Java HotSpot(TM) 64-Bit Server VM (24.65-b04 mixed mode bsd-amd64 )
Heap
 PSYoungGen      total 8611840K, used 95740K [0x000000069aa00000, 0x0000000945500000, 0x0000000945500000)
  eden space 5925376K, 1% used [0x000000069aa00000,0x00000006a077f040,0x0000000804480000)
  from space 2686464K, 0% used [0x00000008a0080000,0x00000008a0080000,0x0000000944000000)
  to   space 2551808K, 0% used [0x0000000804480000,0x0000000804480000,0x00000008a0080000)
 ParOldGen       total 13537792K, used 10636980K [0x0000000145500000, 0x000000047f980000, 0x000000069aa00000)
  object space 13537792K, 78% used [0x0000000145500000,0x00000003ce8ad278,0x000000047f980000)
 PSPermGen       total 196608K, used 62824K [0x0000000105500000, 0x0000000111500000, 0x0000000145500000)
  object space 196608K, 31% used [0x0000000105500000,0x000000010925a378,0x0000000111500000)
GC Heap History (10 events):
Event: 186.206 GC heap before
{Heap before GC invocations=27 (full 7):
 PSYoungGen      total 7355904K, used 7355643K [0x000000069aa00000, 0x0000000945500000, 0x0000000945500000)
  eden space 5828608K, 100% used [0x000000069aa00000,0x00000007fe600000,0x00000007fe600000)
  from space 1527296K, 99% used [0x00000007fe600000,0x000000085b93efc8,0x000000085b980000)
  to   space 2695680K, 0% used [0x00000008a0c80000,0x00000008a0c80000,0x0000000945500000)
 ParOldGen       total 9725440K, used 7111597K [0x0000000145500000, 0x0000000396e80000, 0x000000069aa00000)
  object space 9725440K, 73% used [0x0000000145500000,0x00000002f75eb638,0x0000000396e80000)
 PSPermGen       total 196608K, used 62765K [0x0000000105500000, 0x0000000111500000, 0x0000000145500000)
  object space 196608K, 31% used [0x0000000105500000,0x000000010924b6d8,0x0000000111500000)
Event: 187.968 GC heap after
Heap after GC invocations=27 (full 7):
 PSYoungGen      total 8483328K, used 1528856K [0x000000069aa00000, 0x0000000945500000, 0x0000000945500000)
  eden space 5787648K, 0% used [0x000000069aa00000,0x000000069aa00000,0x00000007fbe00000)
  from space 2695680K, 56% used [0x00000008a0c80000,0x00000008fe186270,0x0000000945500000)
  to   space 2698752K, 0% used [0x00000007fbe00000,0x00000007fbe00000,0x00000008a0980000)
 ParOldGen       total 9725440K, used 8458746K [0x0000000145500000, 0x0000000396e80000, 0x000000069aa00000)
  object space 9725440K, 86% used [0x0000000145500000,0x000000034997e948,0x0000000396e80000)
 PSPermGen       total 196608K, used 62765K [0x0000000105500000, 0x0000000111500000, 0x0000000145500000)
  object space 196608K, 31% used [0x0000000105500000,0x000000010924b6d8,0x0000000111500000)
}
Event: 187.968 GC heap before
{Heap before GC invocations=28 (full 8):
 PSYoungGen      total 8483328K, used 1528856K [0x000000069aa00000, 0x0000000945500000, 0x0000000945500000)
  eden space 5787648K, 0% used [0x000000069aa00000,0x000000069aa00000,0x00000007fbe00000)
  from space 2695680K, 56% used [0x00000008a0c80000,0x00000008fe186270,0x0000000945500000)
  to   space 2698752K, 0% used [0x00000007fbe00000,0x00000007fbe00000,0x00000008a0980000)
 ParOldGen       total 9725440K, used 8458746K [0x0000000145500000, 0x0000000396e80000, 0x000000069aa00000)
  object space 9725440K, 86% used [0x0000000145500000,0x000000034997e948,0x0000000396e80000)
 PSPermGen       total 196608K, used 62765K [0x0000000105500000, 0x0000000111500000, 0x0000000145500000)
  object space 196608K, 31% used [0x0000000105500000,0x000000010924b6d8,0x0000000111500000)
Event: 189.642 GC heap after
Heap after GC invocations=28 (full 8):
 PSYoungGen      total 8483328K, used 38108K [0x000000069aa00000, 0x0000000945500000, 0x0000000945500000)
  eden space 5787648K, 0% used [0x000000069aa00000,0x000000069aa00000,0x00000007fbe00000)
  from space 2695680K, 1% used [0x00000008a0c80000,0x00000008a31b7300,0x0000000945500000)
  to   space 2698752K, 0% used [0x00000007fbe00000,0x00000007fbe00000,0x00000008a0980000)
 ParOldGen       total 12487168K, used 9725374K [0x0000000145500000, 0x000000043f780000, 0x000000069aa00000)
  object space 12487168K, 77% used [0x0000000145500000,0x0000000396e6f8a8,0x000000043f780000)
 PSPermGen       total 196608K, used 62765K [0x0000000105500000, 0x0000000111500000, 0x0000000145500000)
  object space 196608K, 31% used [0x0000000105500000,0x000000010924b638,0x0000000111500000)
}
Event: 211.158 GC heap before
{Heap before GC invocations=29 (full 8):
 PSYoungGen      total 8483328K, used 5825756K [0x000000069aa00000, 0x0000000945500000, 0x0000000945500000)
  eden space 5787648K, 100% used [0x000000069aa00000,0x00000007fbe00000,0x00000007fbe00000)
  from space 2695680K, 1% used [0x00000008a0c80000,0x00000008a31b7300,0x0000000945500000)
  to   space 2698752K, 0% used [0x00000007fbe00000,0x00000007fbe00000,0x00000008a0980000)
 ParOldGen       total 12487168K, used 9725374K [0x0000000145500000, 0x000000043f780000, 0x000000069aa00000)
  object space 12487168K, 77% used [0x0000000145500000,0x0000000396e6f8a8,0x000000043f780000)
 PSPermGen       total 196608K, used 62768K [0x0000000105500000, 0x0000000111500000, 0x0000000145500000)
  object space 196608K, 31% used [0x0000000105500000,0x000000010924c130,0x0000000111500000)
Event: 211.513 GC heap after
Heap after GC invocations=29 (full 8):
 PSYoungGen      total 7309312K, used 1521162K [0x000000069aa00000, 0x0000000944000000, 0x0000000945500000)
  eden space 5787648K, 0% used [0x000000069aa00000,0x000000069aa00000,0x00000007fbe00000)
  from space 1521664K, 99% used [0x00000007fbe00000,0x0000000858b82bd8,0x0000000858c00000)
  to   space 2686464K, 0% used [0x00000008a0080000,0x00000008a0080000,0x0000000944000000)
 ParOldGen       total 12487168K, used 9728474K [0x0000000145500000, 0x000000043f780000, 0x000000069aa00000)
  object space 12487168K, 77% used [0x0000000145500000,0x00000003971769e0,0x000000043f780000)
 PSPermGen       total 196608K, used 62768K [0x0000000105500000, 0x0000000111500000, 0x0000000145500000)
  object space 196608K, 31% used [0x0000000105500000,0x000000010924c130,0x0000000111500000)
}
Event: 5307.839 GC heap before
{Heap before GC invocations=30 (full 8):
 PSYoungGen      total 7309312K, used 7308810K [0x000000069aa00000, 0x0000000944000000, 0x0000000945500000)
  eden space 5787648K, 100% used [0x000000069aa00000,0x00000007fbe00000,0x00000007fbe00000)
  from space 1521664K, 99% used [0x00000007fbe00000,0x0000000858b82bd8,0x0000000858c00000)
  to   space 2686464K, 0% used [0x00000008a0080000,0x00000008a0080000,0x0000000944000000)
 ParOldGen       total 12487168K, used 9728474K [0x0000000145500000, 0x000000043f780000, 0x000000069aa00000)
  object space 12487168K, 77% used [0x0000000145500000,0x00000003971769e0,0x000000043f780000)
 PSPermGen       total 196608K, used 62825K [0x0000000105500000, 0x0000000111500000, 0x0000000145500000)
  object space 196608K, 31% used [0x0000000105500000,0x000000010925a4b8,0x0000000111500000)
Event: 5309.701 GC heap after
Heap after GC invocations=30 (full 8):
 PSYoungGen      total 8611840K, used 1215665K [0x000000069aa00000, 0x0000000945500000, 0x0000000945500000)
  eden space 5925376K, 0% used [0x000000069aa00000,0x000000069aa00000,0x0000000804480000)
  from space 2686464K, 45% used [0x00000008a0080000,0x00000008ea3ac4b0,0x0000000944000000)
  to   space 2551808K, 0% used [0x0000000804480000,0x0000000804480000,0x00000008a0080000)
 ParOldGen       total 12487168K, used 11064758K [0x0000000145500000, 0x000000043f780000, 0x000000069aa00000)
  object space 12487168K, 88% used [0x0000000145500000,0x00000003e8a6d840,0x000000043f780000)
 PSPermGen       total 196608K, used 62825K [0x0000000105500000, 0x0000000111500000, 0x0000000145500000)
  object space 196608K, 31% used [0x0000000105500000,0x000000010925a4b8,0x0000000111500000)
}
Event: 5309.701 GC heap before
{Heap before GC invocations=31 (full 9):
 PSYoungGen      total 8611840K, used 1215665K [0x000000069aa00000, 0x0000000945500000, 0x0000000945500000)
  eden space 5925376K, 0% used [0x000000069aa00000,0x000000069aa00000,0x0000000804480000)
  from space 2686464K, 45% used [0x00000008a0080000,0x00000008ea3ac4b0,0x0000000944000000)
  to   space 2551808K, 0% used [0x0000000804480000,0x0000000804480000,0x00000008a0080000)
 ParOldGen       total 12487168K, used 11064758K [0x0000000145500000, 0x000000043f780000, 0x000000069aa00000)
  object space 12487168K, 88% used [0x0000000145500000,0x00000003e8a6d840,0x000000043f780000)
 PSPermGen       total 196608K, used 62825K [0x0000000105500000, 0x0000000111500000, 0x0000000145500000)
  object space 196608K, 31% used [0x0000000105500000,0x000000010925a4b8,0x0000000111500000)
Event: 5311.235 GC heap after
Heap after GC invocations=31 (full 9):
 PSYoungGen      total 8611840K, used 0K [0x000000069aa00000, 0x0000000945500000, 0x0000000945500000)
  eden space 5925376K, 0% used [0x000000069aa00000,0x000000069aa00000,0x0000000804480000)
  from space 2686464K, 0% used [0x00000008a0080000,0x00000008a0080000,0x0000000944000000)
  to   space 2551808K, 0% used [0x0000000804480000,0x0000000804480000,0x00000008a0080000)
 ParOldGen       total 13537792K, used 10636980K [0x0000000145500000, 0x000000047f980000, 0x000000069aa00000)
  object space 13537792K, 78% used [0x0000000145500000,0x00000003ce8ad278,0x000000047f980000)
 PSPermGen       total 196608K, used 62824K [0x0000000105500000, 0x0000000111500000, 0x0000000145500000)
  object space 196608K, 31% used [0x0000000105500000,0x000000010925a378,0x0000000111500000)
}

