# JRE version: Java(TM) SE Runtime Environment (7.0_67-b01) (build 1.7.0_67-b01)
# Java VM: Java HotSpot(TM) 64-Bit Server VM (24.65-b04 mixed mode bsd-amd64 )
Heap
 PSYoungGen      total 7116800K, used 1432953K [0x000000069e800000, 0x0000000943780000, 0x0000000949300000)
  eden space 5776384K, 1% used [0x000000069e800000,0x00000006a42b2e68,0x00000007ff100000)
  from space 1340416K, 99% used [0x00000007ff100000,0x0000000850dab8e8,0x0000000850e00000)
  to   space 2639360K, 0% used [0x00000008a2600000,0x00000008a2600000,0x0000000943780000)
 ParOldGen       total 13264896K, used 10977832K [0x0000000149300000, 0x0000000472d00000, 0x000000069e800000)
  object space 13264896K, 82% used [0x0000000149300000,0x00000003e738a170,0x0000000472d00000)
 PSPermGen       total 196608K, used 62103K [0x0000000109300000, 0x0000000115300000, 0x0000000149300000)
  object space 196608K, 31% used [0x0000000109300000,0x000000010cfa5fc0,0x0000000115300000)
GC Heap History (10 events):
Event: 181.534 GC heap before
{Heap before GC invocations=28 (full 10):
 PSYoungGen      total 8429056K, used 1688752K [0x000000069e800000, 0x0000000949300000, 0x0000000949300000)
  eden space 5951488K, 0% used [0x000000069e800000,0x000000069e800000,0x0000000809c00000)
  from space 2477568K, 68% used [0x00000008b1f80000,0x00000009190ac218,0x0000000949300000)
  to   space 2616832K, 0% used [0x0000000809c00000,0x0000000809c00000,0x00000008a9780000)
 ParOldGen       total 9210368K, used 8356925K [0x0000000149300000, 0x000000037b580000, 0x000000069e800000)
  object space 9210368K, 90% used [0x0000000149300000,0x000000034740f500,0x000000037b580000)
 PSPermGen       total 196608K, used 61955K [0x0000000109300000, 0x0000000115300000, 0x0000000149300000)
  object space 196608K, 31% used [0x0000000109300000,0x000000010cf80c78,0x0000000115300000)
Event: 183.451 GC heap after
Heap after GC invocations=28 (full 10):
 PSYoungGen      total 8429056K, used 799242K [0x000000069e800000, 0x0000000949300000, 0x0000000949300000)
  eden space 5951488K, 0% used [0x000000069e800000,0x000000069e800000,0x0000000809c00000)
  from space 2477568K, 32% used [0x00000008b1f80000,0x00000008e2c029a0,0x0000000949300000)
  to   space 2616832K, 0% used [0x0000000809c00000,0x0000000809c00000,0x00000008a9780000)
 ParOldGen       total 11233280K, used 9209597K [0x0000000149300000, 0x00000003f6d00000, 0x000000069e800000)
  object space 11233280K, 81% used [0x0000000149300000,0x000000037b4bf6e8,0x00000003f6d00000)
 PSPermGen       total 196608K, used 61954K [0x0000000109300000, 0x0000000115300000, 0x0000000149300000)
  object space 196608K, 31% used [0x0000000109300000,0x000000010cf80bb8,0x0000000115300000)
}
Event: 210.772 GC heap before
{Heap before GC invocations=29 (full 10):
 PSYoungGen      total 8429056K, used 6750730K [0x000000069e800000, 0x0000000949300000, 0x0000000949300000)
  eden space 5951488K, 100% used [0x000000069e800000,0x0000000809c00000,0x0000000809c00000)
  from space 2477568K, 32% used [0x00000008b1f80000,0x00000008e2c029a0,0x0000000949300000)
  to   space 2616832K, 0% used [0x0000000809c00000,0x0000000809c00000,0x00000008a9780000)
 ParOldGen       total 11233280K, used 9209597K [0x0000000149300000, 0x00000003f6d00000, 0x000000069e800000)
  object space 11233280K, 81% used [0x0000000149300000,0x000000037b4bf6e8,0x00000003f6d00000)
 PSPermGen       total 196608K, used 61964K [0x0000000109300000, 0x0000000115300000, 0x0000000149300000)
  object space 196608K, 31% used [0x0000000109300000,0x000000010cf83218,0x0000000115300000)
Event: 211.795 GC heap after
Heap after GC invocations=29 (full 10):
 PSYoungGen      total 7499776K, used 1547815K [0x000000069e800000, 0x0000000949300000, 0x0000000949300000)
  eden space 5951488K, 0% used [0x000000069e800000,0x000000069e800000,0x0000000809c00000)
  from space 1548288K, 99% used [0x0000000809c00000,0x0000000868389f68,0x0000000868400000)
  to   space 2668032K, 0% used [0x00000008a6580000,0x00000008a6580000,0x0000000949300000)
 ParOldGen       total 11233280K, used 9832859K [0x0000000149300000, 0x00000003f6d00000, 0x000000069e800000)
  object space 11233280K, 87% used [0x0000000149300000,0x00000003a1566e58,0x00000003f6d00000)
 PSPermGen       total 196608K, used 61964K [0x0000000109300000, 0x0000000115300000, 0x0000000149300000)
  object space 196608K, 31% used [0x0000000109300000,0x000000010cf83218,0x0000000115300000)
}
Event: 228.572 GC heap before
{Heap before GC invocations=30 (full 10):
 PSYoungGen      total 7499776K, used 7499303K [0x000000069e800000, 0x0000000949300000, 0x0000000949300000)
  eden space 5951488K, 100% used [0x000000069e800000,0x0000000809c00000,0x0000000809c00000)
  from space 1548288K, 99% used [0x0000000809c00000,0x0000000868389f68,0x0000000868400000)
  to   space 2668032K, 0% used [0x00000008a6580000,0x00000008a6580000,0x0000000949300000)
 ParOldGen       total 11233280K, used 9832859K [0x0000000149300000, 0x00000003f6d00000, 0x000000069e800000)
  object space 11233280K, 87% used [0x0000000149300000,0x00000003a1566e58,0x00000003f6d00000)
 PSPermGen       total 196608K, used 61964K [0x0000000109300000, 0x0000000115300000, 0x0000000149300000)
  object space 196608K, 31% used [0x0000000109300000,0x000000010cf83218,0x0000000115300000)
Event: 230.551 GC heap after
Heap after GC invocations=30 (full 10):
 PSYoungGen      total 8444416K, used 1563860K [0x000000069e800000, 0x0000000949300000, 0x0000000949300000)
  eden space 5776384K, 0% used [0x000000069e800000,0x000000069e800000,0x00000007ff100000)
  from space 2668032K, 58% used [0x00000008a6580000,0x0000000905cb5160,0x0000000949300000)
  to   space 2704384K, 0% used [0x00000007ff100000,0x00000007ff100000,0x00000008a4200000)
 ParOldGen       total 11233280K, used 11193847K [0x0000000149300000, 0x00000003f6d00000, 0x000000069e800000)
  object space 11233280K, 99% used [0x0000000149300000,0x00000003f467dc70,0x00000003f6d00000)
 PSPermGen       total 196608K, used 61964K [0x0000000109300000, 0x0000000115300000, 0x0000000149300000)
  object space 196608K, 31% used [0x0000000109300000,0x000000010cf83218,0x0000000115300000)
}
Event: 230.551 GC heap before
{Heap before GC invocations=31 (full 11):
 PSYoungGen      total 8444416K, used 1563860K [0x000000069e800000, 0x0000000949300000, 0x0000000949300000)
  eden space 5776384K, 0% used [0x000000069e800000,0x000000069e800000,0x00000007ff100000)
  from space 2668032K, 58% used [0x00000008a6580000,0x0000000905cb5160,0x0000000949300000)
  to   space 2704384K, 0% used [0x00000007ff100000,0x00000007ff100000,0x00000008a4200000)
 ParOldGen       total 11233280K, used 11193847K [0x0000000149300000, 0x00000003f6d00000, 0x000000069e800000)
  object space 11233280K, 99% used [0x0000000149300000,0x00000003f467dc70,0x00000003f6d00000)
 PSPermGen       total 196608K, used 61964K [0x0000000109300000, 0x0000000115300000, 0x0000000149300000)
  object space 196608K, 31% used [0x0000000109300000,0x000000010cf83218,0x0000000115300000)
Event: 232.136 GC heap after
Heap after GC invocations=31 (full 11):
 PSYoungGen      total 8444416K, used 0K [0x000000069e800000, 0x0000000949300000, 0x0000000949300000)
  eden space 5776384K, 0% used [0x000000069e800000,0x000000069e800000,0x00000007ff100000)
  from space 2668032K, 0% used [0x00000008a6580000,0x00000008a6580000,0x0000000949300000)
  to   space 2704384K, 0% used [0x00000007ff100000,0x00000007ff100000,0x00000008a4200000)
 ParOldGen       total 13264896K, used 10977832K [0x0000000149300000, 0x0000000472d00000, 0x000000069e800000)
  object space 13264896K, 82% used [0x0000000149300000,0x00000003e738a170,0x0000000472d00000)
 PSPermGen       total 196608K, used 61964K [0x0000000109300000, 0x0000000115300000, 0x0000000149300000)
  object space 196608K, 31% used [0x0000000109300000,0x000000010cf830f8,0x0000000115300000)
}
Event: 1753.511 GC heap before
{Heap before GC invocations=32 (full 11):
 PSYoungGen      total 8444416K, used 5776384K [0x000000069e800000, 0x0000000949300000, 0x0000000949300000)
  eden space 5776384K, 100% used [0x000000069e800000,0x00000007ff100000,0x00000007ff100000)
  from space 2668032K, 0% used [0x00000008a6580000,0x00000008a6580000,0x0000000949300000)
  to   space 2704384K, 0% used [0x00000007ff100000,0x00000007ff100000,0x00000008a4200000)
 ParOldGen       total 13264896K, used 10977832K [0x0000000149300000, 0x0000000472d00000, 0x000000069e800000)
  object space 13264896K, 82% used [0x0000000149300000,0x00000003e738a170,0x0000000472d00000)
 PSPermGen       total 196608K, used 62103K [0x0000000109300000, 0x0000000115300000, 0x0000000149300000)
  object space 196608K, 31% used [0x0000000109300000,0x000000010cfa5fc0,0x0000000115300000)
Event: 1753.820 GC heap after
Heap after GC invocations=32 (full 11):
 PSYoungGen      total 7116800K, used 1340078K [0x000000069e800000, 0x0000000943780000, 0x0000000949300000)
  eden space 5776384K, 0% used [0x000000069e800000,0x000000069e800000,0x00000007ff100000)
  from space 1340416K, 99% used [0x00000007ff100000,0x0000000850dab8e8,0x0000000850e00000)
  to   space 2639360K, 0% used [0x00000008a2600000,0x00000008a2600000,0x0000000943780000)
 ParOldGen       total 13264896K, used 10977832K [0x0000000149300000, 0x0000000472d00000, 0x000000069e800000)
  object space 13264896K, 82% used [0x0000000149300000,0x00000003e738a170,0x0000000472d00000)
 PSPermGen       total 196608K, used 62103K [0x0000000109300000, 0x0000000115300000, 0x0000000149300000)
  object space 196608K, 31% used [0x0000000109300000,0x000000010cfa5fc0,0x0000000115300000)
}

