# JRE version: Java(TM) SE Runtime Environment (7.0_67-b01) (build 1.7.0_67-b01)
# Java VM: Java HotSpot(TM) 64-Bit Server VM (24.65-b04 mixed mode bsd-amd64 compressed oops)
Heap
 PSYoungGen      total 1432064K, used 14126K [0x0000000755500000, 0x00000007f8080000, 0x0000000800000000)
  eden space 1312256K, 1% used [0x0000000755500000,0x00000007562cb998,0x00000007a5680000)
  from space 119808K, 0% used [0x00000007a5680000,0x00000007a5680000,0x00000007acb80000)
  to   space 676864K, 0% used [0x00000007ceb80000,0x00000007ceb80000,0x00000007f8080000)
 ParOldGen       total 3129344K, used 2754902K [0x0000000600000000, 0x00000006bf000000, 0x0000000755500000)
  object space 3129344K, 88% used [0x0000000600000000,0x00000006a8255a50,0x00000006bf000000)
 PSPermGen       total 196608K, used 61990K [0x00000005c0000000, 0x00000005cc000000, 0x0000000600000000)
  object space 196608K, 31% used [0x00000005c0000000,0x00000005c3c89850,0x00000005cc000000)
GC Heap History (10 events):
Event: 84.674 GC heap before
{Heap before GC invocations=19 (full 4):
 PSYoungGen      total 1772544K, used 1408066K [0x0000000755500000, 0x00000007f6800000, 0x0000000800000000)
  eden space 1116160K, 99% used [0x0000000755500000,0x00000007996d2fa0,0x0000000799700000)
  from space 656384K, 44% used [0x00000007ce700000,0x00000007e043db30,0x00000007f6800000)
  to   space 762368K, 0% used [0x0000000799700000,0x0000000799700000,0x00000007c7f80000)
 ParOldGen       total 2302464K, used 1926237K [0x0000000600000000, 0x000000068c880000, 0x0000000755500000)
  object space 2302464K, 83% used [0x0000000600000000,0x0000000675917420,0x000000068c880000)
 PSPermGen       total 196608K, used 61606K [0x00000005c0000000, 0x00000005cc000000, 0x0000000600000000)
  object space 196608K, 31% used [0x00000005c0000000,0x00000005c3c29a88,0x00000005cc000000)
Event: 85.030 GC heap after
Heap after GC invocations=19 (full 4):
 PSYoungGen      total 1878528K, used 315819K [0x0000000755500000, 0x0000000800000000, 0x0000000800000000)
  eden space 1116160K, 0% used [0x0000000755500000,0x0000000755500000,0x0000000799700000)
  from space 762368K, 41% used [0x0000000799700000,0x00000007acb6acf0,0x00000007c7f80000)
  to   space 721920K, 0% used [0x00000007d3f00000,0x00000007d3f00000,0x0000000800000000)
 ParOldGen       total 2302464K, used 2173134K [0x0000000600000000, 0x000000068c880000, 0x0000000755500000)
  object space 2302464K, 94% used [0x0000000600000000,0x0000000684a33a00,0x000000068c880000)
 PSPermGen       total 196608K, used 61606K [0x00000005c0000000, 0x00000005cc000000, 0x0000000600000000)
  object space 196608K, 31% used [0x00000005c0000000,0x00000005c3c29a88,0x00000005cc000000)
}
Event: 85.030 GC heap before
{Heap before GC invocations=20 (full 5):
 PSYoungGen      total 1878528K, used 315819K [0x0000000755500000, 0x0000000800000000, 0x0000000800000000)
  eden space 1116160K, 0% used [0x0000000755500000,0x0000000755500000,0x0000000799700000)
  from space 762368K, 41% used [0x0000000799700000,0x00000007acb6acf0,0x00000007c7f80000)
  to   space 721920K, 0% used [0x00000007d3f00000,0x00000007d3f00000,0x0000000800000000)
 ParOldGen       total 2302464K, used 2173134K [0x0000000600000000, 0x000000068c880000, 0x0000000755500000)
  object space 2302464K, 94% used [0x0000000600000000,0x0000000684a33a00,0x000000068c880000)
 PSPermGen       total 196608K, used 61606K [0x00000005c0000000, 0x00000005cc000000, 0x0000000600000000)
  object space 196608K, 31% used [0x00000005c0000000,0x00000005c3c29a88,0x00000005cc000000)
Event: 85.635 GC heap after
Heap after GC invocations=20 (full 5):
 PSYoungGen      total 1878528K, used 157578K [0x0000000755500000, 0x0000000800000000, 0x0000000800000000)
  eden space 1116160K, 0% used [0x0000000755500000,0x0000000755500000,0x0000000799700000)
  from space 762368K, 20% used [0x0000000799700000,0x00000007a30e2a20,0x00000007c7f80000)
  to   space 721920K, 0% used [0x00000007d3f00000,0x00000007d3f00000,0x0000000800000000)
 ParOldGen       total 3129344K, used 2301986K [0x0000000600000000, 0x00000006bf000000, 0x0000000755500000)
  object space 3129344K, 73% used [0x0000000600000000,0x000000068c808b88,0x00000006bf000000)
 PSPermGen       total 196608K, used 61606K [0x00000005c0000000, 0x00000005cc000000, 0x0000000600000000)
  object space 196608K, 31% used [0x00000005c0000000,0x00000005c3c29a68,0x00000005cc000000)
}
Event: 183.700 GC heap before
{Heap before GC invocations=21 (full 5):
 PSYoungGen      total 1878528K, used 1273662K [0x0000000755500000, 0x0000000800000000, 0x0000000800000000)
  eden space 1116160K, 99% used [0x0000000755500000,0x00000007996ed1c0,0x0000000799700000)
  from space 762368K, 20% used [0x0000000799700000,0x00000007a30e2a20,0x00000007c7f80000)
  to   space 721920K, 0% used [0x00000007d3f00000,0x00000007d3f00000,0x0000000800000000)
 ParOldGen       total 3129344K, used 2301986K [0x0000000600000000, 0x00000006bf000000, 0x0000000755500000)
  object space 3129344K, 73% used [0x0000000600000000,0x000000068c808b88,0x00000006bf000000)
 PSPermGen       total 196608K, used 61778K [0x00000005c0000000, 0x00000005cc000000, 0x0000000600000000)
  object space 196608K, 31% used [0x00000005c0000000,0x00000005c3c54a60,0x00000005cc000000)
Event: 183.926 GC heap after
Heap after GC invocations=21 (full 5):
 PSYoungGen      total 1916928K, used 311638K [0x0000000755500000, 0x00000007f8d80000, 0x0000000800000000)
  eden space 1312256K, 0% used [0x0000000755500000,0x0000000755500000,0x00000007a5680000)
  from space 604672K, 51% used [0x00000007d3f00000,0x00000007e6f55b50,0x00000007f8d80000)
  to   space 683520K, 0% used [0x00000007a5680000,0x00000007a5680000,0x00000007cf200000)
 ParOldGen       total 3129344K, used 2434253K [0x0000000600000000, 0x00000006bf000000, 0x0000000755500000)
  object space 3129344K, 77% used [0x0000000600000000,0x0000000694933458,0x00000006bf000000)
 PSPermGen       total 196608K, used 61778K [0x00000005c0000000, 0x00000005cc000000, 0x0000000600000000)
  object space 196608K, 31% used [0x00000005c0000000,0x00000005c3c54a60,0x00000005cc000000)
}
Event: 4596.888 GC heap before
{Heap before GC invocations=22 (full 5):
 PSYoungGen      total 1916928K, used 1333454K [0x0000000755500000, 0x00000007f8d80000, 0x0000000800000000)
  eden space 1312256K, 77% used [0x0000000755500000,0x0000000793addd28,0x00000007a5680000)
  from space 604672K, 51% used [0x00000007d3f00000,0x00000007e6f55b50,0x00000007f8d80000)
  to   space 683520K, 0% used [0x00000007a5680000,0x00000007a5680000,0x00000007cf200000)
 ParOldGen       total 3129344K, used 2434253K [0x0000000600000000, 0x00000006bf000000, 0x0000000755500000)
  object space 3129344K, 77% used [0x0000000600000000,0x0000000694933458,0x00000006bf000000)
 PSPermGen       total 196608K, used 61990K [0x00000005c0000000, 0x00000005cc000000, 0x0000000600000000)
  object space 196608K, 31% used [0x00000005c0000000,0x00000005c3c89bd8,0x00000005cc000000)
Event: 4597.235 GC heap after
Heap after GC invocations=22 (full 5):
 PSYoungGen      total 1432064K, used 119779K [0x0000000755500000, 0x00000007f8080000, 0x0000000800000000)
  eden space 1312256K, 0% used [0x0000000755500000,0x0000000755500000,0x00000007a5680000)
  from space 119808K, 99% used [0x00000007a5680000,0x00000007acb78c48,0x00000007acb80000)
  to   space 676864K, 0% used [0x00000007ceb80000,0x00000007ceb80000,0x00000007f8080000)
 ParOldGen       total 3129344K, used 2690312K [0x0000000600000000, 0x00000006bf000000, 0x0000000755500000)
  object space 3129344K, 85% used [0x0000000600000000,0x00000006a43422b8,0x00000006bf000000)
 PSPermGen       total 196608K, used 61990K [0x00000005c0000000, 0x00000005cc000000, 0x0000000600000000)
  object space 196608K, 31% used [0x00000005c0000000,0x00000005c3c89bd8,0x00000005cc000000)
}
Event: 4597.235 GC heap before
{Heap before GC invocations=23 (full 6):
 PSYoungGen      total 1432064K, used 119779K [0x0000000755500000, 0x00000007f8080000, 0x0000000800000000)
  eden space 1312256K, 0% used [0x0000000755500000,0x0000000755500000,0x00000007a5680000)
  from space 119808K, 99% used [0x00000007a5680000,0x00000007acb78c48,0x00000007acb80000)
  to   space 676864K, 0% used [0x00000007ceb80000,0x00000007ceb80000,0x00000007f8080000)
 ParOldGen       total 3129344K, used 2690312K [0x0000000600000000, 0x00000006bf000000, 0x0000000755500000)
  object space 3129344K, 85% used [0x0000000600000000,0x00000006a43422b8,0x00000006bf000000)
 PSPermGen       total 196608K, used 61990K [0x00000005c0000000, 0x00000005cc000000, 0x0000000600000000)
  object space 196608K, 31% used [0x00000005c0000000,0x00000005c3c89bd8,0x00000005cc000000)
Event: 4597.815 GC heap after
Heap after GC invocations=23 (full 6):
 PSYoungGen      total 1432064K, used 0K [0x0000000755500000, 0x00000007f8080000, 0x0000000800000000)
  eden space 1312256K, 0% used [0x0000000755500000,0x0000000755500000,0x00000007a5680000)
  from space 119808K, 0% used [0x00000007a5680000,0x00000007a5680000,0x00000007acb80000)
  to   space 676864K, 0% used [0x00000007ceb80000,0x00000007ceb80000,0x00000007f8080000)
 ParOldGen       total 3129344K, used 2754902K [0x0000000600000000, 0x00000006bf000000, 0x0000000755500000)
  object space 3129344K, 88% used [0x0000000600000000,0x00000006a8255a50,0x00000006bf000000)
 PSPermGen       total 196608K, used 61990K [0x00000005c0000000, 0x00000005cc000000, 0x0000000600000000)
  object space 196608K, 31% used [0x00000005c0000000,0x00000005c3c89850,0x00000005cc000000)
}

