# JRE version: Java(TM) SE Runtime Environment (7.0_51-b13) (build 1.7.0_51-b13)
# Java VM: Java HotSpot(TM) 64-Bit Server VM (24.51-b03 mixed mode windows-amd64 compressed oops)
Heap
 PSYoungGen      total 4954624K, used 4466958K [0x00000006b2a80000, 0x0000000800000000, 0x0000000800000000)
  eden space 4436480K, 100% used [0x00000006b2a80000,0x00000007c1700000,0x00000007c1700000)
  from space 518144K, 5% used [0x00000007e0600000,0x00000007e23c3b50,0x0000000800000000)
  to   space 506880K, 0% used [0x00000007c1700000,0x00000007c1700000,0x00000007e0600000)
 ParOldGen       total 2344448K, used 1395354K [0x0000000418000000, 0x00000004a7180000, 0x00000006b2a80000)
  object space 2344448K, 59% used [0x0000000418000000,0x000000046d2a6a20,0x00000004a7180000)
 PSPermGen       total 196608K, used 59281K [0x00000003d8000000, 0x00000003e4000000, 0x0000000418000000)
  object space 196608K, 30% used [0x00000003d8000000,0x00000003db9e46e0,0x00000003e4000000)
GC Heap History (10 events):
Event: 132.628 GC heap before
{Heap before GC invocations=11 (full 2):
 PSYoungGen      total 2060800K, used 191973K [0x00000006b2a80000, 0x00000007cd380000, 0x0000000800000000)
  eden space 1868800K, 0% used [0x00000006b2a80000,0x00000006b2a80000,0x0000000724b80000)
  from space 192000K, 99% used [0x0000000724b80000,0x00000007306f94a8,0x0000000730700000)
  to   space 445952K, 0% used [0x00000007b2000000,0x00000007b2000000,0x00000007cd380000)
 ParOldGen       total 816640K, used 816291K [0x0000000418000000, 0x0000000449d80000, 0x00000006b2a80000)
  object space 816640K, 99% used [0x0000000418000000,0x0000000449d28e40,0x0000000449d80000)
 PSPermGen       total 196608K, used 58933K [0x00000003d8000000, 0x00000003e4000000, 0x0000000418000000)
  object space 196608K, 29% used [0x00000003d8000000,0x00000003db98d450,0x00000003e4000000)
Event: 132.848 GC heap after
Heap after GC invocations=11 (full 2):
 PSYoungGen      total 2060800K, used 0K [0x00000006b2a80000, 0x00000007cd380000, 0x0000000800000000)
  eden space 1868800K, 0% used [0x00000006b2a80000,0x00000006b2a80000,0x0000000724b80000)
  from space 192000K, 0% used [0x0000000724b80000,0x0000000724b80000,0x0000000730700000)
  to   space 445952K, 0% used [0x00000007b2000000,0x00000007b2000000,0x00000007cd380000)
 ParOldGen       total 1081856K, used 517260K [0x0000000418000000, 0x000000045a080000, 0x00000006b2a80000)
  object space 1081856K, 47% used [0x0000000418000000,0x00000004379230e0,0x000000045a080000)
 PSPermGen       total 196608K, used 58914K [0x00000003d8000000, 0x00000003e4000000, 0x0000000418000000)
  object space 196608K, 29% used [0x00000003d8000000,0x00000003db988888,0x00000003e4000000)
}
Event: 134.980 GC heap before
{Heap before GC invocations=12 (full 2):
 PSYoungGen      total 2060800K, used 1868800K [0x00000006b2a80000, 0x00000007cd380000, 0x0000000800000000)
  eden space 1868800K, 100% used [0x00000006b2a80000,0x0000000724b80000,0x0000000724b80000)
  from space 192000K, 0% used [0x0000000724b80000,0x0000000724b80000,0x0000000730700000)
  to   space 445952K, 0% used [0x00000007b2000000,0x00000007b2000000,0x00000007cd380000)
 ParOldGen       total 1081856K, used 517260K [0x0000000418000000, 0x000000045a080000, 0x00000006b2a80000)
  object space 1081856K, 47% used [0x0000000418000000,0x00000004379230e0,0x000000045a080000)
 PSPermGen       total 196608K, used 58946K [0x00000003d8000000, 0x00000003e4000000, 0x0000000418000000)
  object space 196608K, 29% used [0x00000003d8000000,0x00000003db990958,0x00000003e4000000)
Event: 134.984 GC heap after
Heap after GC invocations=12 (full 2):
 PSYoungGen      total 2951168K, used 992K [0x00000006b2a80000, 0x00000007b2100000, 0x0000000800000000)
  eden space 2950144K, 0% used [0x00000006b2a80000,0x00000006b2a80000,0x0000000766b80000)
  from space 1024K, 96% used [0x00000007b2000000,0x00000007b20f8020,0x00000007b2100000)
  to   space 443904K, 0% used [0x000000077be00000,0x000000077be00000,0x0000000796f80000)
 ParOldGen       total 1081856K, used 517260K [0x0000000418000000, 0x000000045a080000, 0x00000006b2a80000)
  object space 1081856K, 47% used [0x0000000418000000,0x00000004379230e0,0x000000045a080000)
 PSPermGen       total 196608K, used 58946K [0x00000003d8000000, 0x00000003e4000000, 0x0000000418000000)
  object space 196608K, 29% used [0x00000003d8000000,0x00000003db990958,0x00000003e4000000)
}
Event: 141.023 GC heap before
{Heap before GC invocations=13 (full 2):
 PSYoungGen      total 2951168K, used 2951136K [0x00000006b2a80000, 0x00000007b2100000, 0x0000000800000000)
  eden space 2950144K, 100% used [0x00000006b2a80000,0x0000000766b80000,0x0000000766b80000)
  from space 1024K, 96% used [0x00000007b2000000,0x00000007b20f8020,0x00000007b2100000)
  to   space 443904K, 0% used [0x000000077be00000,0x000000077be00000,0x0000000796f80000)
 ParOldGen       total 1081856K, used 517260K [0x0000000418000000, 0x000000045a080000, 0x00000006b2a80000)
  object space 1081856K, 47% used [0x0000000418000000,0x00000004379230e0,0x000000045a080000)
 PSPermGen       total 196608K, used 59037K [0x00000003d8000000, 0x00000003e4000000, 0x0000000418000000)
  object space 196608K, 30% used [0x00000003d8000000,0x00000003db9a77f8,0x00000003e4000000)
Event: 141.250 GC heap after
Heap after GC invocations=13 (full 2):
 PSYoungGen      total 3740672K, used 423488K [0x00000006b2a80000, 0x0000000800000000, 0x0000000800000000)
  eden space 3296768K, 0% used [0x00000006b2a80000,0x00000006b2a80000,0x000000077be00000)
  from space 443904K, 95% used [0x000000077be00000,0x0000000795b90120,0x0000000796f80000)
  to   space 518144K, 0% used [0x00000007e0600000,0x00000007e0600000,0x0000000800000000)
 ParOldGen       total 1511936K, used 1502860K [0x0000000418000000, 0x0000000474480000, 0x00000006b2a80000)
  object space 1511936K, 99% used [0x0000000418000000,0x0000000473ba3310,0x0000000474480000)
 PSPermGen       total 196608K, used 59037K [0x00000003d8000000, 0x00000003e4000000, 0x0000000418000000)
  object space 196608K, 30% used [0x00000003d8000000,0x00000003db9a77f8,0x00000003e4000000)
}
Event: 141.250 GC heap before
{Heap before GC invocations=14 (full 3):
 PSYoungGen      total 3740672K, used 423488K [0x00000006b2a80000, 0x0000000800000000, 0x0000000800000000)
  eden space 3296768K, 0% used [0x00000006b2a80000,0x00000006b2a80000,0x000000077be00000)
  from space 443904K, 95% used [0x000000077be00000,0x0000000795b90120,0x0000000796f80000)
  to   space 518144K, 0% used [0x00000007e0600000,0x00000007e0600000,0x0000000800000000)
 ParOldGen       total 1511936K, used 1502860K [0x0000000418000000, 0x0000000474480000, 0x00000006b2a80000)
  object space 1511936K, 99% used [0x0000000418000000,0x0000000473ba3310,0x0000000474480000)
 PSPermGen       total 196608K, used 59037K [0x00000003d8000000, 0x00000003e4000000, 0x0000000418000000)
  object space 196608K, 30% used [0x00000003d8000000,0x00000003db9a77f8,0x00000003e4000000)
Event: 141.539 GC heap after
Heap after GC invocations=14 (full 3):
 PSYoungGen      total 3740672K, used 0K [0x00000006b2a80000, 0x0000000800000000, 0x0000000800000000)
  eden space 3296768K, 0% used [0x00000006b2a80000,0x00000006b2a80000,0x000000077be00000)
  from space 443904K, 0% used [0x000000077be00000,0x000000077be00000,0x0000000796f80000)
  to   space 518144K, 0% used [0x00000007e0600000,0x00000007e0600000,0x0000000800000000)
 ParOldGen       total 2344448K, used 1395354K [0x0000000418000000, 0x00000004a7180000, 0x00000006b2a80000)
  object space 2344448K, 59% used [0x0000000418000000,0x000000046d2a6a20,0x00000004a7180000)
 PSPermGen       total 196608K, used 59037K [0x00000003d8000000, 0x00000003e4000000, 0x0000000418000000)
  object space 196608K, 30% used [0x00000003d8000000,0x00000003db9a7558,0x00000003e4000000)
}
Event: 142.693 GC heap before
{Heap before GC invocations=15 (full 3):
 PSYoungGen      total 3740672K, used 3296768K [0x00000006b2a80000, 0x0000000800000000, 0x0000000800000000)
  eden space 3296768K, 100% used [0x00000006b2a80000,0x000000077be00000,0x000000077be00000)
  from space 443904K, 0% used [0x000000077be00000,0x000000077be00000,0x0000000796f80000)
  to   space 518144K, 0% used [0x00000007e0600000,0x00000007e0600000,0x0000000800000000)
 ParOldGen       total 2344448K, used 1395354K [0x0000000418000000, 0x00000004a7180000, 0x00000006b2a80000)
  object space 2344448K, 59% used [0x0000000418000000,0x000000046d2a6a20,0x00000004a7180000)
 PSPermGen       total 196608K, used 59061K [0x00000003d8000000, 0x00000003e4000000, 0x0000000418000000)
  object space 196608K, 30% used [0x00000003d8000000,0x00000003db9ad760,0x00000003e4000000)
Event: 142.706 GC heap after
Heap after GC invocations=15 (full 3):
 PSYoungGen      total 4954624K, used 30478K [0x00000006b2a80000, 0x0000000800000000, 0x0000000800000000)
  eden space 4436480K, 0% used [0x00000006b2a80000,0x00000006b2a80000,0x00000007c1700000)
  from space 518144K, 5% used [0x00000007e0600000,0x00000007e23c3b50,0x0000000800000000)
  to   space 506880K, 0% used [0x00000007c1700000,0x00000007c1700000,0x00000007e0600000)
 ParOldGen       total 2344448K, used 1395354K [0x0000000418000000, 0x00000004a7180000, 0x00000006b2a80000)
  object space 2344448K, 59% used [0x0000000418000000,0x000000046d2a6a20,0x00000004a7180000)
 PSPermGen       total 196608K, used 59061K [0x00000003d8000000, 0x00000003e4000000, 0x0000000418000000)
  object space 196608K, 30% used [0x00000003d8000000,0x00000003db9ad760,0x00000003e4000000)
}

