# JRE version: Java(TM) SE Runtime Environment (7.0_51-b13) (build 1.7.0_51-b13)
# Java VM: Java HotSpot(TM) 64-Bit Server VM (24.51-b03 mixed mode windows-amd64 compressed oops)
Heap
 PSYoungGen      total 4299776K, used 577141K [0x00000006b2a80000, 0x00000007fd900000, 0x0000000800000000)
  eden space 4295168K, 13% used [0x00000006b2a80000,0x00000006d599d9a0,0x00000007b8d00000)
  from space 4608K, 99% used [0x00000007b8d00000,0x00000007b917fb20,0x00000007b9180000)
  to   space 563200K, 0% used [0x00000007db300000,0x00000007db300000,0x00000007fd900000)
 ParOldGen       total 2270208K, used 1487029K [0x0000000418000000, 0x00000004a2900000, 0x00000006b2a80000)
  object space 2270208K, 65% used [0x0000000418000000,0x0000000472c2d708,0x00000004a2900000)
 PSPermGen       total 196608K, used 58902K [0x00000003d8000000, 0x00000003e4000000, 0x0000000418000000)
  object space 196608K, 29% used [0x00000003d8000000,0x00000003db985b18,0x00000003e4000000)
GC Heap History (10 events):
Event: 102.341 GC heap before
{Heap before GC invocations=12 (full 2):
 PSYoungGen      total 2092032K, used 1908736K [0x00000006b2a80000, 0x00000007d9e80000, 0x0000000800000000)
  eden space 1908736K, 100% used [0x00000006b2a80000,0x0000000727280000,0x0000000727280000)
  from space 183296K, 0% used [0x0000000727280000,0x0000000727280000,0x0000000732580000)
  to   space 509952K, 0% used [0x00000007bac80000,0x00000007bac80000,0x00000007d9e80000)
 ParOldGen       total 1153536K, used 514935K [0x0000000418000000, 0x000000045e680000, 0x00000006b2a80000)
  object space 1153536K, 44% used [0x0000000418000000,0x00000004376ddff0,0x000000045e680000)
 PSPermGen       total 196608K, used 58538K [0x00000003d8000000, 0x00000003e4000000, 0x0000000418000000)
  object space 196608K, 29% used [0x00000003d8000000,0x00000003db92a8f8,0x00000003e4000000)
Event: 102.345 GC heap after
Heap after GC invocations=12 (full 2):
 PSYoungGen      total 2989568K, used 1088K [0x00000006b2a80000, 0x00000007bae00000, 0x0000000800000000)
  eden space 2988032K, 0% used [0x00000006b2a80000,0x00000006b2a80000,0x0000000769080000)
  from space 1536K, 70% used [0x00000007bac80000,0x00000007bad90020,0x00000007bae00000)
  to   space 503808K, 0% used [0x000000077d600000,0x000000077d600000,0x000000079c200000)
 ParOldGen       total 1153536K, used 514935K [0x0000000418000000, 0x000000045e680000, 0x00000006b2a80000)
  object space 1153536K, 44% used [0x0000000418000000,0x00000004376ddff0,0x000000045e680000)
 PSPermGen       total 196608K, used 58538K [0x00000003d8000000, 0x00000003e4000000, 0x0000000418000000)
  object space 196608K, 29% used [0x00000003d8000000,0x00000003db92a8f8,0x00000003e4000000)
}
Event: 109.075 GC heap before
{Heap before GC invocations=13 (full 2):
 PSYoungGen      total 2989568K, used 2989120K [0x00000006b2a80000, 0x00000007bae00000, 0x0000000800000000)
  eden space 2988032K, 100% used [0x00000006b2a80000,0x0000000769080000,0x0000000769080000)
  from space 1536K, 70% used [0x00000007bac80000,0x00000007bad90020,0x00000007bae00000)
  to   space 503808K, 0% used [0x000000077d600000,0x000000077d600000,0x000000079c200000)
 ParOldGen       total 1153536K, used 514935K [0x0000000418000000, 0x000000045e680000, 0x00000006b2a80000)
  object space 1153536K, 44% used [0x0000000418000000,0x00000004376ddff0,0x000000045e680000)
 PSPermGen       total 196608K, used 58643K [0x00000003d8000000, 0x00000003e4000000, 0x0000000418000000)
  object space 196608K, 29% used [0x00000003d8000000,0x00000003db944f58,0x00000003e4000000)
Event: 109.269 GC heap after
Heap after GC invocations=13 (full 2):
 PSYoungGen      total 3825152K, used 479882K [0x00000006b2a80000, 0x0000000800000000, 0x0000000800000000)
  eden space 3321344K, 0% used [0x00000006b2a80000,0x00000006b2a80000,0x000000077d600000)
  from space 503808K, 95% used [0x000000077d600000,0x000000079aaa2a20,0x000000079c200000)
  to   space 590336K, 0% used [0x00000007dbf80000,0x00000007dbf80000,0x0000000800000000)
 ParOldGen       total 1325568K, used 1303416K [0x0000000418000000, 0x0000000468e80000, 0x00000006b2a80000)
  object space 1325568K, 98% used [0x0000000418000000,0x00000004678de1b0,0x0000000468e80000)
 PSPermGen       total 196608K, used 58643K [0x00000003d8000000, 0x00000003e4000000, 0x0000000418000000)
  object space 196608K, 29% used [0x00000003d8000000,0x00000003db944f58,0x00000003e4000000)
}
Event: 109.269 GC heap before
{Heap before GC invocations=14 (full 3):
 PSYoungGen      total 3825152K, used 479882K [0x00000006b2a80000, 0x0000000800000000, 0x0000000800000000)
  eden space 3321344K, 0% used [0x00000006b2a80000,0x00000006b2a80000,0x000000077d600000)
  from space 503808K, 95% used [0x000000077d600000,0x000000079aaa2a20,0x000000079c200000)
  to   space 590336K, 0% used [0x00000007dbf80000,0x00000007dbf80000,0x0000000800000000)
 ParOldGen       total 1325568K, used 1303416K [0x0000000418000000, 0x0000000468e80000, 0x00000006b2a80000)
  object space 1325568K, 98% used [0x0000000418000000,0x00000004678de1b0,0x0000000468e80000)
 PSPermGen       total 196608K, used 58643K [0x00000003d8000000, 0x00000003e4000000, 0x0000000418000000)
  object space 196608K, 29% used [0x00000003d8000000,0x00000003db944f58,0x00000003e4000000)
Event: 109.569 GC heap after
Heap after GC invocations=14 (full 3):
 PSYoungGen      total 3825152K, used 84529K [0x00000006b2a80000, 0x0000000800000000, 0x0000000800000000)
  eden space 3321344K, 0% used [0x00000006b2a80000,0x00000006b2a80000,0x000000077d600000)
  from space 503808K, 16% used [0x000000077d600000,0x000000078288c5a0,0x000000079c200000)
  to   space 590336K, 0% used [0x00000007dbf80000,0x00000007dbf80000,0x0000000800000000)
 ParOldGen       total 2270208K, used 1318005K [0x0000000418000000, 0x00000004a2900000, 0x00000006b2a80000)
  object space 2270208K, 58% used [0x0000000418000000,0x000000046871d6a8,0x00000004a2900000)
 PSPermGen       total 196608K, used 58643K [0x00000003d8000000, 0x00000003e4000000, 0x0000000418000000)
  object space 196608K, 29% used [0x00000003d8000000,0x00000003db944d78,0x00000003e4000000)
}
Event: 110.164 GC heap before
{Heap before GC invocations=15 (full 3):
 PSYoungGen      total 3825152K, used 3405873K [0x00000006b2a80000, 0x0000000800000000, 0x0000000800000000)
  eden space 3321344K, 100% used [0x00000006b2a80000,0x000000077d600000,0x000000077d600000)
  from space 503808K, 16% used [0x000000077d600000,0x000000078288c5a0,0x000000079c200000)
  to   space 590336K, 0% used [0x00000007dbf80000,0x00000007dbf80000,0x0000000800000000)
 ParOldGen       total 2270208K, used 1318005K [0x0000000418000000, 0x00000004a2900000, 0x00000006b2a80000)
  object space 2270208K, 58% used [0x0000000418000000,0x000000046871d6a8,0x00000004a2900000)
 PSPermGen       total 196608K, used 58666K [0x00000003d8000000, 0x00000003e4000000, 0x0000000418000000)
  object space 196608K, 29% used [0x00000003d8000000,0x00000003db94aa10,0x00000003e4000000)
Event: 110.210 GC heap after
Heap after GC invocations=15 (full 3):
 PSYoungGen      total 4885504K, used 30446K [0x00000006b2a80000, 0x0000000800000000, 0x0000000800000000)
  eden space 4295168K, 0% used [0x00000006b2a80000,0x00000006b2a80000,0x00000007b8d00000)
  from space 590336K, 5% used [0x00000007dbf80000,0x00000007ddd3bb50,0x0000000800000000)
  to   space 576000K, 0% used [0x00000007b8d00000,0x00000007b8d00000,0x00000007dbf80000)
 ParOldGen       total 2270208K, used 1486965K [0x0000000418000000, 0x00000004a2900000, 0x00000006b2a80000)
  object space 2270208K, 65% used [0x0000000418000000,0x0000000472c1d708,0x00000004a2900000)
 PSPermGen       total 196608K, used 58666K [0x00000003d8000000, 0x00000003e4000000, 0x0000000418000000)
  object space 196608K, 29% used [0x00000003d8000000,0x00000003db94aa10,0x00000003e4000000)
}
Event: 114.317 GC heap before
{Heap before GC invocations=16 (full 3):
 PSYoungGen      total 4885504K, used 4325614K [0x00000006b2a80000, 0x0000000800000000, 0x0000000800000000)
  eden space 4295168K, 100% used [0x00000006b2a80000,0x00000007b8d00000,0x00000007b8d00000)
  from space 590336K, 5% used [0x00000007dbf80000,0x00000007ddd3bb50,0x0000000800000000)
  to   space 576000K, 0% used [0x00000007b8d00000,0x00000007b8d00000,0x00000007dbf80000)
 ParOldGen       total 2270208K, used 1486965K [0x0000000418000000, 0x00000004a2900000, 0x00000006b2a80000)
  object space 2270208K, 65% used [0x0000000418000000,0x0000000472c1d708,0x00000004a2900000)
 PSPermGen       total 196608K, used 58667K [0x00000003d8000000, 0x00000003e4000000, 0x0000000418000000)
  object space 196608K, 29% used [0x00000003d8000000,0x00000003db94ac50,0x00000003e4000000)
Event: 114.324 GC heap after
Heap after GC invocations=16 (full 3):
 PSYoungGen      total 4299776K, used 4606K [0x00000006b2a80000, 0x00000007fd900000, 0x0000000800000000)
  eden space 4295168K, 0% used [0x00000006b2a80000,0x00000006b2a80000,0x00000007b8d00000)
  from space 4608K, 99% used [0x00000007b8d00000,0x00000007b917fb20,0x00000007b9180000)
  to   space 563200K, 0% used [0x00000007db300000,0x00000007db300000,0x00000007fd900000)
 ParOldGen       total 2270208K, used 1487029K [0x0000000418000000, 0x00000004a2900000, 0x00000006b2a80000)
  object space 2270208K, 65% used [0x0000000418000000,0x0000000472c2d708,0x00000004a2900000)
 PSPermGen       total 196608K, used 58667K [0x00000003d8000000, 0x00000003e4000000, 0x0000000418000000)
  object space 196608K, 29% used [0x00000003d8000000,0x00000003db94ac50,0x00000003e4000000)
}

