# JRE version: Java(TM) SE Runtime Environment (7.0_51-b13) (build 1.7.0_51-b13)
# Java VM: Java HotSpot(TM) 64-Bit Server VM (24.51-b03 mixed mode windows-amd64 compressed oops)
Heap
 PSYoungGen      total 4884480K, used 4068583K [0x00000006b2a80000, 0x0000000800000000, 0x0000000800000000)
  eden space 4293120K, 94% used [0x00000006b2a80000,0x00000007a92064a8,0x00000007b8b00000)
  from space 591360K, 5% used [0x00000007dbe80000,0x00000007ddc33b50,0x0000000800000000)
  to   space 577024K, 0% used [0x00000007b8b00000,0x00000007b8b00000,0x00000007dbe80000)
 ParOldGen       total 2387456K, used 1398428K [0x0000000418000000, 0x00000004a9b80000, 0x00000006b2a80000)
  object space 2387456K, 58% used [0x0000000418000000,0x000000046d5a71b8,0x00000004a9b80000)
 PSPermGen       total 196608K, used 59264K [0x00000003d8000000, 0x00000003e4000000, 0x0000000418000000)
  object space 196608K, 30% used [0x00000003d8000000,0x00000003db9e00d8,0x00000003e4000000)
GC Heap History (10 events):
Event: 1268.902 GC heap before
{Heap before GC invocations=11 (full 2):
 PSYoungGen      total 2091520K, used 181731K [0x00000006b2a80000, 0x00000007da280000, 0x0000000800000000)
  eden space 1909760K, 0% used [0x00000006b2a80000,0x00000006b2a80000,0x0000000727380000)
  from space 181760K, 99% used [0x0000000727380000,0x00000007324f8f78,0x0000000732500000)
  to   space 510976K, 0% used [0x00000007baf80000,0x00000007baf80000,0x00000007da280000)
 ParOldGen       total 989184K, used 989119K [0x0000000418000000, 0x0000000454600000, 0x00000006b2a80000)
  object space 989184K, 99% used [0x0000000418000000,0x00000004545eff78,0x0000000454600000)
 PSPermGen       total 196608K, used 58910K [0x00000003d8000000, 0x00000003e4000000, 0x0000000418000000)
  object space 196608K, 29% used [0x00000003d8000000,0x00000003db987ae8,0x00000003e4000000)
Event: 1269.115 GC heap after
Heap after GC invocations=11 (full 2):
 PSYoungGen      total 2091520K, used 0K [0x00000006b2a80000, 0x00000007da280000, 0x0000000800000000)
  eden space 1909760K, 0% used [0x00000006b2a80000,0x00000006b2a80000,0x0000000727380000)
  from space 181760K, 0% used [0x0000000727380000,0x0000000727380000,0x0000000732500000)
  to   space 510976K, 0% used [0x00000007baf80000,0x00000007baf80000,0x00000007da280000)
 ParOldGen       total 1147392K, used 515804K [0x0000000418000000, 0x000000045e080000, 0x00000006b2a80000)
  object space 1147392K, 44% used [0x0000000418000000,0x00000004377b7170,0x000000045e080000)
 PSPermGen       total 196608K, used 58896K [0x00000003d8000000, 0x00000003e4000000, 0x0000000418000000)
  object space 196608K, 29% used [0x00000003d8000000,0x00000003db984330,0x00000003e4000000)
}
Event: 1270.495 GC heap before
{Heap before GC invocations=12 (full 2):
 PSYoungGen      total 2091520K, used 1909760K [0x00000006b2a80000, 0x00000007da280000, 0x0000000800000000)
  eden space 1909760K, 100% used [0x00000006b2a80000,0x0000000727380000,0x0000000727380000)
  from space 181760K, 0% used [0x0000000727380000,0x0000000727380000,0x0000000732500000)
  to   space 510976K, 0% used [0x00000007baf80000,0x00000007baf80000,0x00000007da280000)
 ParOldGen       total 1147392K, used 515804K [0x0000000418000000, 0x000000045e080000, 0x00000006b2a80000)
  object space 1147392K, 44% used [0x0000000418000000,0x00000004377b7170,0x000000045e080000)
 PSPermGen       total 196608K, used 58930K [0x00000003d8000000, 0x00000003e4000000, 0x0000000418000000)
  object space 196608K, 29% used [0x00000003d8000000,0x00000003db98cbe8,0x00000003e4000000)
Event: 1270.500 GC heap after
Heap after GC invocations=12 (full 2):
 PSYoungGen      total 3052032K, used 1024K [0x00000006b2a80000, 0x00000007bb100000, 0x0000000800000000)
  eden space 3050496K, 0% used [0x00000006b2a80000,0x00000006b2a80000,0x000000076cd80000)
  from space 1536K, 66% used [0x00000007baf80000,0x00000007bb080020,0x00000007bb100000)
  to   space 505344K, 0% used [0x000000077d600000,0x000000077d600000,0x000000079c380000)
 ParOldGen       total 1147392K, used 515804K [0x0000000418000000, 0x000000045e080000, 0x00000006b2a80000)
  object space 1147392K, 44% used [0x0000000418000000,0x00000004377b7170,0x000000045e080000)
 PSPermGen       total 196608K, used 58930K [0x00000003d8000000, 0x00000003e4000000, 0x0000000418000000)
  object space 196608K, 29% used [0x00000003d8000000,0x00000003db98cbe8,0x00000003e4000000)
}
Event: 1277.333 GC heap before
{Heap before GC invocations=13 (full 2):
 PSYoungGen      total 3052032K, used 3051520K [0x00000006b2a80000, 0x00000007bb100000, 0x0000000800000000)
  eden space 3050496K, 100% used [0x00000006b2a80000,0x000000076cd80000,0x000000076cd80000)
  from space 1536K, 66% used [0x00000007baf80000,0x00000007bb080020,0x00000007bb100000)
  to   space 505344K, 0% used [0x000000077d600000,0x000000077d600000,0x000000079c380000)
 ParOldGen       total 1147392K, used 515804K [0x0000000418000000, 0x000000045e080000, 0x00000006b2a80000)
  object space 1147392K, 44% used [0x0000000418000000,0x00000004377b7170,0x000000045e080000)
 PSPermGen       total 196608K, used 59024K [0x00000003d8000000, 0x00000003e4000000, 0x0000000418000000)
  object space 196608K, 30% used [0x00000003d8000000,0x00000003db9a4160,0x00000003e4000000)
Event: 1277.557 GC heap after
Heap after GC invocations=13 (full 2):
 PSYoungGen      total 3826688K, used 479840K [0x00000006b2a80000, 0x0000000800000000, 0x0000000800000000)
  eden space 3321344K, 0% used [0x00000006b2a80000,0x00000006b2a80000,0x000000077d600000)
  from space 505344K, 94% used [0x000000077d600000,0x000000079aa98140,0x000000079c380000)
  to   space 591360K, 0% used [0x00000007dbe80000,0x00000007dbe80000,0x0000000800000000)
 ParOldGen       total 1462784K, used 1445084K [0x0000000418000000, 0x0000000471480000, 0x00000006b2a80000)
  object space 1462784K, 98% used [0x0000000418000000,0x0000000470337380,0x0000000471480000)
 PSPermGen       total 196608K, used 59024K [0x00000003d8000000, 0x00000003e4000000, 0x0000000418000000)
  object space 196608K, 30% used [0x00000003d8000000,0x00000003db9a4160,0x00000003e4000000)
}
Event: 1277.557 GC heap before
{Heap before GC invocations=14 (full 3):
 PSYoungGen      total 3826688K, used 479840K [0x00000006b2a80000, 0x0000000800000000, 0x0000000800000000)
  eden space 3321344K, 0% used [0x00000006b2a80000,0x00000006b2a80000,0x000000077d600000)
  from space 505344K, 94% used [0x000000077d600000,0x000000079aa98140,0x000000079c380000)
  to   space 591360K, 0% used [0x00000007dbe80000,0x00000007dbe80000,0x0000000800000000)
 ParOldGen       total 1462784K, used 1445084K [0x0000000418000000, 0x0000000471480000, 0x00000006b2a80000)
  object space 1462784K, 98% used [0x0000000418000000,0x0000000470337380,0x0000000471480000)
 PSPermGen       total 196608K, used 59024K [0x00000003d8000000, 0x00000003e4000000, 0x0000000418000000)
  object space 196608K, 30% used [0x00000003d8000000,0x00000003db9a4160,0x00000003e4000000)
Event: 1277.838 GC heap after
Heap after GC invocations=14 (full 3):
 PSYoungGen      total 3826688K, used 0K [0x00000006b2a80000, 0x0000000800000000, 0x0000000800000000)
  eden space 3321344K, 0% used [0x00000006b2a80000,0x00000006b2a80000,0x000000077d600000)
  from space 505344K, 0% used [0x000000077d600000,0x000000077d600000,0x000000079c380000)
  to   space 591360K, 0% used [0x00000007dbe80000,0x00000007dbe80000,0x0000000800000000)
 ParOldGen       total 2387456K, used 1398428K [0x0000000418000000, 0x00000004a9b80000, 0x00000006b2a80000)
  object space 2387456K, 58% used [0x0000000418000000,0x000000046d5a71b8,0x00000004a9b80000)
 PSPermGen       total 196608K, used 59023K [0x00000003d8000000, 0x00000003e4000000, 0x0000000418000000)
  object space 196608K, 30% used [0x00000003d8000000,0x00000003db9a3e40,0x00000003e4000000)
}
Event: 1279.384 GC heap before
{Heap before GC invocations=15 (full 3):
 PSYoungGen      total 3826688K, used 3321344K [0x00000006b2a80000, 0x0000000800000000, 0x0000000800000000)
  eden space 3321344K, 100% used [0x00000006b2a80000,0x000000077d600000,0x000000077d600000)
  from space 505344K, 0% used [0x000000077d600000,0x000000077d600000,0x000000079c380000)
  to   space 591360K, 0% used [0x00000007dbe80000,0x00000007dbe80000,0x0000000800000000)
 ParOldGen       total 2387456K, used 1398428K [0x0000000418000000, 0x00000004a9b80000, 0x00000006b2a80000)
  object space 2387456K, 58% used [0x0000000418000000,0x000000046d5a71b8,0x00000004a9b80000)
 PSPermGen       total 196608K, used 59044K [0x00000003d8000000, 0x00000003e4000000, 0x0000000418000000)
  object space 196608K, 30% used [0x00000003d8000000,0x00000003db9a92e8,0x00000003e4000000)
Event: 1279.397 GC heap after
Heap after GC invocations=15 (full 3):
 PSYoungGen      total 4884480K, used 30414K [0x00000006b2a80000, 0x0000000800000000, 0x0000000800000000)
  eden space 4293120K, 0% used [0x00000006b2a80000,0x00000006b2a80000,0x00000007b8b00000)
  from space 591360K, 5% used [0x00000007dbe80000,0x00000007ddc33b50,0x0000000800000000)
  to   space 577024K, 0% used [0x00000007b8b00000,0x00000007b8b00000,0x00000007dbe80000)
 ParOldGen       total 2387456K, used 1398428K [0x0000000418000000, 0x00000004a9b80000, 0x00000006b2a80000)
  object space 2387456K, 58% used [0x0000000418000000,0x000000046d5a71b8,0x00000004a9b80000)
 PSPermGen       total 196608K, used 59044K [0x00000003d8000000, 0x00000003e4000000, 0x0000000418000000)
  object space 196608K, 30% used [0x00000003d8000000,0x00000003db9a92e8,0x00000003e4000000)
}

