# JRE version: Java(TM) SE Runtime Environment (7.0_51-b13) (build 1.7.0_51-b13)
# Java VM: Java HotSpot(TM) 64-Bit Server VM (24.51-b03 mixed mode windows-amd64 compressed oops)
Heap
 PSYoungGen      total 4428288K, used 215457K [0x00000006b2a80000, 0x00000007fe000000, 0x0000000800000000)
  eden space 4425216K, 4% used [0x00000006b2a80000,0x00000006bfa50640,0x00000007c0c00000)
  from space 3072K, 86% used [0x00000007c0c00000,0x00000007c0e98060,0x00000007c0f00000)
  to   space 501760K, 0% used [0x00000007df600000,0x00000007df600000,0x00000007fe000000)
 ParOldGen       total 2339328K, used 1400873K [0x0000000418000000, 0x00000004a6c80000, 0x00000006b2a80000)
  object space 2339328K, 59% used [0x0000000418000000,0x000000046d80a768,0x00000004a6c80000)
 PSPermGen       total 196608K, used 59306K [0x00000003d8000000, 0x00000003e4000000, 0x0000000418000000)
  object space 196608K, 30% used [0x00000003d8000000,0x00000003db9ea8e0,0x00000003e4000000)
GC Heap History (10 events):
Event: 118.674 GC heap before
{Heap before GC invocations=12 (full 2):
 PSYoungGen      total 2091008K, used 1909760K [0x00000006b2a80000, 0x00000007d3380000, 0x0000000800000000)
  eden space 1909760K, 100% used [0x00000006b2a80000,0x0000000727380000,0x0000000727380000)
  from space 181248K, 0% used [0x0000000727380000,0x0000000727380000,0x0000000732480000)
  to   space 454144K, 0% used [0x00000007b7800000,0x00000007b7800000,0x00000007d3380000)
 ParOldGen       total 1101824K, used 516272K [0x0000000418000000, 0x000000045b400000, 0x00000006b2a80000)
  object space 1101824K, 46% used [0x0000000418000000,0x000000043782c290,0x000000045b400000)
 PSPermGen       total 196608K, used 58953K [0x00000003d8000000, 0x00000003e4000000, 0x0000000418000000)
  object space 196608K, 29% used [0x00000003d8000000,0x00000003db9926d0,0x00000003e4000000)
Event: 118.678 GC heap after
Heap after GC invocations=12 (full 2):
 PSYoungGen      total 2988544K, used 992K [0x00000006b2a80000, 0x00000007b7900000, 0x0000000800000000)
  eden space 2987520K, 0% used [0x00000006b2a80000,0x00000006b2a80000,0x0000000769000000)
  from space 1024K, 96% used [0x00000007b7800000,0x00000007b78f8020,0x00000007b7900000)
  to   space 450048K, 0% used [0x0000000780a00000,0x0000000780a00000,0x000000079c180000)
 ParOldGen       total 1101824K, used 516272K [0x0000000418000000, 0x000000045b400000, 0x00000006b2a80000)
  object space 1101824K, 46% used [0x0000000418000000,0x000000043782c290,0x000000045b400000)
 PSPermGen       total 196608K, used 58953K [0x00000003d8000000, 0x00000003e4000000, 0x0000000418000000)
  object space 196608K, 29% used [0x00000003d8000000,0x00000003db9926d0,0x00000003e4000000)
}
Event: 125.460 GC heap before
{Heap before GC invocations=13 (full 2):
 PSYoungGen      total 2988544K, used 2988512K [0x00000006b2a80000, 0x00000007b7900000, 0x0000000800000000)
  eden space 2987520K, 100% used [0x00000006b2a80000,0x0000000769000000,0x0000000769000000)
  from space 1024K, 96% used [0x00000007b7800000,0x00000007b78f8020,0x00000007b7900000)
  to   space 450048K, 0% used [0x0000000780a00000,0x0000000780a00000,0x000000079c180000)
 ParOldGen       total 1101824K, used 516272K [0x0000000418000000, 0x000000045b400000, 0x00000006b2a80000)
  object space 1101824K, 46% used [0x0000000418000000,0x000000043782c290,0x000000045b400000)
 PSPermGen       total 196608K, used 59051K [0x00000003d8000000, 0x00000003e4000000, 0x0000000418000000)
  object space 196608K, 30% used [0x00000003d8000000,0x00000003db9aaf10,0x00000003e4000000)
Event: 125.956 GC heap after
Heap after GC invocations=13 (full 2):
 PSYoungGen      total 3824640K, used 423521K [0x00000006b2a80000, 0x0000000800000000, 0x0000000800000000)
  eden space 3374592K, 0% used [0x00000006b2a80000,0x00000006b2a80000,0x0000000780a00000)
  from space 450048K, 94% used [0x0000000780a00000,0x000000079a798650,0x000000079c180000)
  to   space 524288K, 0% used [0x00000007e0000000,0x00000007e0000000,0x0000000800000000)
 ParOldGen       total 1445888K, used 1417401K [0x0000000418000000, 0x0000000470400000, 0x00000006b2a80000)
  object space 1445888K, 98% used [0x0000000418000000,0x000000046e82e490,0x0000000470400000)
 PSPermGen       total 196608K, used 59051K [0x00000003d8000000, 0x00000003e4000000, 0x0000000418000000)
  object space 196608K, 30% used [0x00000003d8000000,0x00000003db9aaf10,0x00000003e4000000)
}
Event: 125.956 GC heap before
{Heap before GC invocations=14 (full 3):
 PSYoungGen      total 3824640K, used 423521K [0x00000006b2a80000, 0x0000000800000000, 0x0000000800000000)
  eden space 3374592K, 0% used [0x00000006b2a80000,0x00000006b2a80000,0x0000000780a00000)
  from space 450048K, 94% used [0x0000000780a00000,0x000000079a798650,0x000000079c180000)
  to   space 524288K, 0% used [0x00000007e0000000,0x00000007e0000000,0x0000000800000000)
 ParOldGen       total 1445888K, used 1417401K [0x0000000418000000, 0x0000000470400000, 0x00000006b2a80000)
  object space 1445888K, 98% used [0x0000000418000000,0x000000046e82e490,0x0000000470400000)
 PSPermGen       total 196608K, used 59051K [0x00000003d8000000, 0x00000003e4000000, 0x0000000418000000)
  object space 196608K, 30% used [0x00000003d8000000,0x00000003db9aaf10,0x00000003e4000000)
Event: 126.252 GC heap after
Heap after GC invocations=14 (full 3):
 PSYoungGen      total 3824640K, used 0K [0x00000006b2a80000, 0x0000000800000000, 0x0000000800000000)
  eden space 3374592K, 0% used [0x00000006b2a80000,0x00000006b2a80000,0x0000000780a00000)
  from space 450048K, 0% used [0x0000000780a00000,0x0000000780a00000,0x000000079c180000)
  to   space 524288K, 0% used [0x00000007e0000000,0x00000007e0000000,0x0000000800000000)
 ParOldGen       total 2339328K, used 1400801K [0x0000000418000000, 0x00000004a6c80000, 0x00000006b2a80000)
  object space 2339328K, 59% used [0x0000000418000000,0x000000046d7f8768,0x00000004a6c80000)
 PSPermGen       total 196608K, used 59051K [0x00000003d8000000, 0x00000003e4000000, 0x0000000418000000)
  object space 196608K, 30% used [0x00000003d8000000,0x00000003db9aad30,0x00000003e4000000)
}
Event: 128.094 GC heap before
{Heap before GC invocations=15 (full 3):
 PSYoungGen      total 3824640K, used 3374592K [0x00000006b2a80000, 0x0000000800000000, 0x0000000800000000)
  eden space 3374592K, 100% used [0x00000006b2a80000,0x0000000780a00000,0x0000000780a00000)
  from space 450048K, 0% used [0x0000000780a00000,0x0000000780a00000,0x000000079c180000)
  to   space 524288K, 0% used [0x00000007e0000000,0x00000007e0000000,0x0000000800000000)
 ParOldGen       total 2339328K, used 1400801K [0x0000000418000000, 0x00000004a6c80000, 0x00000006b2a80000)
  object space 2339328K, 59% used [0x0000000418000000,0x000000046d7f8768,0x00000004a6c80000)
 PSPermGen       total 196608K, used 59075K [0x00000003d8000000, 0x00000003e4000000, 0x0000000418000000)
  object space 196608K, 30% used [0x00000003d8000000,0x00000003db9b0f30,0x00000003e4000000)
Event: 128.112 GC heap after
Heap after GC invocations=15 (full 3):
 PSYoungGen      total 4949504K, used 30510K [0x00000006b2a80000, 0x0000000800000000, 0x0000000800000000)
  eden space 4425216K, 0% used [0x00000006b2a80000,0x00000006b2a80000,0x00000007c0c00000)
  from space 524288K, 5% used [0x00000007e0000000,0x00000007e1dcbb50,0x0000000800000000)
  to   space 512000K, 0% used [0x00000007c0c00000,0x00000007c0c00000,0x00000007e0000000)
 ParOldGen       total 2339328K, used 1400801K [0x0000000418000000, 0x00000004a6c80000, 0x00000006b2a80000)
  object space 2339328K, 59% used [0x0000000418000000,0x000000046d7f8768,0x00000004a6c80000)
 PSPermGen       total 196608K, used 59075K [0x00000003d8000000, 0x00000003e4000000, 0x0000000418000000)
  object space 196608K, 30% used [0x00000003d8000000,0x00000003db9b0f30,0x00000003e4000000)
}
Event: 133.132 GC heap before
{Heap before GC invocations=16 (full 3):
 PSYoungGen      total 4949504K, used 4455726K [0x00000006b2a80000, 0x0000000800000000, 0x0000000800000000)
  eden space 4425216K, 100% used [0x00000006b2a80000,0x00000007c0c00000,0x00000007c0c00000)
  from space 524288K, 5% used [0x00000007e0000000,0x00000007e1dcbb50,0x0000000800000000)
  to   space 512000K, 0% used [0x00000007c0c00000,0x00000007c0c00000,0x00000007e0000000)
 ParOldGen       total 2339328K, used 1400801K [0x0000000418000000, 0x00000004a6c80000, 0x00000006b2a80000)
  object space 2339328K, 59% used [0x0000000418000000,0x000000046d7f8768,0x00000004a6c80000)
 PSPermGen       total 196608K, used 59085K [0x00000003d8000000, 0x00000003e4000000, 0x0000000418000000)
  object space 196608K, 30% used [0x00000003d8000000,0x00000003db9b34d8,0x00000003e4000000)
Event: 133.136 GC heap after
Heap after GC invocations=16 (full 3):
 PSYoungGen      total 4428288K, used 2656K [0x00000006b2a80000, 0x00000007fe000000, 0x0000000800000000)
  eden space 4425216K, 0% used [0x00000006b2a80000,0x00000006b2a80000,0x00000007c0c00000)
  from space 3072K, 86% used [0x00000007c0c00000,0x00000007c0e98060,0x00000007c0f00000)
  to   space 501760K, 0% used [0x00000007df600000,0x00000007df600000,0x00000007fe000000)
 ParOldGen       total 2339328K, used 1400873K [0x0000000418000000, 0x00000004a6c80000, 0x00000006b2a80000)
  object space 2339328K, 59% used [0x0000000418000000,0x000000046d80a768,0x00000004a6c80000)
 PSPermGen       total 196608K, used 59085K [0x00000003d8000000, 0x00000003e4000000, 0x0000000418000000)
  object space 196608K, 30% used [0x00000003d8000000,0x00000003db9b34d8,0x00000003e4000000)
}

