# JRE version: Java(TM) SE Runtime Environment (7.0_51-b13) (build 1.7.0_51-b13)
# Java VM: Java HotSpot(TM) 64-Bit Server VM (24.51-b03 mixed mode windows-amd64 compressed oops)
Heap
 PSYoungGen      total 4370944K, used 214280K [0x00000006b2a80000, 0x00000007fde00000, 0x0000000800000000)
  eden space 4367872K, 4% used [0x00000006b2a80000,0x00000006bf9222c0,0x00000007bd400000)
  from space 3072K, 87% used [0x00000007bd400000,0x00000007bd6a0060,0x00000007bd700000)
  to   space 529408K, 0% used [0x00000007dd900000,0x00000007dd900000,0x00000007fde00000)
 ParOldGen       total 2423296K, used 1402733K [0x0000000418000000, 0x00000004abe80000, 0x00000006b2a80000)
  object space 2423296K, 57% used [0x0000000418000000,0x000000046d9db588,0x00000004abe80000)
 PSPermGen       total 196608K, used 58914K [0x00000003d8000000, 0x00000003e4000000, 0x0000000418000000)
  object space 196608K, 29% used [0x00000003d8000000,0x00000003db988988,0x00000003e4000000)
GC Heap History (10 events):
Event: 103.051 GC heap before
{Heap before GC invocations=12 (full 2):
 PSYoungGen      total 2091520K, used 1910784K [0x00000006b2a80000, 0x00000007d6280000, 0x0000000800000000)
  eden space 1910784K, 100% used [0x00000006b2a80000,0x0000000727480000,0x0000000727480000)
  from space 180736K, 0% used [0x0000000727480000,0x0000000727480000,0x0000000732500000)
  to   space 477184K, 0% used [0x00000007b9080000,0x00000007b9080000,0x00000007d6280000)
 ParOldGen       total 1125888K, used 515267K [0x0000000418000000, 0x000000045cb80000, 0x00000006b2a80000)
  object space 1125888K, 45% used [0x0000000418000000,0x0000000437730cd8,0x000000045cb80000)
 PSPermGen       total 196608K, used 58575K [0x00000003d8000000, 0x00000003e4000000, 0x0000000418000000)
  object space 196608K, 29% used [0x00000003d8000000,0x00000003db933c50,0x00000003e4000000)
Event: 103.055 GC heap after
Heap after GC invocations=12 (full 2):
 PSYoungGen      total 2989568K, used 1088K [0x00000006b2a80000, 0x00000007b9200000, 0x0000000800000000)
  eden space 2988032K, 0% used [0x00000006b2a80000,0x00000006b2a80000,0x0000000769080000)
  from space 1536K, 70% used [0x00000007b9080000,0x00000007b9190020,0x00000007b9200000)
  to   space 472576K, 0% used [0x000000077f700000,0x000000077f700000,0x000000079c480000)
 ParOldGen       total 1125888K, used 515267K [0x0000000418000000, 0x000000045cb80000, 0x00000006b2a80000)
  object space 1125888K, 45% used [0x0000000418000000,0x0000000437730cd8,0x000000045cb80000)
 PSPermGen       total 196608K, used 58575K [0x00000003d8000000, 0x00000003e4000000, 0x0000000418000000)
  object space 196608K, 29% used [0x00000003d8000000,0x00000003db933c50,0x00000003e4000000)
}
Event: 110.117 GC heap before
{Heap before GC invocations=13 (full 2):
 PSYoungGen      total 2989568K, used 2989120K [0x00000006b2a80000, 0x00000007b9200000, 0x0000000800000000)
  eden space 2988032K, 100% used [0x00000006b2a80000,0x0000000769080000,0x0000000769080000)
  from space 1536K, 70% used [0x00000007b9080000,0x00000007b9190020,0x00000007b9200000)
  to   space 472576K, 0% used [0x000000077f700000,0x000000077f700000,0x000000079c480000)
 ParOldGen       total 1125888K, used 515267K [0x0000000418000000, 0x000000045cb80000, 0x00000006b2a80000)
  object space 1125888K, 45% used [0x0000000418000000,0x0000000437730cd8,0x000000045cb80000)
 PSPermGen       total 196608K, used 58668K [0x00000003d8000000, 0x00000003e4000000, 0x0000000418000000)
  object space 196608K, 29% used [0x00000003d8000000,0x00000003db94b298,0x00000003e4000000)
Event: 110.366 GC heap after
Heap after GC invocations=13 (full 2):
 PSYoungGen      total 3827712K, used 451761K [0x00000006b2a80000, 0x0000000800000000, 0x0000000800000000)
  eden space 3355136K, 0% used [0x00000006b2a80000,0x00000006b2a80000,0x000000077f700000)
  from space 472576K, 95% used [0x000000077f700000,0x000000079b02c548,0x000000079c480000)
  to   space 553472K, 0% used [0x00000007de380000,0x00000007de380000,0x0000000800000000)
 ParOldGen       total 1584640K, used 1557187K [0x0000000418000000, 0x0000000478b80000, 0x00000006b2a80000)
  object space 1584640K, 98% used [0x0000000418000000,0x00000004770b0f28,0x0000000478b80000)
 PSPermGen       total 196608K, used 58668K [0x00000003d8000000, 0x00000003e4000000, 0x0000000418000000)
  object space 196608K, 29% used [0x00000003d8000000,0x00000003db94b298,0x00000003e4000000)
}
Event: 110.366 GC heap before
{Heap before GC invocations=14 (full 3):
 PSYoungGen      total 3827712K, used 451761K [0x00000006b2a80000, 0x0000000800000000, 0x0000000800000000)
  eden space 3355136K, 0% used [0x00000006b2a80000,0x00000006b2a80000,0x000000077f700000)
  from space 472576K, 95% used [0x000000077f700000,0x000000079b02c548,0x000000079c480000)
  to   space 553472K, 0% used [0x00000007de380000,0x00000007de380000,0x0000000800000000)
 ParOldGen       total 1584640K, used 1557187K [0x0000000418000000, 0x0000000478b80000, 0x00000006b2a80000)
  object space 1584640K, 98% used [0x0000000418000000,0x00000004770b0f28,0x0000000478b80000)
 PSPermGen       total 196608K, used 58668K [0x00000003d8000000, 0x00000003e4000000, 0x0000000418000000)
  object space 196608K, 29% used [0x00000003d8000000,0x00000003db94b298,0x00000003e4000000)
Event: 110.649 GC heap after
Heap after GC invocations=14 (full 3):
 PSYoungGen      total 3827712K, used 0K [0x00000006b2a80000, 0x0000000800000000, 0x0000000800000000)
  eden space 3355136K, 0% used [0x00000006b2a80000,0x00000006b2a80000,0x000000077f700000)
  from space 472576K, 0% used [0x000000077f700000,0x000000077f700000,0x000000079c480000)
  to   space 553472K, 0% used [0x00000007de380000,0x00000007de380000,0x0000000800000000)
 ParOldGen       total 2423296K, used 1402677K [0x0000000418000000, 0x00000004abe80000, 0x00000006b2a80000)
  object space 2423296K, 57% used [0x0000000418000000,0x000000046d9cd588,0x00000004abe80000)
 PSPermGen       total 196608K, used 58667K [0x00000003d8000000, 0x00000003e4000000, 0x0000000418000000)
  object space 196608K, 29% used [0x00000003d8000000,0x00000003db94afd8,0x00000003e4000000)
}
Event: 111.681 GC heap before
{Heap before GC invocations=15 (full 3):
 PSYoungGen      total 3827712K, used 3355136K [0x00000006b2a80000, 0x0000000800000000, 0x0000000800000000)
  eden space 3355136K, 100% used [0x00000006b2a80000,0x000000077f700000,0x000000077f700000)
  from space 472576K, 0% used [0x000000077f700000,0x000000077f700000,0x000000079c480000)
  to   space 553472K, 0% used [0x00000007de380000,0x00000007de380000,0x0000000800000000)
 ParOldGen       total 2423296K, used 1402677K [0x0000000418000000, 0x00000004abe80000, 0x00000006b2a80000)
  object space 2423296K, 57% used [0x0000000418000000,0x000000046d9cd588,0x00000004abe80000)
 PSPermGen       total 196608K, used 58695K [0x00000003d8000000, 0x00000003e4000000, 0x0000000418000000)
  object space 196608K, 29% used [0x00000003d8000000,0x00000003db951de0,0x00000003e4000000)
Event: 111.694 GC heap after
Heap after GC invocations=15 (full 3):
 PSYoungGen      total 4921344K, used 30446K [0x00000006b2a80000, 0x0000000800000000, 0x0000000800000000)
  eden space 4367872K, 0% used [0x00000006b2a80000,0x00000006b2a80000,0x00000007bd400000)
  from space 553472K, 5% used [0x00000007de380000,0x00000007e013bb50,0x0000000800000000)
  to   space 540160K, 0% used [0x00000007bd400000,0x00000007bd400000,0x00000007de380000)
 ParOldGen       total 2423296K, used 1402677K [0x0000000418000000, 0x00000004abe80000, 0x00000006b2a80000)
  object space 2423296K, 57% used [0x0000000418000000,0x000000046d9cd588,0x00000004abe80000)
 PSPermGen       total 196608K, used 58695K [0x00000003d8000000, 0x00000003e4000000, 0x0000000418000000)
  object space 196608K, 29% used [0x00000003d8000000,0x00000003db951de0,0x00000003e4000000)
}
Event: 115.884 GC heap before
{Heap before GC invocations=16 (full 3):
 PSYoungGen      total 4921344K, used 4398318K [0x00000006b2a80000, 0x0000000800000000, 0x0000000800000000)
  eden space 4367872K, 100% used [0x00000006b2a80000,0x00000007bd400000,0x00000007bd400000)
  from space 553472K, 5% used [0x00000007de380000,0x00000007e013bb50,0x0000000800000000)
  to   space 540160K, 0% used [0x00000007bd400000,0x00000007bd400000,0x00000007de380000)
 ParOldGen       total 2423296K, used 1402677K [0x0000000418000000, 0x00000004abe80000, 0x00000006b2a80000)
  object space 2423296K, 57% used [0x0000000418000000,0x000000046d9cd588,0x00000004abe80000)
 PSPermGen       total 196608K, used 58697K [0x00000003d8000000, 0x00000003e4000000, 0x0000000418000000)
  object space 196608K, 29% used [0x00000003d8000000,0x00000003db9524d0,0x00000003e4000000)
Event: 115.892 GC heap after
Heap after GC invocations=16 (full 3):
 PSYoungGen      total 4370944K, used 2688K [0x00000006b2a80000, 0x00000007fde00000, 0x0000000800000000)
  eden space 4367872K, 0% used [0x00000006b2a80000,0x00000006b2a80000,0x00000007bd400000)
  from space 3072K, 87% used [0x00000007bd400000,0x00000007bd6a0060,0x00000007bd700000)
  to   space 529408K, 0% used [0x00000007dd900000,0x00000007dd900000,0x00000007fde00000)
 ParOldGen       total 2423296K, used 1402733K [0x0000000418000000, 0x00000004abe80000, 0x00000006b2a80000)
  object space 2423296K, 57% used [0x0000000418000000,0x000000046d9db588,0x00000004abe80000)
 PSPermGen       total 196608K, used 58697K [0x00000003d8000000, 0x00000003e4000000, 0x0000000418000000)
  object space 196608K, 29% used [0x00000003d8000000,0x00000003db9524d0,0x00000003e4000000)
}

