# JRE version: Java(TM) SE Runtime Environment (7.0_51-b13) (build 1.7.0_51-b13)
# Java VM: Java HotSpot(TM) 64-Bit Server VM (24.51-b03 mixed mode bsd-amd64 compressed oops)
Heap
 PSYoungGen      total 2105344K, used 144397K [0x0000000755500000, 0x00000007e6b00000, 0x0000000800000000)
  eden space 1899008K, 1% used [0x0000000755500000,0x00000007572e3e28,0x00000007c9380000)
  from space 206336K, 55% used [0x00000007c9380000,0x00000007d029f750,0x00000007d5d00000)
  to   space 222720K, 0% used [0x00000007d9180000,0x00000007d9180000,0x00000007e6b00000)
 ParOldGen       total 4955136K, used 3409530K [0x0000000600000000, 0x000000072e700000, 0x0000000755500000)
  object space 4955136K, 68% used [0x0000000600000000,0x00000006d019e950,0x000000072e700000)
 PSPermGen       total 196608K, used 56387K [0x00000005c0000000, 0x00000005cc000000, 0x0000000600000000)
  object space 196608K, 28% used [0x00000005c0000000,0x00000005c3710d80,0x00000005cc000000)
GC Heap History (10 events):
Event: 388.174 GC heap before
{Heap before GC invocations=59 (full 8):
 PSYoungGen      total 2034176K, used 1788448K [0x0000000755500000, 0x00000007e4d00000, 0x0000000800000000)
  eden space 1787904K, 100% used [0x0000000755500000,0x00000007c2700000,0x00000007c2700000)
  from space 246272K, 0% used [0x00000007d5c80000,0x00000007d5d08000,0x00000007e4d00000)
  to   space 281600K, 0% used [0x00000007c2700000,0x00000007c2700000,0x00000007d3a00000)
 ParOldGen       total 4955136K, used 3409306K [0x0000000600000000, 0x000000072e700000, 0x0000000755500000)
  object space 4955136K, 68% used [0x0000000600000000,0x00000006d0166950,0x000000072e700000)
 PSPermGen       total 196608K, used 56038K [0x00000005c0000000, 0x00000005cc000000, 0x0000000600000000)
  object space 196608K, 28% used [0x00000005c0000000,0x00000005c36b9968,0x00000005cc000000)
Event: 388.188 GC heap after
Heap after GC invocations=59 (full 8):
 PSYoungGen      total 2069504K, used 544K [0x0000000755500000, 0x00000007e6780000, 0x0000000800000000)
  eden space 1787904K, 0% used [0x0000000755500000,0x0000000755500000,0x00000007c2700000)
  from space 281600K, 0% used [0x00000007c2700000,0x00000007c2788000,0x00000007d3a00000)
  to   space 260608K, 0% used [0x00000007d6900000,0x00000007d6900000,0x00000007e6780000)
 ParOldGen       total 4955136K, used 3409346K [0x0000000600000000, 0x000000072e700000, 0x0000000755500000)
  object space 4955136K, 68% used [0x0000000600000000,0x00000006d0170950,0x000000072e700000)
 PSPermGen       total 196608K, used 56038K [0x00000005c0000000, 0x00000005cc000000, 0x0000000600000000)
  object space 196608K, 28% used [0x00000005c0000000,0x00000005c36b9968,0x00000005cc000000)
}
Event: 389.280 GC heap before
{Heap before GC invocations=60 (full 8):
 PSYoungGen      total 2069504K, used 1788448K [0x0000000755500000, 0x00000007e6780000, 0x0000000800000000)
  eden space 1787904K, 100% used [0x0000000755500000,0x00000007c2700000,0x00000007c2700000)
  from space 281600K, 0% used [0x00000007c2700000,0x00000007c2788000,0x00000007d3a00000)
  to   space 260608K, 0% used [0x00000007d6900000,0x00000007d6900000,0x00000007e6780000)
 ParOldGen       total 4955136K, used 3409346K [0x0000000600000000, 0x000000072e700000, 0x0000000755500000)
  object space 4955136K, 68% used [0x0000000600000000,0x00000006d0170950,0x000000072e700000)
 PSPermGen       total 196608K, used 56038K [0x00000005c0000000, 0x00000005cc000000, 0x0000000600000000)
  object space 196608K, 28% used [0x00000005c0000000,0x00000005c36b9a70,0x00000005cc000000)
Event: 389.294 GC heap after
Heap after GC invocations=60 (full 8):
 PSYoungGen      total 2067456K, used 544K [0x0000000755500000, 0x00000007e3c00000, 0x0000000800000000)
  eden space 1851392K, 0% used [0x0000000755500000,0x0000000755500000,0x00000007c6500000)
  from space 216064K, 0% used [0x00000007d6900000,0x00000007d6988000,0x00000007e3c00000)
  to   space 241152K, 0% used [0x00000007c6500000,0x00000007c6500000,0x00000007d5080000)
 ParOldGen       total 4955136K, used 3409386K [0x0000000600000000, 0x000000072e700000, 0x0000000755500000)
  object space 4955136K, 68% used [0x0000000600000000,0x00000006d017a950,0x000000072e700000)
 PSPermGen       total 196608K, used 56038K [0x00000005c0000000, 0x00000005cc000000, 0x0000000600000000)
  object space 196608K, 28% used [0x00000005c0000000,0x00000005c36b9a70,0x00000005cc000000)
}
Event: 390.465 GC heap before
{Heap before GC invocations=61 (full 8):
 PSYoungGen      total 2067456K, used 1851936K [0x0000000755500000, 0x00000007e3c00000, 0x0000000800000000)
  eden space 1851392K, 100% used [0x0000000755500000,0x00000007c6500000,0x00000007c6500000)
  from space 216064K, 0% used [0x00000007d6900000,0x00000007d6988000,0x00000007e3c00000)
  to   space 241152K, 0% used [0x00000007c6500000,0x00000007c6500000,0x00000007d5080000)
 ParOldGen       total 4955136K, used 3409386K [0x0000000600000000, 0x000000072e700000, 0x0000000755500000)
  object space 4955136K, 68% used [0x0000000600000000,0x00000006d017a950,0x000000072e700000)
 PSPermGen       total 196608K, used 56038K [0x00000005c0000000, 0x00000005cc000000, 0x0000000600000000)
  object space 196608K, 28% used [0x00000005c0000000,0x00000005c36b9b18,0x00000005cc000000)
Event: 390.478 GC heap after
Heap after GC invocations=61 (full 8):
 PSYoungGen      total 2092544K, used 544K [0x0000000755500000, 0x00000007e5400000, 0x0000000800000000)
  eden space 1851392K, 0% used [0x0000000755500000,0x0000000755500000,0x00000007c6500000)
  from space 241152K, 0% used [0x00000007c6500000,0x00000007c6588000,0x00000007d5080000)
  to   space 223232K, 0% used [0x00000007d7a00000,0x00000007d7a00000,0x00000007e5400000)
 ParOldGen       total 4955136K, used 3409434K [0x0000000600000000, 0x000000072e700000, 0x0000000755500000)
  object space 4955136K, 68% used [0x0000000600000000,0x00000006d0186950,0x000000072e700000)
 PSPermGen       total 196608K, used 56038K [0x00000005c0000000, 0x00000005cc000000, 0x0000000600000000)
  object space 196608K, 28% used [0x00000005c0000000,0x00000005c36b9b18,0x00000005cc000000)
}
Event: 573.071 GC heap before
{Heap before GC invocations=62 (full 8):
 PSYoungGen      total 2092544K, used 1851936K [0x0000000755500000, 0x00000007e5400000, 0x0000000800000000)
  eden space 1851392K, 100% used [0x0000000755500000,0x00000007c6500000,0x00000007c6500000)
  from space 241152K, 0% used [0x00000007c6500000,0x00000007c6588000,0x00000007d5080000)
  to   space 223232K, 0% used [0x00000007d7a00000,0x00000007d7a00000,0x00000007e5400000)
 ParOldGen       total 4955136K, used 3409434K [0x0000000600000000, 0x000000072e700000, 0x0000000755500000)
  object space 4955136K, 68% used [0x0000000600000000,0x00000006d0186950,0x000000072e700000)
 PSPermGen       total 196608K, used 56075K [0x00000005c0000000, 0x00000005cc000000, 0x0000000600000000)
  object space 196608K, 28% used [0x00000005c0000000,0x00000005c36c2fb0,0x00000005cc000000)
Event: 573.086 GC heap after
Heap after GC invocations=62 (full 8):
 PSYoungGen      total 2075648K, used 1120K [0x0000000755500000, 0x00000007e2680000, 0x0000000800000000)
  eden space 1899008K, 0% used [0x0000000755500000,0x0000000755500000,0x00000007c9380000)
  from space 176640K, 0% used [0x00000007d7a00000,0x00000007d7b18000,0x00000007e2680000)
  to   space 206336K, 0% used [0x00000007c9380000,0x00000007c9380000,0x00000007d5d00000)
 ParOldGen       total 4955136K, used 3409514K [0x0000000600000000, 0x000000072e700000, 0x0000000755500000)
  object space 4955136K, 68% used [0x0000000600000000,0x00000006d019a950,0x000000072e700000)
 PSPermGen       total 196608K, used 56075K [0x00000005c0000000, 0x00000005cc000000, 0x0000000600000000)
  object space 196608K, 28% used [0x00000005c0000000,0x00000005c36c2fb0,0x00000005cc000000)
}
Event: 2776.950 GC heap before
{Heap before GC invocations=63 (full 8):
 PSYoungGen      total 2075648K, used 1900128K [0x0000000755500000, 0x00000007e2680000, 0x0000000800000000)
  eden space 1899008K, 100% used [0x0000000755500000,0x00000007c9380000,0x00000007c9380000)
  from space 176640K, 0% used [0x00000007d7a00000,0x00000007d7b18000,0x00000007e2680000)
  to   space 206336K, 0% used [0x00000007c9380000,0x00000007c9380000,0x00000007d5d00000)
 ParOldGen       total 4955136K, used 3409514K [0x0000000600000000, 0x000000072e700000, 0x0000000755500000)
  object space 4955136K, 68% used [0x0000000600000000,0x00000006d019a950,0x000000072e700000)
 PSPermGen       total 196608K, used 56370K [0x00000005c0000000, 0x00000005cc000000, 0x0000000600000000)
  object space 196608K, 28% used [0x00000005c0000000,0x00000005c370c920,0x00000005cc000000)
Event: 2776.975 GC heap after
Heap after GC invocations=63 (full 8):
 PSYoungGen      total 2105344K, used 113789K [0x0000000755500000, 0x00000007e6b00000, 0x0000000800000000)
  eden space 1899008K, 0% used [0x0000000755500000,0x0000000755500000,0x00000007c9380000)
  from space 206336K, 55% used [0x00000007c9380000,0x00000007d029f750,0x00000007d5d00000)
  to   space 222720K, 0% used [0x00000007d9180000,0x00000007d9180000,0x00000007e6b00000)
 ParOldGen       total 4955136K, used 3409530K [0x0000000600000000, 0x000000072e700000, 0x0000000755500000)
  object space 4955136K, 68% used [0x0000000600000000,0x00000006d019e950,0x000000072e700000)
 PSPermGen       total 196608K, used 56370K [0x00000005c0000000, 0x00000005cc000000, 0x0000000600000000)
  object space 196608K, 28% used [0x00000005c0000000,0x00000005c370c920,0x00000005cc000000)
}

