# JRE version: Java(TM) SE Runtime Environment (7.0_51-b13) (build 1.7.0_51-b13)
# Java VM: Java HotSpot(TM) 64-Bit Server VM (24.51-b03 mixed mode bsd-amd64 compressed oops)
Heap
 PSYoungGen      total 136704K, used 8669K [0x00000007d5500000, 0x00000007df900000, 0x0000000800000000)
  eden space 115712K, 1% used [0x00000007d5500000,0x00000007d5627f10,0x00000007dc600000)
  from space 20992K, 35% used [0x00000007de480000,0x00000007debcf5a0,0x00000007df900000)
  to   space 26112K, 0% used [0x00000007dc600000,0x00000007dc600000,0x00000007ddf80000)
 ParOldGen       total 87040K, used 51279K [0x0000000780000000, 0x0000000785500000, 0x00000007d5500000)
  object space 87040K, 58% used [0x0000000780000000,0x0000000783213fc8,0x0000000785500000)
 PSPermGen       total 40960K, used 40745K [0x000000077ae00000, 0x000000077d600000, 0x0000000780000000)
  object space 40960K, 99% used [0x000000077ae00000,0x000000077d5ca638,0x000000077d600000)
GC Heap History (10 events):
Event: 29.218 GC heap before
{Heap before GC invocations=6 (full 0):
 PSYoungGen      total 72704K, used 72680K [0x00000007d5500000, 0x00000007e0800000, 0x0000000800000000)
  eden space 67584K, 100% used [0x00000007d5500000,0x00000007d9700000,0x00000007d9700000)
  from space 5120K, 99% used [0x00000007d9700000,0x00000007d9bfa218,0x00000007d9c00000)
  to   space 24064K, 0% used [0x00000007df080000,0x00000007df080000,0x00000007e0800000)
 ParOldGen       total 87040K, used 30523K [0x0000000780000000, 0x0000000785500000, 0x00000007d5500000)
  object space 87040K, 35% used [0x0000000780000000,0x0000000781dcef20,0x0000000785500000)
 PSPermGen       total 38400K, used 38002K [0x000000077ae00000, 0x000000077d380000, 0x0000000780000000)
  object space 38400K, 98% used [0x000000077ae00000,0x000000077d31caa0,0x000000077d380000)
Event: 29.239 GC heap after
Heap after GC invocations=6 (full 0):
 PSYoungGen      total 155136K, used 10578K [0x00000007d5500000, 0x00000007e0400000, 0x0000000800000000)
  eden space 135168K, 0% used [0x00000007d5500000,0x00000007d5500000,0x00000007dd900000)
  from space 19968K, 52% used [0x00000007df080000,0x00000007dfad4af0,0x00000007e0400000)
  to   space 22016K, 0% used [0x00000007dd900000,0x00000007dd900000,0x00000007dee80000)
 ParOldGen       total 87040K, used 30531K [0x0000000780000000, 0x0000000785500000, 0x00000007d5500000)
  object space 87040K, 35% used [0x0000000780000000,0x0000000781dd0f20,0x0000000785500000)
 PSPermGen       total 38400K, used 38002K [0x000000077ae00000, 0x000000077d380000, 0x0000000780000000)
  object space 38400K, 98% used [0x000000077ae00000,0x000000077d31caa0,0x000000077d380000)
}
Event: 3840.158 GC heap before
{Heap before GC invocations=7 (full 0):
 PSYoungGen      total 155136K, used 145746K [0x00000007d5500000, 0x00000007e0400000, 0x0000000800000000)
  eden space 135168K, 100% used [0x00000007d5500000,0x00000007dd900000,0x00000007dd900000)
  from space 19968K, 52% used [0x00000007df080000,0x00000007dfad4af0,0x00000007e0400000)
  to   space 22016K, 0% used [0x00000007dd900000,0x00000007dd900000,0x00000007dee80000)
 ParOldGen       total 87040K, used 30531K [0x0000000780000000, 0x0000000785500000, 0x00000007d5500000)
  object space 87040K, 35% used [0x0000000780000000,0x0000000781dd0f20,0x0000000785500000)
 PSPermGen       total 40448K, used 40325K [0x000000077ae00000, 0x000000077d580000, 0x0000000780000000)
  object space 40448K, 99% used [0x000000077ae00000,0x000000077d5614c8,0x000000077d580000)
Event: 3840.188 GC heap after
Heap after GC invocations=7 (full 0):
 PSYoungGen      total 152064K, used 21999K [0x00000007d5500000, 0x00000007e0b00000, 0x0000000800000000)
  eden space 130048K, 0% used [0x00000007d5500000,0x00000007d5500000,0x00000007dd400000)
  from space 22016K, 99% used [0x00000007dd900000,0x00000007dee7bda8,0x00000007dee80000)
  to   space 28160K, 0% used [0x00000007def80000,0x00000007def80000,0x00000007e0b00000)
 ParOldGen       total 87040K, used 34241K [0x0000000780000000, 0x0000000785500000, 0x00000007d5500000)
  object space 87040K, 39% used [0x0000000780000000,0x0000000782170748,0x0000000785500000)
 PSPermGen       total 40448K, used 40325K [0x000000077ae00000, 0x000000077d580000, 0x0000000780000000)
  object space 40448K, 99% used [0x000000077ae00000,0x000000077d5614c8,0x000000077d580000)
}
Event: 5697.787 GC heap before
{Heap before GC invocations=8 (full 0):
 PSYoungGen      total 152064K, used 152047K [0x00000007d5500000, 0x00000007e0b00000, 0x0000000800000000)
  eden space 130048K, 100% used [0x00000007d5500000,0x00000007dd400000,0x00000007dd400000)
  from space 22016K, 99% used [0x00000007dd900000,0x00000007dee7bda8,0x00000007dee80000)
  to   space 28160K, 0% used [0x00000007def80000,0x00000007def80000,0x00000007e0b00000)
 ParOldGen       total 87040K, used 34247K [0x0000000780000000, 0x0000000785500000, 0x00000007d5500000)
  object space 87040K, 39% used [0x0000000780000000,0x0000000782171e10,0x0000000785500000)
 PSPermGen       total 40960K, used 40597K [0x000000077ae00000, 0x000000077d600000, 0x0000000780000000)
  object space 40960K, 99% used [0x000000077ae00000,0x000000077d5a5770,0x000000077d600000)
Event: 5697.805 GC heap after
Heap after GC invocations=8 (full 0):
 PSYoungGen      total 146944K, used 16118K [0x00000007d5500000, 0x00000007e0500000, 0x0000000800000000)
  eden space 124928K, 0% used [0x00000007d5500000,0x00000007d5500000,0x00000007dcf00000)
  from space 22016K, 73% used [0x00000007def80000,0x00000007dff3da48,0x00000007e0500000)
  to   space 27648K, 0% used [0x00000007dcf00000,0x00000007dcf00000,0x00000007dea00000)
 ParOldGen       total 87040K, used 36194K [0x0000000780000000, 0x0000000785500000, 0x00000007d5500000)
  object space 87040K, 41% used [0x0000000780000000,0x00000007823589e0,0x0000000785500000)
 PSPermGen       total 40960K, used 40597K [0x000000077ae00000, 0x000000077d600000, 0x0000000780000000)
  object space 40960K, 99% used [0x000000077ae00000,0x000000077d5a5770,0x000000077d600000)
}
Event: 6336.409 GC heap before
{Heap before GC invocations=9 (full 0):
 PSYoungGen      total 146944K, used 141046K [0x00000007d5500000, 0x00000007e0500000, 0x0000000800000000)
  eden space 124928K, 100% used [0x00000007d5500000,0x00000007dcf00000,0x00000007dcf00000)
  from space 22016K, 73% used [0x00000007def80000,0x00000007dff3da48,0x00000007e0500000)
  to   space 27648K, 0% used [0x00000007dcf00000,0x00000007dcf00000,0x00000007dea00000)
 ParOldGen       total 87040K, used 36200K [0x0000000780000000, 0x0000000785500000, 0x00000007d5500000)
  object space 87040K, 41% used [0x0000000780000000,0x000000078235a0b8,0x0000000785500000)
 PSPermGen       total 40960K, used 40666K [0x000000077ae00000, 0x000000077d600000, 0x0000000780000000)
  object space 40960K, 99% used [0x000000077ae00000,0x000000077d5b6ba0,0x000000077d600000)
Event: 6336.423 GC heap after
Heap after GC invocations=9 (full 0):
 PSYoungGen      total 134656K, used 14241K [0x00000007d5500000, 0x00000007dfe80000, 0x0000000800000000)
  eden space 120320K, 0% used [0x00000007d5500000,0x00000007d5500000,0x00000007dca80000)
  from space 14336K, 99% used [0x00000007dcf00000,0x00000007ddce8780,0x00000007ddd00000)
  to   space 26624K, 0% used [0x00000007de480000,0x00000007de480000,0x00000007dfe80000)
 ParOldGen       total 87040K, used 38282K [0x0000000780000000, 0x0000000785500000, 0x00000007d5500000)
  object space 87040K, 43% used [0x0000000780000000,0x0000000782562970,0x0000000785500000)
 PSPermGen       total 40960K, used 40666K [0x000000077ae00000, 0x000000077d600000, 0x0000000780000000)
  object space 40960K, 99% used [0x000000077ae00000,0x000000077d5b6ba0,0x000000077d600000)
}
Event: 7783.560 GC heap before
{Heap before GC invocations=10 (full 0):
 PSYoungGen      total 134656K, used 134561K [0x00000007d5500000, 0x00000007dfe80000, 0x0000000800000000)
  eden space 120320K, 100% used [0x00000007d5500000,0x00000007dca80000,0x00000007dca80000)
  from space 14336K, 99% used [0x00000007dcf00000,0x00000007ddce8780,0x00000007ddd00000)
  to   space 26624K, 0% used [0x00000007de480000,0x00000007de480000,0x00000007dfe80000)
 ParOldGen       total 87040K, used 43394K [0x0000000780000000, 0x0000000785500000, 0x00000007d5500000)
  object space 87040K, 49% used [0x0000000780000000,0x0000000782a60b98,0x0000000785500000)
 PSPermGen       total 40960K, used 40745K [0x000000077ae00000, 0x000000077d600000, 0x0000000780000000)
  object space 40960K, 99% used [0x000000077ae00000,0x000000077d5ca638,0x000000077d600000)
Event: 7783.572 GC heap after
Heap after GC invocations=10 (full 0):
 PSYoungGen      total 136704K, used 7485K [0x00000007d5500000, 0x00000007df900000, 0x0000000800000000)
  eden space 115712K, 0% used [0x00000007d5500000,0x00000007d5500000,0x00000007dc600000)
  from space 20992K, 35% used [0x00000007de480000,0x00000007debcf5a0,0x00000007df900000)
  to   space 26112K, 0% used [0x00000007dc600000,0x00000007dc600000,0x00000007ddf80000)
 ParOldGen       total 87040K, used 51279K [0x0000000780000000, 0x0000000785500000, 0x00000007d5500000)
  object space 87040K, 58% used [0x0000000780000000,0x0000000783213fc8,0x0000000785500000)
 PSPermGen       total 40960K, used 40745K [0x000000077ae00000, 0x000000077d600000, 0x0000000780000000)
  object space 40960K, 99% used [0x000000077ae00000,0x000000077d5ca638,0x000000077d600000)
}

