# JRE version: Java(TM) SE Runtime Environment (7.0_67-b01) (build 1.7.0_67-b01)
# Java VM: Java HotSpot(TM) 64-Bit Server VM (24.65-b04 mixed mode bsd-amd64 compressed oops)
Heap
 PSYoungGen      total 1387520K, used 482333K [0x0000000755500000, 0x00000007f0780000, 0x0000000800000000)
  eden space 920064K, 1% used [0x0000000755500000,0x00000007563feb58,0x000000078d780000)
  from space 467456K, 99% used [0x000000078ec80000,0x00000007ab488b58,0x00000007ab500000)
  to   space 811008K, 0% used [0x00000007bef80000,0x00000007bef80000,0x00000007f0780000)
 ParOldGen       total 5115392K, used 3867660K [0x0000000600000000, 0x0000000738380000, 0x0000000755500000)
  object space 5115392K, 75% used [0x0000000600000000,0x00000006ec103368,0x0000000738380000)
 PSPermGen       total 196608K, used 61623K [0x00000005c0000000, 0x00000005cc000000, 0x0000000600000000)
  object space 196608K, 31% used [0x00000005c0000000,0x00000005c3c2dc70,0x00000005cc000000)
GC Heap History (10 events):
Event: 19012.366 GC heap before
{Heap before GC invocations=32 (full 6):
 PSYoungGen      total 1826304K, used 1397910K [0x0000000755500000, 0x00000007fd600000, 0x0000000800000000)
  eden space 943104K, 100% used [0x0000000755500000,0x000000078ee00000,0x000000078ee00000)
  from space 883200K, 51% used [0x00000007c7780000,0x00000007e33a5820,0x00000007fd600000)
  to   space 905216K, 0% used [0x000000078ee00000,0x000000078ee00000,0x00000007c6200000)
 ParOldGen       total 5115392K, used 3866289K [0x0000000600000000, 0x0000000738380000, 0x0000000755500000)
  object space 5115392K, 75% used [0x0000000600000000,0x00000006ebfac690,0x0000000738380000)
 PSPermGen       total 196608K, used 61615K [0x00000005c0000000, 0x00000005cc000000, 0x0000000600000000)
  object space 196608K, 31% used [0x00000005c0000000,0x00000005c3c2bef8,0x00000005cc000000)
Event: 19012.433 GC heap after
Heap after GC invocations=32 (full 6):
 PSYoungGen      total 1848320K, used 456145K [0x0000000755500000, 0x00000007fc780000, 0x0000000800000000)
  eden space 943104K, 0% used [0x0000000755500000,0x0000000755500000,0x000000078ee00000)
  from space 905216K, 50% used [0x000000078ee00000,0x00000007aab744f8,0x00000007c6200000)
  to   space 884224K, 0% used [0x00000007c6800000,0x00000007c6800000,0x00000007fc780000)
 ParOldGen       total 5115392K, used 3866289K [0x0000000600000000, 0x0000000738380000, 0x0000000755500000)
  object space 5115392K, 75% used [0x0000000600000000,0x00000006ebfac690,0x0000000738380000)
 PSPermGen       total 196608K, used 61615K [0x00000005c0000000, 0x00000005cc000000, 0x0000000600000000)
  object space 196608K, 31% used [0x00000005c0000000,0x00000005c3c2bef8,0x00000005cc000000)
}
Event: 28845.318 GC heap before
{Heap before GC invocations=33 (full 6):
 PSYoungGen      total 1848320K, used 1399249K [0x0000000755500000, 0x00000007fc780000, 0x0000000800000000)
  eden space 943104K, 100% used [0x0000000755500000,0x000000078ee00000,0x000000078ee00000)
  from space 905216K, 50% used [0x000000078ee00000,0x00000007aab744f8,0x00000007c6200000)
  to   space 884224K, 0% used [0x00000007c6800000,0x00000007c6800000,0x00000007fc780000)
 ParOldGen       total 5115392K, used 3866289K [0x0000000600000000, 0x0000000738380000, 0x0000000755500000)
  object space 5115392K, 75% used [0x0000000600000000,0x00000006ebfac690,0x0000000738380000)
 PSPermGen       total 196608K, used 61620K [0x00000005c0000000, 0x00000005cc000000, 0x0000000600000000)
  object space 196608K, 31% used [0x00000005c0000000,0x00000005c3c2d198,0x00000005cc000000)
Event: 28845.395 GC heap after
Heap after GC invocations=33 (full 6):
 PSYoungGen      total 1805312K, used 462895K [0x0000000755500000, 0x00000007f9d80000, 0x0000000800000000)
  eden space 964096K, 0% used [0x0000000755500000,0x0000000755500000,0x0000000790280000)
  from space 841216K, 55% used [0x00000007c6800000,0x00000007e2c0bd08,0x00000007f9d80000)
  to   space 865792K, 0% used [0x0000000790280000,0x0000000790280000,0x00000007c5000000)
 ParOldGen       total 5115392K, used 3866289K [0x0000000600000000, 0x0000000738380000, 0x0000000755500000)
  object space 5115392K, 75% used [0x0000000600000000,0x00000006ebfac690,0x0000000738380000)
 PSPermGen       total 196608K, used 61620K [0x00000005c0000000, 0x00000005cc000000, 0x0000000600000000)
  object space 196608K, 31% used [0x00000005c0000000,0x00000005c3c2d198,0x00000005cc000000)
}
Event: 38678.852 GC heap before
{Heap before GC invocations=34 (full 6):
 PSYoungGen      total 1805312K, used 1426991K [0x0000000755500000, 0x00000007f9d80000, 0x0000000800000000)
  eden space 964096K, 100% used [0x0000000755500000,0x0000000790280000,0x0000000790280000)
  from space 841216K, 55% used [0x00000007c6800000,0x00000007e2c0bd08,0x00000007f9d80000)
  to   space 865792K, 0% used [0x0000000790280000,0x0000000790280000,0x00000007c5000000)
 ParOldGen       total 5115392K, used 3866289K [0x0000000600000000, 0x0000000738380000, 0x0000000755500000)
  object space 5115392K, 75% used [0x0000000600000000,0x00000006ebfac690,0x0000000738380000)
 PSPermGen       total 196608K, used 61622K [0x00000005c0000000, 0x00000005cc000000, 0x0000000600000000)
  object space 196608K, 31% used [0x00000005c0000000,0x00000005c3c2d978,0x00000005cc000000)
Event: 38678.920 GC heap after
Heap after GC invocations=34 (full 6):
 PSYoungGen      total 1829888K, used 471016K [0x0000000755500000, 0x00000007f8d80000, 0x0000000800000000)
  eden space 964096K, 0% used [0x0000000755500000,0x0000000755500000,0x0000000790280000)
  from space 865792K, 54% used [0x0000000790280000,0x00000007ace7a1f0,0x00000007c5000000)
  to   space 849408K, 0% used [0x00000007c5000000,0x00000007c5000000,0x00000007f8d80000)
 ParOldGen       total 5115392K, used 3866289K [0x0000000600000000, 0x0000000738380000, 0x0000000755500000)
  object space 5115392K, 75% used [0x0000000600000000,0x00000006ebfac690,0x0000000738380000)
 PSPermGen       total 196608K, used 61622K [0x00000005c0000000, 0x00000005cc000000, 0x0000000600000000)
  object space 196608K, 31% used [0x00000005c0000000,0x00000005c3c2d978,0x00000005cc000000)
}
Event: 48463.241 GC heap before
{Heap before GC invocations=35 (full 6):
 PSYoungGen      total 1829888K, used 1435112K [0x0000000755500000, 0x00000007f8d80000, 0x0000000800000000)
  eden space 964096K, 100% used [0x0000000755500000,0x0000000790280000,0x0000000790280000)
  from space 865792K, 54% used [0x0000000790280000,0x00000007ace7a1f0,0x00000007c5000000)
  to   space 849408K, 0% used [0x00000007c5000000,0x00000007c5000000,0x00000007f8d80000)
 ParOldGen       total 5115392K, used 3866289K [0x0000000600000000, 0x0000000738380000, 0x0000000755500000)
  object space 5115392K, 75% used [0x0000000600000000,0x00000006ebfac690,0x0000000738380000)
 PSPermGen       total 196608K, used 61622K [0x00000005c0000000, 0x00000005cc000000, 0x0000000600000000)
  object space 196608K, 31% used [0x00000005c0000000,0x00000005c3c2d978,0x00000005cc000000)
Event: 48463.311 GC heap after
Heap after GC invocations=35 (full 6):
 PSYoungGen      total 1711104K, used 461556K [0x0000000755500000, 0x00000007f3f80000, 0x0000000800000000)
  eden space 941568K, 0% used [0x0000000755500000,0x0000000755500000,0x000000078ec80000)
  from space 769536K, 59% used [0x00000007c5000000,0x00000007e12bd030,0x00000007f3f80000)
  to   space 828928K, 0% used [0x000000078ec80000,0x000000078ec80000,0x00000007c1600000)
 ParOldGen       total 5115392K, used 3866289K [0x0000000600000000, 0x0000000738380000, 0x0000000755500000)
  object space 5115392K, 75% used [0x0000000600000000,0x00000006ebfac690,0x0000000738380000)
 PSPermGen       total 196608K, used 61622K [0x00000005c0000000, 0x00000005cc000000, 0x0000000600000000)
  object space 196608K, 31% used [0x00000005c0000000,0x00000005c3c2d978,0x00000005cc000000)
}
Event: 57056.997 GC heap before
{Heap before GC invocations=36 (full 6):
 PSYoungGen      total 1711104K, used 1402214K [0x0000000755500000, 0x00000007f3f80000, 0x0000000800000000)
  eden space 941568K, 99% used [0x0000000755500000,0x000000078eb9ca48,0x000000078ec80000)
  from space 769536K, 59% used [0x00000007c5000000,0x00000007e12bd030,0x00000007f3f80000)
  to   space 828928K, 0% used [0x000000078ec80000,0x000000078ec80000,0x00000007c1600000)
 ParOldGen       total 5115392K, used 3867660K [0x0000000600000000, 0x0000000738380000, 0x0000000755500000)
  object space 5115392K, 75% used [0x0000000600000000,0x00000006ec103368,0x0000000738380000)
 PSPermGen       total 196608K, used 61623K [0x00000005c0000000, 0x00000005cc000000, 0x0000000600000000)
  object space 196608K, 31% used [0x00000005c0000000,0x00000005c3c2dc70,0x00000005cc000000)
Event: 57057.081 GC heap after
Heap after GC invocations=36 (full 6):
 PSYoungGen      total 1387520K, used 466978K [0x0000000755500000, 0x00000007f0780000, 0x0000000800000000)
  eden space 920064K, 0% used [0x0000000755500000,0x0000000755500000,0x000000078d780000)
  from space 467456K, 99% used [0x000000078ec80000,0x00000007ab488b58,0x00000007ab500000)
  to   space 811008K, 0% used [0x00000007bef80000,0x00000007bef80000,0x00000007f0780000)
 ParOldGen       total 5115392K, used 3867660K [0x0000000600000000, 0x0000000738380000, 0x0000000755500000)
  object space 5115392K, 75% used [0x0000000600000000,0x00000006ec103368,0x0000000738380000)
 PSPermGen       total 196608K, used 61623K [0x00000005c0000000, 0x00000005cc000000, 0x0000000600000000)
  object space 196608K, 31% used [0x00000005c0000000,0x00000005c3c2dc70,0x00000005cc000000)
}

