# JRE version: Java(TM) SE Runtime Environment (7.0_67-b01) (build 1.7.0_67-b01)
# Java VM: Java HotSpot(TM) 64-Bit Server VM (24.65-b04 mixed mode bsd-amd64 compressed oops)
Heap
 PSYoungGen      total 2031104K, used 192844K [0x0000000755500000, 0x0000000800000000, 0x0000000800000000)
  eden space 1330688K, 1% used [0x0000000755500000,0x00000007563b49e8,0x00000007a6880000)
  from space 700416K, 25% used [0x00000007a6880000,0x00000007b161e938,0x00000007d1480000)
  to   space 679936K, 0% used [0x00000007d6800000,0x00000007d6800000,0x0000000800000000)
 ParOldGen       total 3347456K, used 2561711K [0x0000000600000000, 0x00000006cc500000, 0x0000000755500000)
  object space 3347456K, 76% used [0x0000000600000000,0x000000069c5abec0,0x00000006cc500000)
 PSPermGen       total 196608K, used 62331K [0x00000005c0000000, 0x00000005cc000000, 0x0000000600000000)
  object space 196608K, 31% used [0x00000005c0000000,0x00000005c3cdedd0,0x00000005cc000000)
GC Heap History (10 events):
Event: 99.119 GC heap before
{Heap before GC invocations=18 (full 4):
 PSYoungGen      total 2000384K, used 1203941K [0x0000000755500000, 0x0000000800000000, 0x0000000800000000)
  eden space 1204224K, 99% used [0x0000000755500000,0x000000079ecb9448,0x000000079ed00000)
  from space 796160K, 0% used [0x000000079ed00000,0x000000079ed00000,0x00000007cf680000)
  to   space 768512K, 0% used [0x00000007d1180000,0x00000007d1180000,0x0000000800000000)
 ParOldGen       total 2475520K, used 1725256K [0x0000000600000000, 0x0000000697180000, 0x0000000755500000)
  object space 2475520K, 69% used [0x0000000600000000,0x00000006694d22d8,0x0000000697180000)
 PSPermGen       total 196608K, used 62103K [0x00000005c0000000, 0x00000005cc000000, 0x0000000600000000)
  object space 196608K, 31% used [0x00000005c0000000,0x00000005c3ca5db8,0x00000005cc000000)
Event: 99.202 GC heap after
Heap after GC invocations=18 (full 4):
 PSYoungGen      total 1924608K, used 344040K [0x0000000755500000, 0x00000007fb600000, 0x0000000800000000)
  eden space 1231872K, 0% used [0x0000000755500000,0x0000000755500000,0x00000007a0800000)
  from space 692736K, 49% used [0x00000007d1180000,0x00000007e617a0f0,0x00000007fb600000)
  to   space 744448K, 0% used [0x00000007a0800000,0x00000007a0800000,0x00000007cdf00000)
 ParOldGen       total 2475520K, used 1725256K [0x0000000600000000, 0x0000000697180000, 0x0000000755500000)
  object space 2475520K, 69% used [0x0000000600000000,0x00000006694d22d8,0x0000000697180000)
 PSPermGen       total 196608K, used 62103K [0x00000005c0000000, 0x00000005cc000000, 0x0000000600000000)
  object space 196608K, 31% used [0x00000005c0000000,0x00000005c3ca5db8,0x00000005cc000000)
}
Event: 106.441 GC heap before
{Heap before GC invocations=19 (full 4):
 PSYoungGen      total 1924608K, used 1575743K [0x0000000755500000, 0x00000007fb600000, 0x0000000800000000)
  eden space 1231872K, 99% used [0x0000000755500000,0x00000007a07d5b90,0x00000007a0800000)
  from space 692736K, 49% used [0x00000007d1180000,0x00000007e617a0f0,0x00000007fb600000)
  to   space 744448K, 0% used [0x00000007a0800000,0x00000007a0800000,0x00000007cdf00000)
 ParOldGen       total 2475520K, used 1725256K [0x0000000600000000, 0x0000000697180000, 0x0000000755500000)
  object space 2475520K, 69% used [0x0000000600000000,0x00000006694d22d8,0x0000000697180000)
 PSPermGen       total 196608K, used 62106K [0x00000005c0000000, 0x00000005cc000000, 0x0000000600000000)
  object space 196608K, 31% used [0x00000005c0000000,0x00000005c3ca68c8,0x00000005cc000000)
Event: 106.841 GC heap after
Heap after GC invocations=19 (full 4):
 PSYoungGen      total 1976320K, used 345703K [0x0000000755500000, 0x0000000800000000, 0x0000000800000000)
  eden space 1231872K, 0% used [0x0000000755500000,0x0000000755500000,0x00000007a0800000)
  from space 744448K, 46% used [0x00000007a0800000,0x00000007b5999cb0,0x00000007cdf00000)
  to   space 721408K, 0% used [0x00000007d3f80000,0x00000007d3f80000,0x0000000800000000)
 ParOldGen       total 2475520K, used 2009582K [0x0000000600000000, 0x0000000697180000, 0x0000000755500000)
  object space 2475520K, 81% used [0x0000000600000000,0x000000067aa7bac8,0x0000000697180000)
 PSPermGen       total 196608K, used 62106K [0x00000005c0000000, 0x00000005cc000000, 0x0000000600000000)
  object space 196608K, 31% used [0x00000005c0000000,0x00000005c3ca68c8,0x00000005cc000000)
}
Event: 115.118 GC heap before
{Heap before GC invocations=20 (full 4):
 PSYoungGen      total 1976320K, used 1577280K [0x0000000755500000, 0x0000000800000000, 0x0000000800000000)
  eden space 1231872K, 99% used [0x0000000755500000,0x00000007a07b63e8,0x00000007a0800000)
  from space 744448K, 46% used [0x00000007a0800000,0x00000007b5999cb0,0x00000007cdf00000)
  to   space 721408K, 0% used [0x00000007d3f80000,0x00000007d3f80000,0x0000000800000000)
 ParOldGen       total 2475520K, used 2009582K [0x0000000600000000, 0x0000000697180000, 0x0000000755500000)
  object space 2475520K, 81% used [0x0000000600000000,0x000000067aa7bac8,0x0000000697180000)
 PSPermGen       total 196608K, used 62108K [0x00000005c0000000, 0x00000005cc000000, 0x0000000600000000)
  object space 196608K, 31% used [0x00000005c0000000,0x00000005c3ca7398,0x00000005cc000000)
Event: 115.525 GC heap after
Heap after GC invocations=20 (full 4):
 PSYoungGen      total 1987072K, used 348669K [0x0000000755500000, 0x00000007fc080000, 0x0000000800000000)
  eden space 1330688K, 0% used [0x0000000755500000,0x0000000755500000,0x00000007a6880000)
  from space 656384K, 53% used [0x00000007d3f80000,0x00000007e93ff790,0x00000007fc080000)
  to   space 700416K, 0% used [0x00000007a6880000,0x00000007a6880000,0x00000007d1480000)
 ParOldGen       total 2475520K, used 2298284K [0x0000000600000000, 0x0000000697180000, 0x0000000755500000)
  object space 2475520K, 92% used [0x0000000600000000,0x000000068c46b318,0x0000000697180000)
 PSPermGen       total 196608K, used 62108K [0x00000005c0000000, 0x00000005cc000000, 0x0000000600000000)
  object space 196608K, 31% used [0x00000005c0000000,0x00000005c3ca7398,0x00000005cc000000)
}
Event: 115.525 GC heap before
{Heap before GC invocations=21 (full 5):
 PSYoungGen      total 1987072K, used 348669K [0x0000000755500000, 0x00000007fc080000, 0x0000000800000000)
  eden space 1330688K, 0% used [0x0000000755500000,0x0000000755500000,0x00000007a6880000)
  from space 656384K, 53% used [0x00000007d3f80000,0x00000007e93ff790,0x00000007fc080000)
  to   space 700416K, 0% used [0x00000007a6880000,0x00000007a6880000,0x00000007d1480000)
 ParOldGen       total 2475520K, used 2298284K [0x0000000600000000, 0x0000000697180000, 0x0000000755500000)
  object space 2475520K, 92% used [0x0000000600000000,0x000000068c46b318,0x0000000697180000)
 PSPermGen       total 196608K, used 62108K [0x00000005c0000000, 0x00000005cc000000, 0x0000000600000000)
  object space 196608K, 31% used [0x00000005c0000000,0x00000005c3ca7398,0x00000005cc000000)
Event: 116.247 GC heap after
Heap after GC invocations=21 (full 5):
 PSYoungGen      total 1987072K, used 115024K [0x0000000755500000, 0x00000007fc080000, 0x0000000800000000)
  eden space 1330688K, 0% used [0x0000000755500000,0x0000000755500000,0x00000007a6880000)
  from space 656384K, 17% used [0x00000007d3f80000,0x00000007dafd4238,0x00000007fc080000)
  to   space 700416K, 0% used [0x00000007a6880000,0x00000007a6880000,0x00000007d1480000)
 ParOldGen       total 3347456K, used 2474756K [0x0000000600000000, 0x00000006cc500000, 0x0000000755500000)
  object space 3347456K, 73% used [0x0000000600000000,0x00000006970c1120,0x00000006cc500000)
 PSPermGen       total 196608K, used 62108K [0x00000005c0000000, 0x00000005cc000000, 0x0000000600000000)
  object space 196608K, 31% used [0x00000005c0000000,0x00000005c3ca7398,0x00000005cc000000)
}
Event: 4085.083 GC heap before
{Heap before GC invocations=22 (full 5):
 PSYoungGen      total 1987072K, used 1445712K [0x0000000755500000, 0x00000007fc080000, 0x0000000800000000)
  eden space 1330688K, 100% used [0x0000000755500000,0x00000007a6880000,0x00000007a6880000)
  from space 656384K, 17% used [0x00000007d3f80000,0x00000007dafd4238,0x00000007fc080000)
  to   space 700416K, 0% used [0x00000007a6880000,0x00000007a6880000,0x00000007d1480000)
 ParOldGen       total 3347456K, used 2474756K [0x0000000600000000, 0x00000006cc500000, 0x0000000755500000)
  object space 3347456K, 73% used [0x0000000600000000,0x00000006970c1120,0x00000006cc500000)
 PSPermGen       total 196608K, used 62331K [0x00000005c0000000, 0x00000005cc000000, 0x0000000600000000)
  object space 196608K, 31% used [0x00000005c0000000,0x00000005c3cdedd0,0x00000005cc000000)
Event: 4085.232 GC heap after
Heap after GC invocations=22 (full 5):
 PSYoungGen      total 2031104K, used 177786K [0x0000000755500000, 0x0000000800000000, 0x0000000800000000)
  eden space 1330688K, 0% used [0x0000000755500000,0x0000000755500000,0x00000007a6880000)
  from space 700416K, 25% used [0x00000007a6880000,0x00000007b161e938,0x00000007d1480000)
  to   space 679936K, 0% used [0x00000007d6800000,0x00000007d6800000,0x0000000800000000)
 ParOldGen       total 3347456K, used 2561711K [0x0000000600000000, 0x00000006cc500000, 0x0000000755500000)
  object space 3347456K, 76% used [0x0000000600000000,0x000000069c5abec0,0x00000006cc500000)
 PSPermGen       total 196608K, used 62331K [0x00000005c0000000, 0x00000005cc000000, 0x0000000600000000)
  object space 196608K, 31% used [0x00000005c0000000,0x00000005c3cdedd0,0x00000005cc000000)
}

