# JRE version: Java(TM) SE Runtime Environment (7.0_67-b01) (build 1.7.0_67-b01)
# Java VM: Java HotSpot(TM) 64-Bit Server VM (24.65-b04 mixed mode bsd-amd64 compressed oops)
Heap
 PSYoungGen      total 1997312K, used 18054K [0x0000000755500000, 0x0000000800000000, 0x0000000800000000)
  eden space 1317376K, 1% used [0x0000000755500000,0x00000007566a1808,0x00000007a5b80000)
  from space 679936K, 0% used [0x00000007a5b80000,0x00000007a5b80000,0x00000007cf380000)
  to   space 644608K, 0% used [0x00000007d8a80000,0x00000007d8a80000,0x0000000800000000)
 ParOldGen       total 3879424K, used 2953948K [0x0000000600000000, 0x00000006ecc80000, 0x0000000755500000)
  object space 3879424K, 76% used [0x0000000600000000,0x00000006b44b7190,0x00000006ecc80000)
 PSPermGen       total 196608K, used 66818K [0x00000005c0000000, 0x00000005cc000000, 0x0000000600000000)
  object space 196608K, 33% used [0x00000005c0000000,0x00000005c4140900,0x00000005cc000000)
GC Heap History (10 events):
Event: 115.646 GC heap before
{Heap before GC invocations=19 (full 5):
 PSYoungGen      total 1800192K, used 303710K [0x0000000755500000, 0x00000007f7580000, 0x0000000800000000)
  eden space 1137152K, 0% used [0x0000000755500000,0x0000000755500000,0x000000079ab80000)
  from space 663040K, 45% used [0x00000007cee00000,0x00000007e1697820,0x00000007f7580000)
  to   space 758784K, 0% used [0x000000079ab80000,0x000000079ab80000,0x00000007c9080000)
 ParOldGen       total 2355712K, used 1998170K [0x0000000600000000, 0x000000068fc80000, 0x0000000755500000)
  object space 2355712K, 84% used [0x0000000600000000,0x0000000679f56928,0x000000068fc80000)
 PSPermGen       total 196608K, used 66617K [0x00000005c0000000, 0x00000005cc000000, 0x0000000600000000)
  object space 196608K, 33% used [0x00000005c0000000,0x00000005c410e448,0x00000005cc000000)
Event: 116.050 GC heap after
Heap after GC invocations=19 (full 5):
 PSYoungGen      total 1800192K, used 0K [0x0000000755500000, 0x00000007f7580000, 0x0000000800000000)
  eden space 1137152K, 0% used [0x0000000755500000,0x0000000755500000,0x000000079ab80000)
  from space 663040K, 0% used [0x00000007cee00000,0x00000007cee00000,0x00000007f7580000)
  to   space 758784K, 0% used [0x000000079ab80000,0x000000079ab80000,0x00000007c9080000)
 ParOldGen       total 3056640K, used 2226414K [0x0000000600000000, 0x00000006ba900000, 0x0000000755500000)
  object space 3056640K, 72% used [0x0000000600000000,0x0000000687e3b938,0x00000006ba900000)
 PSPermGen       total 196608K, used 66617K [0x00000005c0000000, 0x00000005cc000000, 0x0000000600000000)
  object space 196608K, 33% used [0x00000005c0000000,0x00000005c410e428,0x00000005cc000000)
}
Event: 123.524 GC heap before
{Heap before GC invocations=20 (full 5):
 PSYoungGen      total 1800192K, used 1136387K [0x0000000755500000, 0x00000007f7580000, 0x0000000800000000)
  eden space 1137152K, 99% used [0x0000000755500000,0x000000079aac0cc0,0x000000079ab80000)
  from space 663040K, 0% used [0x00000007cee00000,0x00000007cee00000,0x00000007f7580000)
  to   space 758784K, 0% used [0x000000079ab80000,0x000000079ab80000,0x00000007c9080000)
 ParOldGen       total 3056640K, used 2226414K [0x0000000600000000, 0x00000006ba900000, 0x0000000755500000)
  object space 3056640K, 72% used [0x0000000600000000,0x0000000687e3b938,0x00000006ba900000)
 PSPermGen       total 196608K, used 66619K [0x00000005c0000000, 0x00000005cc000000, 0x0000000600000000)
  object space 196608K, 33% used [0x00000005c0000000,0x00000005c410efd0,0x00000005cc000000)
Event: 123.599 GC heap after
Heap after GC invocations=20 (full 5):
 PSYoungGen      total 1895936K, used 313860K [0x0000000755500000, 0x0000000800000000, 0x0000000800000000)
  eden space 1137152K, 0% used [0x0000000755500000,0x0000000755500000,0x000000079ab80000)
  from space 758784K, 41% used [0x000000079ab80000,0x00000007ade013e0,0x00000007c9080000)
  to   space 720384K, 0% used [0x00000007d4080000,0x00000007d4080000,0x0000000800000000)
 ParOldGen       total 3056640K, used 2226414K [0x0000000600000000, 0x00000006ba900000, 0x0000000755500000)
  object space 3056640K, 72% used [0x0000000600000000,0x0000000687e3b938,0x00000006ba900000)
 PSPermGen       total 196608K, used 66619K [0x00000005c0000000, 0x00000005cc000000, 0x0000000600000000)
  object space 196608K, 33% used [0x00000005c0000000,0x00000005c410efd0,0x00000005cc000000)
}
Event: 330.899 GC heap before
{Heap before GC invocations=21 (full 5):
 PSYoungGen      total 1895936K, used 1451012K [0x0000000755500000, 0x0000000800000000, 0x0000000800000000)
  eden space 1137152K, 100% used [0x0000000755500000,0x000000079ab80000,0x000000079ab80000)
  from space 758784K, 41% used [0x000000079ab80000,0x00000007ade013e0,0x00000007c9080000)
  to   space 720384K, 0% used [0x00000007d4080000,0x00000007d4080000,0x0000000800000000)
 ParOldGen       total 3056640K, used 2226414K [0x0000000600000000, 0x00000006ba900000, 0x0000000755500000)
  object space 3056640K, 72% used [0x0000000600000000,0x0000000687e3b938,0x00000006ba900000)
 PSPermGen       total 196608K, used 66671K [0x00000005c0000000, 0x00000005cc000000, 0x0000000600000000)
  object space 196608K, 33% used [0x00000005c0000000,0x00000005c411bd78,0x00000005cc000000)
Event: 331.259 GC heap after
Heap after GC invocations=21 (full 5):
 PSYoungGen      total 1918464K, used 300345K [0x0000000755500000, 0x00000007f8b80000, 0x0000000800000000)
  eden space 1317376K, 0% used [0x0000000755500000,0x0000000755500000,0x00000007a5b80000)
  from space 601088K, 49% used [0x00000007d4080000,0x00000007e65ce568,0x00000007f8b80000)
  to   space 679936K, 0% used [0x00000007a5b80000,0x00000007a5b80000,0x00000007cf380000)
 ParOldGen       total 3056640K, used 2490435K [0x0000000600000000, 0x00000006ba900000, 0x0000000755500000)
  object space 3056640K, 81% used [0x0000000600000000,0x0000000698010ca8,0x00000006ba900000)
 PSPermGen       total 196608K, used 66671K [0x00000005c0000000, 0x00000005cc000000, 0x0000000600000000)
  object space 196608K, 33% used [0x00000005c0000000,0x00000005c411bd78,0x00000005cc000000)
}
Event: 1416.225 GC heap before
{Heap before GC invocations=22 (full 5):
 PSYoungGen      total 1918464K, used 1616889K [0x0000000755500000, 0x00000007f8b80000, 0x0000000800000000)
  eden space 1317376K, 99% used [0x0000000755500000,0x00000007a5ab0028,0x00000007a5b80000)
  from space 601088K, 49% used [0x00000007d4080000,0x00000007e65ce568,0x00000007f8b80000)
  to   space 679936K, 0% used [0x00000007a5b80000,0x00000007a5b80000,0x00000007cf380000)
 ParOldGen       total 3056640K, used 2490435K [0x0000000600000000, 0x00000006ba900000, 0x0000000755500000)
  object space 3056640K, 81% used [0x0000000600000000,0x0000000698010ca8,0x00000006ba900000)
 PSPermGen       total 196608K, used 66819K [0x00000005c0000000, 0x00000005cc000000, 0x0000000600000000)
  object space 196608K, 33% used [0x00000005c0000000,0x00000005c4140c08,0x00000005cc000000)
Event: 1416.592 GC heap after
Heap after GC invocations=22 (full 5):
 PSYoungGen      total 1997312K, used 302516K [0x0000000755500000, 0x0000000800000000, 0x0000000800000000)
  eden space 1317376K, 0% used [0x0000000755500000,0x0000000755500000,0x00000007a5b80000)
  from space 679936K, 44% used [0x00000007a5b80000,0x00000007b82ed098,0x00000007cf380000)
  to   space 644608K, 0% used [0x00000007d8a80000,0x00000007d8a80000,0x0000000800000000)
 ParOldGen       total 3056640K, used 2748053K [0x0000000600000000, 0x00000006ba900000, 0x0000000755500000)
  object space 3056640K, 89% used [0x0000000600000000,0x00000006a7ba5460,0x00000006ba900000)
 PSPermGen       total 196608K, used 66819K [0x00000005c0000000, 0x00000005cc000000, 0x0000000600000000)
  object space 196608K, 33% used [0x00000005c0000000,0x00000005c4140c08,0x00000005cc000000)
}
Event: 1416.592 GC heap before
{Heap before GC invocations=23 (full 6):
 PSYoungGen      total 1997312K, used 302516K [0x0000000755500000, 0x0000000800000000, 0x0000000800000000)
  eden space 1317376K, 0% used [0x0000000755500000,0x0000000755500000,0x00000007a5b80000)
  from space 679936K, 44% used [0x00000007a5b80000,0x00000007b82ed098,0x00000007cf380000)
  to   space 644608K, 0% used [0x00000007d8a80000,0x00000007d8a80000,0x0000000800000000)
 ParOldGen       total 3056640K, used 2748053K [0x0000000600000000, 0x00000006ba900000, 0x0000000755500000)
  object space 3056640K, 89% used [0x0000000600000000,0x00000006a7ba5460,0x00000006ba900000)
 PSPermGen       total 196608K, used 66819K [0x00000005c0000000, 0x00000005cc000000, 0x0000000600000000)
  object space 196608K, 33% used [0x00000005c0000000,0x00000005c4140c08,0x00000005cc000000)
Event: 1417.272 GC heap after
Heap after GC invocations=23 (full 6):
 PSYoungGen      total 1997312K, used 0K [0x0000000755500000, 0x0000000800000000, 0x0000000800000000)
  eden space 1317376K, 0% used [0x0000000755500000,0x0000000755500000,0x00000007a5b80000)
  from space 679936K, 0% used [0x00000007a5b80000,0x00000007a5b80000,0x00000007cf380000)
  to   space 644608K, 0% used [0x00000007d8a80000,0x00000007d8a80000,0x0000000800000000)
 ParOldGen       total 3879424K, used 2953948K [0x0000000600000000, 0x00000006ecc80000, 0x0000000755500000)
  object space 3879424K, 76% used [0x0000000600000000,0x00000006b44b7190,0x00000006ecc80000)
 PSPermGen       total 196608K, used 66818K [0x00000005c0000000, 0x00000005cc000000, 0x0000000600000000)
  object space 196608K, 33% used [0x00000005c0000000,0x00000005c4140900,0x00000005cc000000)
}

