# JRE version: Java(TM) SE Runtime Environment (7.0_67-b01) (build 1.7.0_67-b01)
# Java VM: Java HotSpot(TM) 64-Bit Server VM (24.65-b04 mixed mode bsd-amd64 compressed oops)
Heap
 PSYoungGen      total 1579008K, used 156206K [0x0000000755500000, 0x00000007fe600000, 0x0000000800000000)
  eden space 1433600K, 0% used [0x0000000755500000,0x0000000755f9ad00,0x00000007acd00000)
  from space 145408K, 99% used [0x00000007acd00000,0x00000007b5af0d68,0x00000007b5b00000)
  to   space 667648K, 0% used [0x00000007d5a00000,0x00000007d5a00000,0x00000007fe600000)
 ParOldGen       total 3275776K, used 2722356K [0x0000000600000000, 0x00000006c7f00000, 0x0000000755500000)
  object space 3275776K, 83% used [0x0000000600000000,0x00000006a628d190,0x00000006c7f00000)
 PSPermGen       total 196608K, used 61932K [0x00000005c0000000, 0x00000005cc000000, 0x0000000600000000)
  object space 196608K, 31% used [0x00000005c0000000,0x00000005c3c7b280,0x00000005cc000000)
GC Heap History (10 events):
Event: 56.595 GC heap before
{Heap before GC invocations=18 (full 4):
 PSYoungGen      total 1937408K, used 1600938K [0x0000000755500000, 0x0000000800000000, 0x0000000800000000)
  eden space 1530880K, 99% used [0x0000000755500000,0x00000007b2bdf080,0x00000007b2c00000)
  from space 406528K, 17% used [0x00000007b2c00000,0x00000007b708b9e8,0x00000007cb900000)
  to   space 656384K, 0% used [0x00000007d7f00000,0x00000007d7f00000,0x0000000800000000)
 ParOldGen       total 2379776K, used 1635650K [0x0000000600000000, 0x0000000691400000, 0x0000000755500000)
  object space 2379776K, 68% used [0x0000000600000000,0x0000000663d50a08,0x0000000691400000)
 PSPermGen       total 196608K, used 61826K [0x00000005c0000000, 0x00000005cc000000, 0x0000000600000000)
  object space 196608K, 31% used [0x00000005c0000000,0x00000005c3c60b18,0x00000005cc000000)
Event: 56.721 GC heap after
Heap after GC invocations=18 (full 4):
 PSYoungGen      total 2101248K, used 412923K [0x0000000755500000, 0x0000000800000000, 0x0000000800000000)
  eden space 1444864K, 0% used [0x0000000755500000,0x0000000755500000,0x00000007ad800000)
  from space 656384K, 62% used [0x00000007d7f00000,0x00000007f123ef80,0x0000000800000000)
  to   space 675840K, 0% used [0x00000007ad800000,0x00000007ad800000,0x00000007d6c00000)
 ParOldGen       total 2379776K, used 1671779K [0x0000000600000000, 0x0000000691400000, 0x0000000755500000)
  object space 2379776K, 70% used [0x0000000600000000,0x0000000666098f58,0x0000000691400000)
 PSPermGen       total 196608K, used 61826K [0x00000005c0000000, 0x00000005cc000000, 0x0000000600000000)
  object space 196608K, 31% used [0x00000005c0000000,0x00000005c3c60b18,0x00000005cc000000)
}
Event: 60.890 GC heap before
{Heap before GC invocations=19 (full 4):
 PSYoungGen      total 2101248K, used 1857468K [0x0000000755500000, 0x0000000800000000, 0x0000000800000000)
  eden space 1444864K, 99% used [0x0000000755500000,0x00000007ad7b01d8,0x00000007ad800000)
  from space 656384K, 62% used [0x00000007d7f00000,0x00000007f123ef80,0x0000000800000000)
  to   space 675840K, 0% used [0x00000007ad800000,0x00000007ad800000,0x00000007d6c00000)
 ParOldGen       total 2379776K, used 1671779K [0x0000000600000000, 0x0000000691400000, 0x0000000755500000)
  object space 2379776K, 70% used [0x0000000600000000,0x0000000666098f58,0x0000000691400000)
 PSPermGen       total 196608K, used 61830K [0x00000005c0000000, 0x00000005cc000000, 0x0000000600000000)
  object space 196608K, 31% used [0x00000005c0000000,0x00000005c3c61960,0x00000005cc000000)
Event: 61.396 GC heap after
Heap after GC invocations=19 (full 4):
 PSYoungGen      total 1836544K, used 391416K [0x0000000755500000, 0x0000000800000000, 0x0000000800000000)
  eden space 1444864K, 0% used [0x0000000755500000,0x0000000755500000,0x00000007ad800000)
  from space 391680K, 99% used [0x00000007ad800000,0x00000007c563e140,0x00000007c5680000)
  to   space 680448K, 0% used [0x00000007d6780000,0x00000007d6780000,0x0000000800000000)
 ParOldGen       total 2379776K, used 2029243K [0x0000000600000000, 0x0000000691400000, 0x0000000755500000)
  object space 2379776K, 85% used [0x0000000600000000,0x000000067bdaefb8,0x0000000691400000)
 PSPermGen       total 196608K, used 61830K [0x00000005c0000000, 0x00000005cc000000, 0x0000000600000000)
  object space 196608K, 31% used [0x00000005c0000000,0x00000005c3c61960,0x00000005cc000000)
}
Event: 61.396 GC heap before
{Heap before GC invocations=20 (full 5):
 PSYoungGen      total 1836544K, used 391416K [0x0000000755500000, 0x0000000800000000, 0x0000000800000000)
  eden space 1444864K, 0% used [0x0000000755500000,0x0000000755500000,0x00000007ad800000)
  from space 391680K, 99% used [0x00000007ad800000,0x00000007c563e140,0x00000007c5680000)
  to   space 680448K, 0% used [0x00000007d6780000,0x00000007d6780000,0x0000000800000000)
 ParOldGen       total 2379776K, used 2029243K [0x0000000600000000, 0x0000000691400000, 0x0000000755500000)
  object space 2379776K, 85% used [0x0000000600000000,0x000000067bdaefb8,0x0000000691400000)
 PSPermGen       total 196608K, used 61830K [0x00000005c0000000, 0x00000005cc000000, 0x0000000600000000)
  object space 196608K, 31% used [0x00000005c0000000,0x00000005c3c61960,0x00000005cc000000)
Event: 62.092 GC heap after
Heap after GC invocations=20 (full 5):
 PSYoungGen      total 1836544K, used 16038K [0x0000000755500000, 0x0000000800000000, 0x0000000800000000)
  eden space 1444864K, 0% used [0x0000000755500000,0x0000000755500000,0x00000007ad800000)
  from space 391680K, 4% used [0x00000007ad800000,0x00000007ae7a9b00,0x00000007c5680000)
  to   space 680448K, 0% used [0x00000007d6780000,0x00000007d6780000,0x0000000800000000)
 ParOldGen       total 3275776K, used 2379535K [0x0000000600000000, 0x00000006c7f00000, 0x0000000755500000)
  object space 3275776K, 72% used [0x0000000600000000,0x00000006913c3e20,0x00000006c7f00000)
 PSPermGen       total 196608K, used 61830K [0x00000005c0000000, 0x00000005cc000000, 0x0000000600000000)
  object space 196608K, 31% used [0x00000005c0000000,0x00000005c3c61960,0x00000005cc000000)
}
Event: 66.273 GC heap before
{Heap before GC invocations=21 (full 5):
 PSYoungGen      total 1836544K, used 1460687K [0x0000000755500000, 0x0000000800000000, 0x0000000800000000)
  eden space 1444864K, 99% used [0x0000000755500000,0x00000007ad7ca440,0x00000007ad800000)
  from space 391680K, 4% used [0x00000007ad800000,0x00000007ae7a9b00,0x00000007c5680000)
  to   space 680448K, 0% used [0x00000007d6780000,0x00000007d6780000,0x0000000800000000)
 ParOldGen       total 3275776K, used 2379535K [0x0000000600000000, 0x00000006c7f00000, 0x0000000755500000)
  object space 3275776K, 72% used [0x0000000600000000,0x00000006913c3e20,0x00000006c7f00000)
 PSPermGen       total 196608K, used 61833K [0x00000005c0000000, 0x00000005cc000000, 0x0000000600000000)
  object space 196608K, 31% used [0x00000005c0000000,0x00000005c3c626e0,0x00000005cc000000)
Event: 66.370 GC heap after
Heap after GC invocations=21 (full 5):
 PSYoungGen      total 2114048K, used 391556K [0x0000000755500000, 0x0000000800000000, 0x0000000800000000)
  eden space 1433600K, 0% used [0x0000000755500000,0x0000000755500000,0x00000007acd00000)
  from space 680448K, 57% used [0x00000007d6780000,0x00000007ee5e1110,0x0000000800000000)
  to   space 681472K, 0% used [0x00000007acd00000,0x00000007acd00000,0x00000007d6680000)
 ParOldGen       total 3275776K, used 2380903K [0x0000000600000000, 0x00000006c7f00000, 0x0000000755500000)
  object space 3275776K, 72% used [0x0000000600000000,0x0000000691519e20,0x00000006c7f00000)
 PSPermGen       total 196608K, used 61833K [0x00000005c0000000, 0x00000005cc000000, 0x0000000600000000)
  object space 196608K, 31% used [0x00000005c0000000,0x00000005c3c626e0,0x00000005cc000000)
}
Event: 7758.298 GC heap before
{Heap before GC invocations=22 (full 5):
 PSYoungGen      total 2114048K, used 1825156K [0x0000000755500000, 0x0000000800000000, 0x0000000800000000)
  eden space 1433600K, 100% used [0x0000000755500000,0x00000007acd00000,0x00000007acd00000)
  from space 680448K, 57% used [0x00000007d6780000,0x00000007ee5e1110,0x0000000800000000)
  to   space 681472K, 0% used [0x00000007acd00000,0x00000007acd00000,0x00000007d6680000)
 ParOldGen       total 3275776K, used 2380903K [0x0000000600000000, 0x00000006c7f00000, 0x0000000755500000)
  object space 3275776K, 72% used [0x0000000600000000,0x0000000691519e20,0x00000006c7f00000)
 PSPermGen       total 196608K, used 61932K [0x00000005c0000000, 0x00000005cc000000, 0x0000000600000000)
  object space 196608K, 31% used [0x00000005c0000000,0x00000005c3c7b280,0x00000005cc000000)
Event: 7758.752 GC heap after
Heap after GC invocations=22 (full 5):
 PSYoungGen      total 1579008K, used 145347K [0x0000000755500000, 0x00000007fe600000, 0x0000000800000000)
  eden space 1433600K, 0% used [0x0000000755500000,0x0000000755500000,0x00000007acd00000)
  from space 145408K, 99% used [0x00000007acd00000,0x00000007b5af0d68,0x00000007b5b00000)
  to   space 667648K, 0% used [0x00000007d5a00000,0x00000007d5a00000,0x00000007fe600000)
 ParOldGen       total 3275776K, used 2722356K [0x0000000600000000, 0x00000006c7f00000, 0x0000000755500000)
  object space 3275776K, 83% used [0x0000000600000000,0x00000006a628d190,0x00000006c7f00000)
 PSPermGen       total 196608K, used 61932K [0x00000005c0000000, 0x00000005cc000000, 0x0000000600000000)
  object space 196608K, 31% used [0x00000005c0000000,0x00000005c3c7b280,0x00000005cc000000)
}

