# JRE version: Java(TM) SE Runtime Environment (7.0_67-b01) (build 1.7.0_67-b01)
# Java VM: Java HotSpot(TM) 64-Bit Server VM (24.65-b04 mixed mode bsd-amd64 compressed oops)
Heap
 PSYoungGen      total 1864704K, used 466607K [0x0000000755500000, 0x0000000800000000, 0x0000000800000000)
  eden space 932864K, 0% used [0x0000000755500000,0x0000000755a06af0,0x000000078e400000)
  from space 931840K, 49% used [0x00000007c7200000,0x00000007e34a5228,0x0000000800000000)
  to   space 931840K, 0% used [0x000000078e400000,0x000000078e400000,0x00000007c7200000)
 ParOldGen       total 4819456K, used 3906906K [0x0000000600000000, 0x0000000726280000, 0x0000000755500000)
  object space 4819456K, 81% used [0x0000000600000000,0x00000006ee7569f8,0x0000000726280000)
 PSPermGen       total 196608K, used 61865K [0x00000005c0000000, 0x00000005cc000000, 0x0000000600000000)
  object space 196608K, 31% used [0x00000005c0000000,0x00000005c3c6a780,0x00000005cc000000)
GC Heap History (10 events):
Event: 71.975 GC heap before
{Heap before GC invocations=27 (full 7):
 PSYoungGen      total 1864704K, used 1185965K [0x0000000755500000, 0x0000000800000000, 0x0000000800000000)
  eden space 932864K, 99% used [0x0000000755500000,0x000000078e359158,0x000000078e400000)
  from space 931840K, 27% used [0x000000078e400000,0x000000079dbd24e0,0x00000007c7200000)
  to   space 931840K, 0% used [0x00000007c7200000,0x00000007c7200000,0x0000000800000000)
 ParOldGen       total 4819456K, used 3250676K [0x0000000600000000, 0x0000000726280000, 0x0000000755500000)
  object space 4819456K, 67% used [0x0000000600000000,0x00000006c667d0b8,0x0000000726280000)
 PSPermGen       total 196608K, used 61449K [0x00000005c0000000, 0x00000005cc000000, 0x0000000600000000)
  object space 196608K, 31% used [0x00000005c0000000,0x00000005c3c02498,0x00000005cc000000)
Event: 72.068 GC heap after
Heap after GC invocations=27 (full 7):
 PSYoungGen      total 1823744K, used 265386K [0x0000000755500000, 0x00000007fd800000, 0x0000000800000000)
  eden space 932864K, 0% used [0x0000000755500000,0x0000000755500000,0x000000078e400000)
  from space 890880K, 29% used [0x00000007c7200000,0x00000007d752ab80,0x00000007fd800000)
  to   space 911360K, 0% used [0x000000078e400000,0x000000078e400000,0x00000007c5e00000)
 ParOldGen       total 4819456K, used 3468100K [0x0000000600000000, 0x0000000726280000, 0x0000000755500000)
  object space 4819456K, 71% used [0x0000000600000000,0x00000006d3ad1098,0x0000000726280000)
 PSPermGen       total 196608K, used 61449K [0x00000005c0000000, 0x00000005cc000000, 0x0000000600000000)
  object space 196608K, 31% used [0x00000005c0000000,0x00000005c3c02498,0x00000005cc000000)
}
Event: 74.109 GC heap before
{Heap before GC invocations=28 (full 7):
 PSYoungGen      total 1823744K, used 1198055K [0x0000000755500000, 0x00000007fd800000, 0x0000000800000000)
  eden space 932864K, 99% used [0x0000000755500000,0x000000078e3cf1a8,0x000000078e400000)
  from space 890880K, 29% used [0x00000007c7200000,0x00000007d752ab80,0x00000007fd800000)
  to   space 911360K, 0% used [0x000000078e400000,0x000000078e400000,0x00000007c5e00000)
 ParOldGen       total 4819456K, used 3472685K [0x0000000600000000, 0x0000000726280000, 0x0000000755500000)
  object space 4819456K, 72% used [0x0000000600000000,0x00000006d3f4b438,0x0000000726280000)
 PSPermGen       total 196608K, used 61452K [0x00000005c0000000, 0x00000005cc000000, 0x0000000600000000)
  object space 196608K, 31% used [0x00000005c0000000,0x00000005c3c03028,0x00000005cc000000)
Event: 74.204 GC heap after
Heap after GC invocations=28 (full 7):
 PSYoungGen      total 1844224K, used 480288K [0x0000000755500000, 0x00000007ff500000, 0x0000000800000000)
  eden space 932864K, 0% used [0x0000000755500000,0x0000000755500000,0x000000078e400000)
  from space 911360K, 52% used [0x000000078e400000,0x00000007ab908070,0x00000007c5e00000)
  to   space 895488K, 0% used [0x00000007c8a80000,0x00000007c8a80000,0x00000007ff500000)
 ParOldGen       total 4819456K, used 3472685K [0x0000000600000000, 0x0000000726280000, 0x0000000755500000)
  object space 4819456K, 72% used [0x0000000600000000,0x00000006d3f4b438,0x0000000726280000)
 PSPermGen       total 196608K, used 61452K [0x00000005c0000000, 0x00000005cc000000, 0x0000000600000000)
  object space 196608K, 31% used [0x00000005c0000000,0x00000005c3c03028,0x00000005cc000000)
}
Event: 75.851 GC heap before
{Heap before GC invocations=29 (full 7):
 PSYoungGen      total 1844224K, used 1413152K [0x0000000755500000, 0x00000007ff500000, 0x0000000800000000)
  eden space 932864K, 100% used [0x0000000755500000,0x000000078e400000,0x000000078e400000)
  from space 911360K, 52% used [0x000000078e400000,0x00000007ab908070,0x00000007c5e00000)
  to   space 895488K, 0% used [0x00000007c8a80000,0x00000007c8a80000,0x00000007ff500000)
 ParOldGen       total 4819456K, used 3474975K [0x0000000600000000, 0x0000000726280000, 0x0000000755500000)
  object space 4819456K, 72% used [0x0000000600000000,0x00000006d4187c68,0x0000000726280000)
 PSPermGen       total 196608K, used 61479K [0x00000005c0000000, 0x00000005cc000000, 0x0000000600000000)
  object space 196608K, 31% used [0x00000005c0000000,0x00000005c3c09f30,0x00000005cc000000)
Event: 75.956 GC heap after
Heap after GC invocations=29 (full 7):
 PSYoungGen      total 1830400K, used 621088K [0x0000000755500000, 0x0000000800000000, 0x0000000800000000)
  eden space 934912K, 0% used [0x0000000755500000,0x0000000755500000,0x000000078e600000)
  from space 895488K, 69% used [0x00000007c8a80000,0x00000007ee908340,0x00000007ff500000)
  to   space 930816K, 0% used [0x000000078e600000,0x000000078e600000,0x00000007c7300000)
 ParOldGen       total 4819456K, used 3474975K [0x0000000600000000, 0x0000000726280000, 0x0000000755500000)
  object space 4819456K, 72% used [0x0000000600000000,0x00000006d4187c68,0x0000000726280000)
 PSPermGen       total 196608K, used 61479K [0x00000005c0000000, 0x00000005cc000000, 0x0000000600000000)
  object space 196608K, 31% used [0x00000005c0000000,0x00000005c3c09f30,0x00000005cc000000)
}
Event: 77.757 GC heap before
{Heap before GC invocations=30 (full 7):
 PSYoungGen      total 1830400K, used 1555926K [0x0000000755500000, 0x0000000800000000, 0x0000000800000000)
  eden space 934912K, 99% used [0x0000000755500000,0x000000078e5ed530,0x000000078e600000)
  from space 895488K, 69% used [0x00000007c8a80000,0x00000007ee908340,0x00000007ff500000)
  to   space 930816K, 0% used [0x000000078e600000,0x000000078e600000,0x00000007c7300000)
 ParOldGen       total 4819456K, used 3474975K [0x0000000600000000, 0x0000000726280000, 0x0000000755500000)
  object space 4819456K, 72% used [0x0000000600000000,0x00000006d4187c68,0x0000000726280000)
 PSPermGen       total 196608K, used 61531K [0x00000005c0000000, 0x00000005cc000000, 0x0000000600000000)
  object space 196608K, 31% used [0x00000005c0000000,0x00000005c3c16fb8,0x00000005cc000000)
Event: 77.890 GC heap after
Heap after GC invocations=30 (full 7):
 PSYoungGen      total 1741312K, used 806281K [0x0000000755500000, 0x0000000800000000, 0x0000000800000000)
  eden space 934912K, 0% used [0x0000000755500000,0x0000000755500000,0x000000078e600000)
  from space 806400K, 99% used [0x000000078e600000,0x00000007bf962650,0x00000007bf980000)
  to   space 931840K, 0% used [0x00000007c7200000,0x00000007c7200000,0x0000000800000000)
 ParOldGen       total 4819456K, used 3474975K [0x0000000600000000, 0x0000000726280000, 0x0000000755500000)
  object space 4819456K, 72% used [0x0000000600000000,0x00000006d4187c68,0x0000000726280000)
 PSPermGen       total 196608K, used 61531K [0x00000005c0000000, 0x00000005cc000000, 0x0000000600000000)
  object space 196608K, 31% used [0x00000005c0000000,0x00000005c3c16fb8,0x00000005cc000000)
}
Event: 1956.036 GC heap before
{Heap before GC invocations=31 (full 7):
 PSYoungGen      total 1741312K, used 1741052K [0x0000000755500000, 0x0000000800000000, 0x0000000800000000)
  eden space 934912K, 99% used [0x0000000755500000,0x000000078e5dcd00,0x000000078e600000)
  from space 806400K, 99% used [0x000000078e600000,0x00000007bf962650,0x00000007bf980000)
  to   space 931840K, 0% used [0x00000007c7200000,0x00000007c7200000,0x0000000800000000)
 ParOldGen       total 4819456K, used 3474975K [0x0000000600000000, 0x0000000726280000, 0x0000000755500000)
  object space 4819456K, 72% used [0x0000000600000000,0x00000006d4187c68,0x0000000726280000)
 PSPermGen       total 196608K, used 61865K [0x00000005c0000000, 0x00000005cc000000, 0x0000000600000000)
  object space 196608K, 31% used [0x00000005c0000000,0x00000005c3c6a780,0x00000005cc000000)
Event: 1956.169 GC heap after
Heap after GC invocations=31 (full 7):
 PSYoungGen      total 1864704K, used 461460K [0x0000000755500000, 0x0000000800000000, 0x0000000800000000)
  eden space 932864K, 0% used [0x0000000755500000,0x0000000755500000,0x000000078e400000)
  from space 931840K, 49% used [0x00000007c7200000,0x00000007e34a5228,0x0000000800000000)
  to   space 931840K, 0% used [0x000000078e400000,0x000000078e400000,0x00000007c7200000)
 ParOldGen       total 4819456K, used 3906906K [0x0000000600000000, 0x0000000726280000, 0x0000000755500000)
  object space 4819456K, 81% used [0x0000000600000000,0x00000006ee7569f8,0x0000000726280000)
 PSPermGen       total 196608K, used 61865K [0x00000005c0000000, 0x00000005cc000000, 0x0000000600000000)
  object space 196608K, 31% used [0x00000005c0000000,0x00000005c3c6a780,0x00000005cc000000)
}

