# JRE version: Java(TM) SE Runtime Environment (7.0_67-b01) (build 1.7.0_67-b01)
# Java VM: Java HotSpot(TM) 64-Bit Server VM (24.65-b04 mixed mode linux-amd64 )
Heap
 PSYoungGen      total 286208K, used 112264K [0x00002af732380000, 0x00002af749a00000, 0x00002af9cce80000)
  eden space 242688K, 37% used [0x00002af732380000,0x00002af737d38a68,0x00002af741080000)
  from space 43520K, 46% used [0x00002af744e80000,0x00002af746269640,0x00002af747900000)
  to   space 63488K, 0% used [0x00002af741080000,0x00002af741080000,0x00002af744e80000)
 ParOldGen       total 699392K, used 47791K [0x00002af1fce80000, 0x00002af227980000, 0x00002af732380000)
  object space 699392K, 6% used [0x00002af1fce80000,0x00002af1ffd2bed8,0x00002af227980000)
 PSPermGen       total 196608K, used 49346K [0x00002af17ce80000, 0x00002af188e80000, 0x00002af1fce80000)
  object space 196608K, 25% used [0x00002af17ce80000,0x00002af17feb0978,0x00002af188e80000)
GC Heap History (10 events):
Event: 10.846 GC heap before
{Heap before GC invocations=3 (full 0):
 PSYoungGen      total 306176K, used 282671K [0x00002af732380000, 0x00002af747900000, 0x00002af9cce80000)
  eden space 262656K, 100% used [0x00002af732380000,0x00002af742400000,0x00002af742400000)
  from space 43520K, 45% used [0x00002af744e80000,0x00002af74620bd30,0x00002af747900000)
  to   space 43520K, 0% used [0x00002af742400000,0x00002af742400000,0x00002af744e80000)
 ParOldGen       total 699392K, used 80K [0x00002af1fce80000, 0x00002af227980000, 0x00002af732380000)
  object space 699392K, 0% used [0x00002af1fce80000,0x00002af1fce94018,0x00002af227980000)
 PSPermGen       total 196608K, used 26549K [0x00002af17ce80000, 0x00002af188e80000, 0x00002af1fce80000)
  object space 196608K, 13% used [0x00002af17ce80000,0x00002af17e86d7b8,0x00002af188e80000)
Event: 10.874 GC heap after
Heap after GC invocations=3 (full 0):
 PSYoungGen      total 306176K, used 39628K [0x00002af732380000, 0x00002af747900000, 0x00002af9cce80000)
  eden space 262656K, 0% used [0x00002af732380000,0x00002af732380000,0x00002af742400000)
  from space 43520K, 91% used [0x00002af742400000,0x00002af744ab3100,0x00002af744e80000)
  to   space 43520K, 0% used [0x00002af744e80000,0x00002af744e80000,0x00002af747900000)
 ParOldGen       total 699392K, used 88K [0x00002af1fce80000, 0x00002af227980000, 0x00002af732380000)
  object space 699392K, 0% used [0x00002af1fce80000,0x00002af1fce96018,0x00002af227980000)
 PSPermGen       total 196608K, used 26549K [0x00002af17ce80000, 0x00002af188e80000, 0x00002af1fce80000)
  object space 196608K, 13% used [0x00002af17ce80000,0x00002af17e86d7b8,0x00002af188e80000)
}
Event: 14.537 GC heap before
{Heap before GC invocations=4 (full 0):
 PSYoungGen      total 306176K, used 302284K [0x00002af732380000, 0x00002af747900000, 0x00002af9cce80000)
  eden space 262656K, 100% used [0x00002af732380000,0x00002af742400000,0x00002af742400000)
  from space 43520K, 91% used [0x00002af742400000,0x00002af744ab3100,0x00002af744e80000)
  to   space 43520K, 0% used [0x00002af744e80000,0x00002af744e80000,0x00002af747900000)
 ParOldGen       total 699392K, used 88K [0x00002af1fce80000, 0x00002af227980000, 0x00002af732380000)
  object space 699392K, 0% used [0x00002af1fce80000,0x00002af1fce96018,0x00002af227980000)
 PSPermGen       total 196608K, used 32211K [0x00002af17ce80000, 0x00002af188e80000, 0x00002af1fce80000)
  object space 196608K, 16% used [0x00002af17ce80000,0x00002af17edf4fd0,0x00002af188e80000)
Event: 14.566 GC heap after
Heap after GC invocations=4 (full 0):
 PSYoungGen      total 306176K, used 43494K [0x00002af732380000, 0x00002af747900000, 0x00002af9cce80000)
  eden space 262656K, 0% used [0x00002af732380000,0x00002af732380000,0x00002af742400000)
  from space 43520K, 99% used [0x00002af744e80000,0x00002af7478f9bf8,0x00002af747900000)
  to   space 43520K, 0% used [0x00002af742400000,0x00002af742400000,0x00002af744e80000)
 ParOldGen       total 699392K, used 8327K [0x00002af1fce80000, 0x00002af227980000, 0x00002af732380000)
  object space 699392K, 1% used [0x00002af1fce80000,0x00002af1fd6a1fa8,0x00002af227980000)
 PSPermGen       total 196608K, used 32211K [0x00002af17ce80000, 0x00002af188e80000, 0x00002af1fce80000)
  object space 196608K, 16% used [0x00002af17ce80000,0x00002af17edf4fd0,0x00002af188e80000)
}
Event: 14.979 GC heap before
{Heap before GC invocations=5 (full 0):
 PSYoungGen      total 306176K, used 82928K [0x00002af732380000, 0x00002af747900000, 0x00002af9cce80000)
  eden space 262656K, 15% used [0x00002af732380000,0x00002af734a02648,0x00002af742400000)
  from space 43520K, 99% used [0x00002af744e80000,0x00002af7478f9bf8,0x00002af747900000)
  to   space 43520K, 0% used [0x00002af742400000,0x00002af742400000,0x00002af744e80000)
 ParOldGen       total 699392K, used 8327K [0x00002af1fce80000, 0x00002af227980000, 0x00002af732380000)
  object space 699392K, 1% used [0x00002af1fce80000,0x00002af1fd6a1fa8,0x00002af227980000)
 PSPermGen       total 196608K, used 32641K [0x00002af17ce80000, 0x00002af188e80000, 0x00002af1fce80000)
  object space 196608K, 16% used [0x00002af17ce80000,0x00002af17ee606b8,0x00002af188e80000)
Event: 14.993 GC heap after
Heap after GC invocations=5 (full 0):
 PSYoungGen      total 306176K, used 43501K [0x00002af732380000, 0x00002af747900000, 0x00002af9cce80000)
  eden space 262656K, 0% used [0x00002af732380000,0x00002af732380000,0x00002af742400000)
  from space 43520K, 99% used [0x00002af742400000,0x00002af744e7b4e0,0x00002af744e80000)
  to   space 43520K, 0% used [0x00002af744e80000,0x00002af744e80000,0x00002af747900000)
 ParOldGen       total 699392K, used 9975K [0x00002af1fce80000, 0x00002af227980000, 0x00002af732380000)
  object space 699392K, 1% used [0x00002af1fce80000,0x00002af1fd83dca8,0x00002af227980000)
 PSPermGen       total 196608K, used 32641K [0x00002af17ce80000, 0x00002af188e80000, 0x00002af1fce80000)
  object space 196608K, 16% used [0x00002af17ce80000,0x00002af17ee606b8,0x00002af188e80000)
}
Event: 14.993 GC heap before
{Heap before GC invocations=6 (full 1):
 PSYoungGen      total 306176K, used 43501K [0x00002af732380000, 0x00002af747900000, 0x00002af9cce80000)
  eden space 262656K, 0% used [0x00002af732380000,0x00002af732380000,0x00002af742400000)
  from space 43520K, 99% used [0x00002af742400000,0x00002af744e7b4e0,0x00002af744e80000)
  to   space 43520K, 0% used [0x00002af744e80000,0x00002af744e80000,0x00002af747900000)
 ParOldGen       total 699392K, used 9975K [0x00002af1fce80000, 0x00002af227980000, 0x00002af732380000)
  object space 699392K, 1% used [0x00002af1fce80000,0x00002af1fd83dca8,0x00002af227980000)
 PSPermGen       total 196608K, used 32641K [0x00002af17ce80000, 0x00002af188e80000, 0x00002af1fce80000)
  object space 196608K, 16% used [0x00002af17ce80000,0x00002af17ee606b8,0x00002af188e80000)
Event: 15.123 GC heap after
Heap after GC invocations=6 (full 1):
 PSYoungGen      total 306176K, used 0K [0x00002af732380000, 0x00002af747900000, 0x00002af9cce80000)
  eden space 262656K, 0% used [0x00002af732380000,0x00002af732380000,0x00002af742400000)
  from space 43520K, 0% used [0x00002af742400000,0x00002af742400000,0x00002af744e80000)
  to   space 43520K, 0% used [0x00002af744e80000,0x00002af744e80000,0x00002af747900000)
 ParOldGen       total 699392K, used 47783K [0x00002af1fce80000, 0x00002af227980000, 0x00002af732380000)
  object space 699392K, 6% used [0x00002af1fce80000,0x00002af1ffd29ed8,0x00002af227980000)
 PSPermGen       total 196608K, used 32623K [0x00002af17ce80000, 0x00002af188e80000, 0x00002af1fce80000)
  object space 196608K, 16% used [0x00002af17ce80000,0x00002af17ee5bff0,0x00002af188e80000)
}
Event: 19.629 GC heap before
{Heap before GC invocations=7 (full 1):
 PSYoungGen      total 306176K, used 262656K [0x00002af732380000, 0x00002af747900000, 0x00002af9cce80000)
  eden space 262656K, 100% used [0x00002af732380000,0x00002af742400000,0x00002af742400000)
  from space 43520K, 0% used [0x00002af742400000,0x00002af742400000,0x00002af744e80000)
  to   space 43520K, 0% used [0x00002af744e80000,0x00002af744e80000,0x00002af747900000)
 ParOldGen       total 699392K, used 47783K [0x00002af1fce80000, 0x00002af227980000, 0x00002af732380000)
  object space 699392K, 6% used [0x00002af1fce80000,0x00002af1ffd29ed8,0x00002af227980000)
 PSPermGen       total 196608K, used 43618K [0x00002af17ce80000, 0x00002af188e80000, 0x00002af1fce80000)
  object space 196608K, 22% used [0x00002af17ce80000,0x00002af17f918bc8,0x00002af188e80000)
Event: 19.642 GC heap after
Heap after GC invocations=7 (full 1):
 PSYoungGen      total 286208K, used 20389K [0x00002af732380000, 0x00002af749a00000, 0x00002af9cce80000)
  eden space 242688K, 0% used [0x00002af732380000,0x00002af732380000,0x00002af741080000)
  from space 43520K, 46% used [0x00002af744e80000,0x00002af746269640,0x00002af747900000)
  to   space 63488K, 0% used [0x00002af741080000,0x00002af741080000,0x00002af744e80000)
 ParOldGen       total 699392K, used 47791K [0x00002af1fce80000, 0x00002af227980000, 0x00002af732380000)
  object space 699392K, 6% used [0x00002af1fce80000,0x00002af1ffd2bed8,0x00002af227980000)
 PSPermGen       total 196608K, used 43618K [0x00002af17ce80000, 0x00002af188e80000, 0x00002af1fce80000)
  object space 196608K, 22% used [0x00002af17ce80000,0x00002af17f918bc8,0x00002af188e80000)
}

